Magma V2.26-12    Wed Feb 22 2023 16:25:27 on euler    [Seed = 3072517949]
Type ? for help.  Type <Ctrl>-D to quit.

Loading startup file "X0_127.m"

Loading "main.m"
Loading "new_models.m"
Loading "auxiliary.m"
Loading "Chabauty_MWSieve_new.m"
Loading "ChabautyHelp.m"
Loading "auxiliary.m"
Loading "rank_calcs.m"
Genus of X_0(127) is: 10
Considering X_0(127)/w_127.
rk J_0(N)(Q) = rk J_0(N)^+(Q).
Nice model for X_0(127) is: Curve over Rational Field defined by
x[1]^2 - x[4]^2 + 4*x[5]*x[6] + 8*x[6]^2 + 6*x[6]*x[7] + 6*x[7]^2 - 18*x[7]*x[8]
- 16*x[7]*x[9] + 2*x[7]*x[10] + 30*x[8]^2 - 34*x[8]*x[9] - 52*x[8]*x[10] + 
25*x[9]^2 + 50*x[9]*x[10] + x[10]^2,
x[1]*x[2] - x[4]*x[5] + 2*x[5]*x[6] + 3*x[6]^2 + 6*x[6]*x[7] - 5*x[7]*x[8] - 
12*x[7]*x[9] - 5*x[7]*x[10] + 10*x[8]^2 - 15*x[8]*x[9] - 16*x[8]*x[10] + 
16*x[9]^2 + 25*x[9]*x[10] - 12*x[10]^2,
x[1]*x[3] - x[5]^2 + x[5]*x[6] + x[6]^2 + 3*x[6]*x[7] + 3*x[7]^2 - 5*x[7]*x[8] -
9*x[7]*x[9] - 2*x[7]*x[10] + 12*x[8]^2 - 17*x[8]*x[9] - 22*x[8]*x[10] + 
12*x[9]^2 + 23*x[9]*x[10] + 4*x[10]^2,
x[1]*x[5] - x[2]*x[4] - 2*x[2]*x[9] - x[2]*x[10] - 2*x[3]*x[5] - x[3]*x[6] - 
x[3]*x[7] + x[3]*x[9] + 2*x[3]*x[10],
x[1]*x[6] - x[2]*x[9] - 2*x[2]*x[10] - x[3]*x[4] - x[3]*x[5] - 2*x[3]*x[6] - 
2*x[3]*x[7] + x[3]*x[10],
x[1]*x[7] - x[2]*x[9] - 2*x[2]*x[10] - x[3]*x[5] - x[3]*x[6] - 2*x[3]*x[7] + 
x[3]*x[8] + 2*x[3]*x[10],
x[1]*x[8] - x[2]*x[9] - 2*x[2]*x[10] - x[3]*x[6] - x[3]*x[7] - x[3]*x[9] + 
2*x[3]*x[10],
x[1]*x[9] - x[2]*x[9] - 2*x[2]*x[10] - x[3]*x[7] + x[3]*x[8] - x[3]*x[9],
x[1]*x[10] - x[3]*x[9],
x[2]^2 - x[5]^2 + 4*x[6]^2 + 2*x[6]*x[7] - 2*x[7]*x[8] - 4*x[7]*x[9] - 
4*x[7]*x[10] + 3*x[8]^2 - 18*x[8]*x[9] + 10*x[8]*x[10] + 18*x[9]^2 + 
12*x[9]*x[10] - 20*x[10]^2,
x[2]*x[3] - x[5]*x[6] + x[6]^2 + 3*x[6]*x[7] - x[7]*x[8] - 3*x[7]*x[9] - 
8*x[7]*x[10] + 4*x[8]^2 - 11*x[8]*x[9] - 3*x[8]*x[10] + 7*x[9]^2 + 18*x[9]*x[10]
- 6*x[10]^2,
x[2]*x[5] - x[2]*x[10] - x[3]*x[4] - x[3]*x[5] - x[3]*x[7] - x[3]*x[8] + 
x[3]*x[9] - x[3]*x[10],
x[2]*x[6] - x[2]*x[9] - x[3]*x[5] - x[3]*x[6] + 2*x[3]*x[10],
x[2]*x[7] - x[2]*x[9] - x[2]*x[10] - x[3]*x[6] - x[3]*x[7] + x[3]*x[8] + 
x[3]*x[9],
x[2]*x[8] - x[2]*x[9] - 2*x[2]*x[10] - x[3]*x[7] + x[3]*x[9],
x[3]^2 - x[6]^2 + 2*x[6]*x[7] + x[7]^2 - 4*x[7]*x[9] - 4*x[7]*x[10] + 5*x[8]^2 -
8*x[8]*x[9] - 12*x[8]*x[10] + 5*x[9]^2 + 12*x[9]*x[10] + 7*x[10]^2,
x[4]*x[6] - x[5]^2 + x[7]^2 + x[8]^2 + x[8]*x[9] - 2*x[8]*x[10] - x[9]^2 - 
2*x[9]*x[10] + 6*x[10]^2,
x[4]*x[7] - x[5]*x[6] + 2*x[7]^2 - x[7]*x[8] - x[7]*x[9] + 3*x[7]*x[10] + x[8]^2
+ 3*x[8]*x[9] - 7*x[8]*x[10] - 2*x[9]^2 - 2*x[9]*x[10] + 8*x[10]^2,
x[4]*x[8] - x[6]^2 + x[7]^2 - x[7]*x[9] + x[7]*x[10] + 2*x[8]^2 + 3*x[8]*x[9] - 
5*x[8]*x[10] - 2*x[9]^2 - 3*x[9]*x[10] + 8*x[10]^2,
x[4]*x[9] - x[6]*x[7] + x[7]^2 - x[7]*x[9] + 3*x[7]*x[10] + 3*x[8]*x[9] - 
2*x[8]*x[10] - 4*x[9]*x[10] + 4*x[10]^2,
x[4]*x[10] - x[7]*x[8] + x[7]*x[9] + x[8]^2 - 2*x[8]*x[10] - x[9]^2 + 
2*x[9]*x[10] + 3*x[10]^2,
x[5]*x[7] - x[6]^2 + 2*x[7]*x[8] - x[7]*x[9] - x[7]*x[10] - x[8]^2 + x[8]*x[9] +
3*x[8]*x[10] - 3*x[9]*x[10],
x[5]*x[8] - x[6]*x[7] + x[7]*x[8] - 2*x[7]*x[9] + 2*x[7]*x[10] + x[8]*x[9] - 
x[8]*x[10] + x[9]^2 - 2*x[9]*x[10],
x[5]*x[9] - x[7]^2 + x[7]*x[8] - x[7]*x[10] - 2*x[8]*x[9] + 3*x[8]*x[10] + 
2*x[9]^2 + x[9]*x[10] - 4*x[10]^2,
x[5]*x[10] - x[7]*x[9] + x[7]*x[10] + x[8]*x[9] - x[8]*x[10] - x[9]*x[10],
x[6]*x[8] - x[7]^2 + x[7]*x[9] - x[7]*x[10] - 3*x[8]*x[9] + 2*x[8]*x[10] + 
2*x[9]^2 + 3*x[9]*x[10] - 4*x[10]^2,
x[6]*x[9] - x[7]*x[8] + x[8]^2 - x[8]*x[9] - 2*x[8]*x[10] + 2*x[9]*x[10],
x[6]*x[10] - x[8]*x[9] + x[8]*x[10] + x[9]^2 - 2*x[10]^2

w_127 on X_0(127) is given by: Mapping from: Crv: XN to Crv: XN
with equations : 
x[1]
x[2]
x[3]
-x[4]
-x[5]
-x[6]
-x[7]
-x[8]
-x[9]
-x[10]
and inverse
x[1]
x[2]
x[3]
-x[4]
-x[5]
-x[6]
-x[7]
-x[8]
-x[9]
-x[10]
Genus of X_0(127) is 10
We have found these 2 cusps on X_0(127):
[
Place at (-1 : 0 : 0 : 1 : 0 : 0 : 0 : 0 : 0 : 0),
Place at (1 : 0 : 0 : 1 : 0 : 0 : 0 : 0 : 0 : 0)
]
We have found 3 points on X_0(127)^2(Q).
Computing torsion subgroup ...
Genus of the quotient is 3.
Performing Mordell-Weil sieve ...
p = 3 (1/9): Getting deg 1 places on Xp ...
Getting deg 2 places on Xp ...
Combining them into divisors ...
There are 22 of them!
out of 21: The number of possible cosets unknown points can land in is 5.
p = 5 (2/9): Getting deg 1 places on Xp ...
Getting deg 2 places on Xp ...
Combining them into divisors ...
There are 41 of them!
out of 5: ....The number of possible cosets unknown points can land in is 3.
p = 7 (3/9): Getting deg 1 places on Xp ...
Getting deg 2 places on Xp ...
Combining them into divisors ...
There are 164 of them!
out of 3: ..The number of possible cosets unknown points can land in is 3.
p = 11 (4/9): Getting deg 1 places on Xp ...
Getting deg 2 places on Xp ...
Combining them into divisors ...
There are 194 of them!
out of 3: ..The number of possible cosets unknown points can land in is 1.

For unknown Q in X_0(127)^2(Q) we have (1 - w_127)[Q - bp] is in a coset of 
Abelian Group of order 1 represented by an element of [
0
].
It follows that if there is an unknown Q in X_0(127)^2(Q), then (1 - w_127)[Q - 
bp] == 0.
This implies that [Q - bp] is fixed by w_127
Then Q ~ w_127(Q), which implies that Q = w_127(Q) because X_0(127) is not 
hyperelliptic.
Then either Q is a pullback, or it is fixed by w_127 pointwise.
If P = (X_i) is fixed by w_127,
then certain coordinates must be 0.
We find all such P by imposing these conditions and finding points on the 
scheme:
Scheme over Rational Field defined by
x[4]*x[9]*x[10] + 343/11*x[4]*x[10]^2 + 207/11*x[5]*x[10]^2 - 
155/11*x[6]*x[10]^2 + 124/11*x[7]*x[10]^2 - 21/11*x[8]^3 + 235/11*x[8]^2*x[10] -
510/11*x[8]*x[10]^2 + 20*x[9]^2*x[10] - 151/11*x[9]*x[10]^2 + 1332/11*x[10]^3,
x[4]*x[9]^2 - 20/3*x[4]*x[9]*x[10] - 52/3*x[4]*x[10]^2 - 8*x[5]*x[10]^2 + 
77/3*x[6]*x[10]^2 - 7/3*x[7]*x[10]^2 - 28/3*x[8]^2*x[10] + 34*x[8]*x[10]^2 - 
34/3*x[9]^2*x[10] - 47/3*x[9]*x[10]^2 - 101*x[10]^3,
x[4]*x[9]*x[10] - 7*x[4]*x[10]^2 + 11*x[6]*x[10]^2 + 2*x[7]*x[10]^2 - 
7*x[8]^2*x[10] + 18*x[8]*x[10]^2 + 3*x[9]^3 - 4*x[9]^2*x[10] - 2*x[9]*x[10]^2 - 
42*x[10]^3,
x[1]^2,
x[1]*x[2],
x[2]^2,
x[1]*x[3],
x[2]*x[3],
x[3]^2,
x[1]*x[4],
x[2]*x[4],
x[3]*x[4],
x[4]^2 - 42*x[4]*x[9] - 218*x[4]*x[10] - 100*x[5]*x[10] + 308*x[6]*x[10] - 
28*x[7]*x[10] - 144*x[8]^2 + 476*x[8]*x[10] - 127*x[9]^2 - 134*x[9]*x[10] - 
1259*x[10]^2,
x[1]*x[5],
x[2]*x[5],
x[3]*x[5],
x[4]*x[5] - 22*x[4]*x[9] - 101*x[4]*x[10] - 41*x[5]*x[10] + 132*x[6]*x[10] - 
12*x[7]*x[10] - 63*x[8]^2 + 204*x[8]*x[10] - 65*x[9]^2 - 59*x[9]*x[10] - 
558*x[10]^2,
x[4]*x[9] + 27/5*x[4]*x[10] - 1/10*x[5]^2 + 12/5*x[5]*x[10] - 8*x[6]*x[10] + 
3/5*x[7]*x[10] + 7/2*x[8]^2 - 58/5*x[8]*x[10] + 3*x[9]^2 + 17/5*x[9]*x[10] + 
157/5*x[10]^2,
x[1]*x[6],
x[2]*x[6],
x[3]*x[6],
x[4]*x[6] - 10*x[4]*x[9] - 50*x[4]*x[10] - 20*x[5]*x[10] + 79*x[6]*x[10] - 
4*x[7]*x[10] - 33*x[8]^2 + 112*x[8]*x[10] - 27*x[9]^2 - 37*x[9]*x[10] - 
298*x[10]^2,
x[4]*x[9] + 23/5*x[4]*x[10] - 1/5*x[5]*x[6] + 11/5*x[5]*x[10] - 29/5*x[6]*x[10] 
+ 2/5*x[7]*x[10] + 14/5*x[8]^2 - 9*x[8]*x[10] + 14/5*x[9]^2 + 3*x[9]*x[10] + 
124/5*x[10]^2,
x[4]*x[9] + 6*x[4]*x[10] + 3*x[5]*x[10] - 1/2*x[6]^2 - 7*x[6]*x[10] + x[7]*x[10]
+ 4*x[8]^2 - 27/2*x[8]*x[10] + 3*x[9]^2 + 7/2*x[9]*x[10] + 67/2*x[10]^2,
x[1]*x[7],
x[2]*x[7],
x[3]*x[7],
x[4]*x[7] - 5*x[4]*x[9] - 16*x[4]*x[10] - 5*x[5]*x[10] + 26*x[6]*x[10] + 
3*x[7]*x[10] - 12*x[8]^2 + 37*x[8]*x[10] - 8*x[9]^2 - 19*x[9]*x[10] - 
97*x[10]^2,
x[4]*x[9] + 5*x[4]*x[10] - 1/2*x[5]*x[7] + 5/2*x[5]*x[10] - 8*x[6]*x[10] + 
x[7]*x[10] + 7/2*x[8]^2 - 27/2*x[8]*x[10] + 3*x[9]^2 + 7/2*x[9]*x[10] + 
65/2*x[10]^2,
x[4]*x[9] + 4*x[4]*x[10] + 3*x[5]*x[10] - x[6]*x[7] + 4*x[7]*x[10] + x[8]^2 - 
2*x[8]*x[10] + 5*x[9]^2 - 4*x[9]*x[10] + 12*x[10]^2,
x[4]*x[10] + x[5]*x[10] - 1/2*x[6]*x[10] - 1/4*x[7]^2 + 1/2*x[7]*x[10] + 
1/4*x[8]^2 - 3/4*x[8]*x[10] + 3/4*x[9]^2 - 1/4*x[9]*x[10] + 3*x[10]^2,
x[1]*x[8],
x[2]*x[8],
x[3]*x[8],
x[4]*x[8] - 2*x[4]*x[9] - 8*x[4]*x[10] - 3*x[5]*x[10] + 14*x[6]*x[10] - 5*x[8]^2
+ 22*x[8]*x[10] - 3*x[9]^2 - 10*x[9]*x[10] - 51*x[10]^2,
x[4]*x[9] + 3*x[4]*x[10] - x[5]*x[8] + 4*x[5]*x[10] + 3*x[7]*x[10] + 5*x[9]^2 - 
5*x[9]*x[10] + 9*x[10]^2,
x[4]*x[10] + 3/4*x[5]*x[10] - 1/4*x[6]*x[8] + 1/2*x[7]*x[10] + 1/4*x[8]^2 - 
1/2*x[8]*x[10] + 3/4*x[9]^2 - 3/4*x[9]*x[10] + 3*x[10]^2,
x[4]*x[10] + x[5]*x[10] + x[6]*x[10] - x[7]*x[8] + x[7]*x[10] + x[8]^2 - 
2*x[8]*x[10] + x[9]*x[10] + x[10]^2,
x[1]*x[9],
x[2]*x[9],
x[3]*x[9],
x[4]*x[10] - 1/3*x[5]*x[9] + x[5]*x[10] - 1/3*x[6]*x[10] + 2/3*x[7]*x[10] - 
2/3*x[8]*x[10] + x[9]^2 - x[9]*x[10] + 11/3*x[10]^2,
x[4]*x[10] + x[5]*x[10] - x[6]*x[9] + 2*x[6]*x[10] + x[7]*x[10] + x[8]*x[10] + 
x[9]^2 - x[9]*x[10] - x[10]^2,
x[5]*x[10] + x[6]*x[10] - x[7]*x[9] + x[7]*x[10] + x[9]^2 - x[9]*x[10] - 
2*x[10]^2,
x[6]*x[10] - x[8]*x[9] + x[8]*x[10] + x[9]^2 - 2*x[10]^2,
x[1]*x[10],
x[2]*x[10],
x[3]*x[10]

All such P are:
{@ (0 : 0 : 0 : -22/25*r1^4 + 424/75*r1^3 - 716/75*r1^2 - 11/25*r1 - 239/75 : 
6/5*r1^4 - 39/5*r1^3 + 193/15*r1^2 - 16/15*r1 + 2/15 : -1/5*r1^4 + 22/15*r1^3 - 
28/15*r1^2 - 34/15*r1 + 6/5 : 1/5*r1^4 - 7/15*r1^3 - 37/15*r1^2 + 33/5*r1 + 
17/15 : -8/25*r1^4 + 161/75*r1^3 - 83/25*r1^2 + 38/75*r1 + 4/75 : r1 : 1), (0 : 
0 : 0 : -22/25*r2^4 + 424/75*r2^3 - 716/75*r2^2 - 11/25*r2 - 239/75 : 6/5*r2^4 -
39/5*r2^3 + 193/15*r2^2 - 16/15*r2 + 2/15 : -1/5*r2^4 + 22/15*r2^3 - 28/15*r2^2 
- 34/15*r2 + 6/5 : 1/5*r2^4 - 7/15*r2^3 - 37/15*r2^2 + 33/5*r2 + 17/15 : 
-8/25*r2^4 + 161/75*r2^3 - 83/25*r2^2 + 38/75*r2 + 4/75 : r2 : 1), (0 : 0 : 0 : 
-22/25*r3^4 + 424/75*r3^3 - 716/75*r3^2 - 11/25*r3 - 239/75 : 6/5*r3^4 - 
39/5*r3^3 + 193/15*r3^2 - 16/15*r3 + 2/15 : -1/5*r3^4 + 22/15*r3^3 - 28/15*r3^2 
- 34/15*r3 + 6/5 : 1/5*r3^4 - 7/15*r3^3 - 37/15*r3^2 + 33/5*r3 + 17/15 : 
-8/25*r3^4 + 161/75*r3^3 - 83/25*r3^2 + 38/75*r3 + 4/75 : r3 : 1), (0 : 0 : 0 : 
-22/25*r4^4 + 424/75*r4^3 - 716/75*r4^2 - 11/25*r4 - 239/75 : 6/5*r4^4 - 
39/5*r4^3 + 193/15*r4^2 - 16/15*r4 + 2/15 : -1/5*r4^4 + 22/15*r4^3 - 28/15*r4^2 
- 34/15*r4 + 6/5 : 1/5*r4^4 - 7/15*r4^3 - 37/15*r4^2 + 33/5*r4 + 17/15 : 
-8/25*r4^4 + 161/75*r4^3 - 83/25*r4^2 + 38/75*r4 + 4/75 : r4 : 1), (0 : 0 : 0 : 
-22/25*r5^4 + 424/75*r5^3 - 716/75*r5^2 - 11/25*r5 - 239/75 : 6/5*r5^4 - 
39/5*r5^3 + 193/15*r5^2 - 16/15*r5 + 2/15 : -1/5*r5^4 + 22/15*r5^3 - 28/15*r5^2 
- 34/15*r5 + 6/5 : 1/5*r5^4 - 7/15*r5^3 - 37/15*r5^2 + 33/5*r5 + 17/15 : 
-8/25*r5^4 + 161/75*r5^3 - 83/25*r5^2 + 38/75*r5 + 4/75 : r5 : 1), (0 : 0 : 0 : 
-10/21*r6^4 + 44/7*r6^3 - 60/7*r6^2 + 39/7*r6 - 89/21 : 2/3*r6^4 - 7*r6^3 + 
11*r6^2 - 8*r6 + 10/3 : -3/7*r6^4 + 34/7*r6^3 - 40/7*r6^2 + 26/7*r6 + 2/7 : 
5/21*r6^4 - 15/7*r6^3 - 5/7*r6^2 + 19/7*r6 - 29/21 : 4/7*r6^4 - 43/7*r6^3 + 
51/7*r6^2 - 30/7*r6 + 16/7 : r6 : 1), (0 : 0 : 0 : -10/21*r7^4 + 44/7*r7^3 - 
60/7*r7^2 + 39/7*r7 - 89/21 : 2/3*r7^4 - 7*r7^3 + 11*r7^2 - 8*r7 + 10/3 : 
-3/7*r7^4 + 34/7*r7^3 - 40/7*r7^2 + 26/7*r7 + 2/7 : 5/21*r7^4 - 15/7*r7^3 - 
5/7*r7^2 + 19/7*r7 - 29/21 : 4/7*r7^4 - 43/7*r7^3 + 51/7*r7^2 - 30/7*r7 + 16/7 :
r7 : 1), (0 : 0 : 0 : -10/21*r8^4 + 44/7*r8^3 - 60/7*r8^2 + 39/7*r8 - 89/21 : 
2/3*r8^4 - 7*r8^3 + 11*r8^2 - 8*r8 + 10/3 : -3/7*r8^4 + 34/7*r8^3 - 40/7*r8^2 + 
26/7*r8 + 2/7 : 5/21*r8^4 - 15/7*r8^3 - 5/7*r8^2 + 19/7*r8 - 29/21 : 4/7*r8^4 - 
43/7*r8^3 + 51/7*r8^2 - 30/7*r8 + 16/7 : r8 : 1), (0 : 0 : 0 : -10/21*r9^4 + 
44/7*r9^3 - 60/7*r9^2 + 39/7*r9 - 89/21 : 2/3*r9^4 - 7*r9^3 + 11*r9^2 - 8*r9 + 
10/3 : -3/7*r9^4 + 34/7*r9^3 - 40/7*r9^2 + 26/7*r9 + 2/7 : 5/21*r9^4 - 15/7*r9^3
- 5/7*r9^2 + 19/7*r9 - 29/21 : 4/7*r9^4 - 43/7*r9^3 + 51/7*r9^2 - 30/7*r9 + 16/7
: r9 : 1), (0 : 0 : 0 : -10/21*r10^4 + 44/7*r10^3 - 60/7*r10^2 + 39/7*r10 - 
89/21 : 2/3*r10^4 - 7*r10^3 + 11*r10^2 - 8*r10 + 10/3 : -3/7*r10^4 + 34/7*r10^3 
- 40/7*r10^2 + 26/7*r10 + 2/7 : 5/21*r10^4 - 15/7*r10^3 - 5/7*r10^2 + 19/7*r10 -
29/21 : 4/7*r10^4 - 43/7*r10^3 + 51/7*r10^2 - 30/7*r10 + 16/7 : r10 : 1) @}
The degrees of these points are [] (or > 2).
Hence there are no quadratic points on X_0(127) not coming from pullbacks of 
rationals, except the points you forwarded: [].
done

Total time: 93.700 seconds, Total memory usage: 248.78MB
