Magma V2.26-12    Wed Feb 22 2023 16:08:46 on euler    [Seed = 2634600710]
Type ? for help.  Type <Ctrl>-D to quit.

Loading startup file "X0_109.m"

Loading "main.m"
Loading "new_models.m"
Loading "auxiliary.m"
Loading "Chabauty_MWSieve_new.m"
Loading "ChabautyHelp.m"
Loading "auxiliary.m"
Loading "rank_calcs.m"
Genus of X_0(109) is: 8
Considering X_0(109)/w_109.
rk J_0(N)(Q) = rk J_0(N)^+(Q).
Nice model for X_0(109) is: Curve over Rational Field defined by
x[1]^2 - x[4]^2 + 8*x[4]*x[7] + 4*x[5]^2 - 8*x[5]*x[6] + 4*x[6]^2 + 16*x[6]*x[7]
- 16*x[6]*x[8] - 4*x[7]^2 + 16*x[8]^2,
x[1]*x[2] - x[4]*x[5] + 6*x[4]*x[7] + x[5]^2 - 4*x[5]*x[6] - 2*x[5]*x[7] + 
3*x[6]^2 + 12*x[6]*x[7] - 8*x[6]*x[8] - 3*x[7]^2 - 2*x[7]*x[8] + 13*x[8]^2,
x[1]*x[3] + 7*x[4]*x[7] - 8*x[5]*x[6] + 2*x[5]*x[7] + 10*x[6]*x[7] - 8*x[6]*x[8]
+ 2*x[7]^2 + 8*x[8]^2,
x[1]*x[5] - x[2]*x[4] - x[2]*x[5] - x[2]*x[6] + 2*x[3]*x[4] + x[3]*x[6] - 
x[3]*x[7],
x[1]*x[6] - x[2]*x[5] - x[2]*x[6] + x[3]*x[5] + x[3]*x[8],
x[1]*x[7] - x[3]*x[4] - 2*x[3]*x[5] - 2*x[3]*x[6] - 2*x[3]*x[7],
x[1]*x[8] - x[3]*x[5] - x[3]*x[6] - x[3]*x[7] - x[3]*x[8],
x[2]^2 + 4*x[4]*x[7] - x[5]^2 - 2*x[5]*x[6] - 4*x[5]*x[7] + 3*x[6]^2 + 
10*x[6]*x[7] - 4*x[6]*x[8] - 8*x[7]*x[8] + 17*x[8]^2,
x[2]*x[3] + 4*x[4]*x[7] - 4*x[5]*x[6] - x[5]*x[7] + 7*x[6]*x[7] - 4*x[6]*x[8] + 
2*x[7]^2 - 3*x[7]*x[8] + 8*x[8]^2,
x[2]*x[7] - x[3]*x[5] - x[3]*x[6] - 2*x[3]*x[7] + x[3]*x[8],
x[2]*x[8] - x[3]*x[6] - 2*x[3]*x[8],
x[3]^2 + 4*x[4]*x[7] - 4*x[5]*x[6] + 4*x[6]*x[7] - 4*x[6]*x[8] + 3*x[7]^2 + 
4*x[8]^2,
x[4]*x[6] - x[5]^2 - x[5]*x[7] + x[6]^2 + x[6]*x[7] + x[7]*x[8] + x[8]^2,
x[4]*x[8] - x[5]*x[7] + x[6]*x[7] - x[7]^2 + x[7]*x[8] + 2*x[8]^2,
x[5]*x[8] - x[6]*x[7] + x[6]*x[8] - x[8]^2

w_109 on X_0(109) is given by: Mapping from: Crv: XN to Crv: XN
with equations : 
x[1]
x[2]
x[3]
-x[4]
-x[5]
-x[6]
-x[7]
-x[8]
and inverse
x[1]
x[2]
x[3]
-x[4]
-x[5]
-x[6]
-x[7]
-x[8]
Genus of X_0(109) is 8
We have found these 2 cusps on X_0(109):
[
Place at (1 : 0 : 0 : 1 : 0 : 0 : 0 : 0),
Place at (-1 : 0 : 0 : 1 : 0 : 0 : 0 : 0)
]
We have found 3 points on X_0(109)^2(Q).
Computing torsion subgroup ...
Genus of the quotient is 3.
Performing Mordell-Weil sieve ...
p = 3 (1/9): Getting deg 1 places on Xp ...
Getting deg 2 places on Xp ...
Combining them into divisors ...
There are 23 of them!
out of 9: The number of possible cosets unknown points can land in is 5.
p = 5 (2/9): Getting deg 1 places on Xp ...
Getting deg 2 places on Xp ...
Combining them into divisors ...
There are 62 of them!
out of 5: ....The number of possible cosets unknown points can land in is 1.

For unknown Q in X_0(109)^2(Q) we have (1 - w_109)[Q - bp] is in a coset of 
Abelian Group of order 1 represented by an element of [
0
].
It follows that if there is an unknown Q in X_0(109)^2(Q), then (1 - w_109)[Q - 
bp] == 0.
This implies that [Q - bp] is fixed by w_109
Then Q ~ w_109(Q), which implies that Q = w_109(Q) because X_0(109) is not 
hyperelliptic.
Then either Q is a pullback, or it is fixed by w_109 pointwise.
If P = (X_i) is fixed by w_109,
then certain coordinates must be 0.
We find all such P by imposing these conditions and finding points on the 
scheme:
Scheme over Rational Field defined by
x[5]*x[8]^2 - 3/52*x[6]^3 + 7/26*x[6]^2*x[8] + 37/52*x[6]*x[8]^2 - 
147/208*x[7]^2*x[8] - 3/4*x[7]*x[8]^2 + 11/52*x[8]^3,
x[5]*x[8]^2 - 1/5*x[6]^2*x[8] + 17/15*x[6]*x[8]^2 - 7/20*x[7]^3 - 
1/60*x[7]^2*x[8] - 13/15*x[7]*x[8]^2 - 2/15*x[8]^3,
x[1]^2,
x[1]*x[2],
x[2]^2,
x[1]*x[3],
x[2]*x[3],
x[3]^2,
x[1]*x[4],
x[2]*x[4],
x[3]*x[4],
x[4]^2 - 56*x[5]*x[8] - 16*x[6]^2 - 40*x[6]*x[8] + 48*x[7]^2 + 32*x[7]*x[8] - 
12*x[8]^2,
x[1]*x[5],
x[2]*x[5],
x[3]*x[5],
x[4]*x[5] - 30*x[5]*x[8] - 6*x[6]^2 - 24*x[6]*x[8] + 51/2*x[7]^2 + 16*x[7]*x[8] 
- 2*x[8]^2,
x[5]^2 - 12*x[5]*x[8] - 3*x[6]^2 - 10*x[6]*x[8] + 19/2*x[7]^2 + 8*x[7]*x[8] - 
3*x[8]^2,
x[1]*x[6],
x[2]*x[6],
x[3]*x[6],
x[4]*x[6] - 14*x[5]*x[8] - 2*x[6]^2 - 12*x[6]*x[8] + 21/2*x[7]^2 + 12*x[7]*x[8] 
- 4*x[8]^2,
x[5]*x[6] - 9*x[5]*x[8] - 8*x[6]*x[8] + 21/4*x[7]^2 + 6*x[7]*x[8],
x[1]*x[7],
x[2]*x[7],
x[3]*x[7],
x[4]*x[7] - 8*x[5]*x[8] - 8*x[6]*x[8] + 6*x[7]^2 + 6*x[7]*x[8],
x[5]*x[7] - 3*x[5]*x[8] - 3*x[6]*x[8] + x[7]^2 + 3*x[7]*x[8] - x[8]^2,
x[5]*x[8] - x[6]*x[7] + x[6]*x[8] - x[8]^2,
x[1]*x[8],
x[2]*x[8],
x[3]*x[8],
x[4]*x[8] - 2*x[5]*x[8] - 2*x[6]*x[8] + 4*x[7]*x[8]

All such P are:
{@ (0 : 0 : 0 : 1/8*r1^5 - 5/42*r1^4 + 2/7*r1^3 + 6/7*r1^2 - 18/7*r1 + 2/21 : 
3/8*r1^5 - 187/112*r1^4 + 59/28*r1^3 - 3/7*r1^2 + 2/7*r1 + 2/7 : -5/16*r1^5 + 
541/336*r1^4 - 55/28*r1^3 + 6/7*r1^2 + 3/7*r1 - 5/21 : r1 : 1), (0 : 0 : 0 : 
1/8*r2^5 - 5/42*r2^4 + 2/7*r2^3 + 6/7*r2^2 - 18/7*r2 + 2/21 : 3/8*r2^5 - 
187/112*r2^4 + 59/28*r2^3 - 3/7*r2^2 + 2/7*r2 + 2/7 : -5/16*r2^5 + 541/336*r2^4 
- 55/28*r2^3 + 6/7*r2^2 + 3/7*r2 - 5/21 : r2 : 1), (0 : 0 : 0 : 1/8*r3^5 - 
5/42*r3^4 + 2/7*r3^3 + 6/7*r3^2 - 18/7*r3 + 2/21 : 3/8*r3^5 - 187/112*r3^4 + 
59/28*r3^3 - 3/7*r3^2 + 2/7*r3 + 2/7 : -5/16*r3^5 + 541/336*r3^4 - 55/28*r3^3 + 
6/7*r3^2 + 3/7*r3 - 5/21 : r3 : 1), (0 : 0 : 0 : 1/8*r4^5 - 5/42*r4^4 + 2/7*r4^3
+ 6/7*r4^2 - 18/7*r4 + 2/21 : 3/8*r4^5 - 187/112*r4^4 + 59/28*r4^3 - 3/7*r4^2 + 
2/7*r4 + 2/7 : -5/16*r4^5 + 541/336*r4^4 - 55/28*r4^3 + 6/7*r4^2 + 3/7*r4 - 5/21
: r4 : 1), (0 : 0 : 0 : 1/8*r5^5 - 5/42*r5^4 + 2/7*r5^3 + 6/7*r5^2 - 18/7*r5 + 
2/21 : 3/8*r5^5 - 187/112*r5^4 + 59/28*r5^3 - 3/7*r5^2 + 2/7*r5 + 2/7 : 
-5/16*r5^5 + 541/336*r5^4 - 55/28*r5^3 + 6/7*r5^2 + 3/7*r5 - 5/21 : r5 : 1), (0 
: 0 : 0 : 1/8*r6^5 - 5/42*r6^4 + 2/7*r6^3 + 6/7*r6^2 - 18/7*r6 + 2/21 : 3/8*r6^5
- 187/112*r6^4 + 59/28*r6^3 - 3/7*r6^2 + 2/7*r6 + 2/7 : -5/16*r6^5 + 
541/336*r6^4 - 55/28*r6^3 + 6/7*r6^2 + 3/7*r6 - 5/21 : r6 : 1) @}
The degrees of these points are [] (or > 2).
Hence there are no quadratic points on X_0(109) not coming from pullbacks of 
rationals, except the points you forwarded: [].
done

Total time: 13.509 seconds, Total memory usage: 216.75MB
