Magma V2.26-12    Wed Feb 22 2023 16:06:46 on euler    [Seed = 1660366465]
Type ? for help.  Type <Ctrl>-D to quit.

Loading startup file "X0_86.m"

Loading "main.m"
Loading "new_models.m"
Loading "auxiliary.m"
Loading "Chabauty_MWSieve_new.m"
Loading "ChabautyHelp.m"
Loading "auxiliary.m"
Loading "rank_calcs.m"
Genus of X_0(86) is: 10
Considering X_0(86)/w_43.
rk J_0(86)(Q) = rk J_0(86)(Q)/w_43 
Nice model for X_0(86) is: Curve over Rational Field defined by
x[1]^2 - x[6]^2 + 4*x[6]*x[8] + 8*x[7]*x[8] + 4*x[8]^2,
x[1]*x[2] - x[6]*x[9],
x[1]*x[3] - x[7]*x[9] + 2*x[7]*x[10] - 2*x[8]*x[9] + x[8]*x[10],
x[1]*x[4] - x[8]*x[9],
x[1]*x[5] - x[8]*x[10],
x[1]*x[6] - x[2]*x[9] - 4*x[5]*x[9] + 4*x[5]*x[10],
x[1]*x[7] - x[3]*x[9] + 2*x[3]*x[10] - 2*x[4]*x[9] + 3*x[5]*x[9] - 2*x[5]*x[10],
x[1]*x[8] - 4*x[3]*x[10] + 3*x[4]*x[9] - 4*x[5]*x[9],
x[1]*x[9] - x[2]*x[6] + 4*x[4]*x[6] - 4*x[4]*x[8] + 8*x[5]*x[6] + 16*x[5]*x[7] +
8*x[5]*x[8],
x[1]*x[10] - x[3]*x[6] + x[4]*x[6] + 4*x[5]*x[6] + 8*x[5]*x[7] + 4*x[5]*x[8],
1849*x[2]^2 - 880*x[6]^2 - 1960*x[6]*x[7] - 36*x[6]*x[8] - 1224*x[7]^2 + 
336*x[7]*x[8] + 268*x[8]^2 - 969*x[9]^2 + 1960*x[9]*x[10] - 656*x[10]^2,
1849*x[2]*x[3] - 210*x[6]^2 - 972*x[6]*x[7] - 765*x[6]*x[8] - 124*x[7]^2 - 
256*x[7]*x[8] + 148*x[8]^2 + 210*x[9]^2 - 877*x[9]*x[10] + 852*x[10]^2,
1849*x[2]*x[4] + 36*x[6]^2 - 256*x[6]*x[7] - 133*x[6]*x[8] - 824*x[7]^2 - 
1224*x[7]*x[8] - 448*x[8]^2 - 36*x[9]^2 + 256*x[9]*x[10] - 780*x[10]^2,
3698*x[2]*x[5] - 585*x[6]^2 + 462*x[6]*x[7] - 150*x[6]*x[8] + 2296*x[7]^2 + 
1400*x[7]*x[8] - 116*x[8]^2 + 585*x[9]^2 - 462*x[9]*x[10] - 268*x[10]^2,
x[2]*x[7] - x[3]*x[6] + x[5]*x[6] + 2*x[5]*x[7],
x[2]*x[8] - x[4]*x[6],
x[2]*x[10] - x[3]*x[9] + x[4]*x[9],
1849*x[3]^2 + 160*x[6]^2 - 316*x[6]*x[7] - 1002*x[6]*x[8] - 786*x[7]^2 - 
1742*x[7]*x[8] - 553*x[8]^2 - 160*x[9]^2 + 316*x[9]*x[10] - 385*x[10]^2,
3698*x[3]*x[4] - 319*x[6]^2 + 214*x[6]*x[7] - 1030*x[6]*x[8] + 1960*x[7]^2 - 
248*x[7]*x[8] - 550*x[8]^2 + 319*x[9]^2 - 214*x[9]*x[10] + 132*x[10]^2,
7396*x[3]*x[5] + 99*x[6]^2 - 704*x[6]*x[7] - 828*x[6]*x[8] + 1432*x[7]^2 + 
332*x[7]*x[8] - 1232*x[8]^2 - 99*x[9]^2 + 704*x[9]*x[10] - 296*x[10]^2,
x[3]*x[7] - x[4]*x[6] + x[4]*x[8] - x[5]*x[7] - x[5]*x[8],
x[3]*x[8] - x[4]*x[8] - x[5]*x[6],
1849*x[4]^2 + 133*x[6]^2 - 124*x[6]*x[7] - 440*x[6]*x[8] - 168*x[7]^2 - 
824*x[7]*x[8] - 217*x[8]^2 - 133*x[9]^2 + 124*x[9]*x[10] + 200*x[10]^2,
1849*x[4]*x[5] + 75*x[6]^2 + 83*x[6]*x[7] - 123*x[6]*x[8] - 484*x[7]^2 - 
701*x[7]*x[8] - 317*x[8]^2 - 75*x[9]^2 - 83*x[9]*x[10] + 224*x[10]^2,
x[4]*x[7] + x[4]*x[8] - x[5]*x[6] - 2*x[5]*x[7] - x[5]*x[8],
x[4]*x[10] - x[5]*x[9],
1849*x[5]^2 + 84*x[6]^2 + 19*x[6]*x[7] + 306*x[6]*x[8] - 690*x[7]^2 - 
1007*x[7]*x[8] - 429*x[8]^2 - 84*x[9]^2 - 19*x[9]*x[10] + 29*x[10]^2,
x[6]*x[10] - x[7]*x[9] + 2*x[7]*x[10] - x[8]*x[9] + x[8]*x[10]

w_43 on X_0(86) is given by: Mapping from: Crv: XN to Crv: XN
with equations : 
x[1]
-x[2]
-x[3]
-x[4]
-x[5]
x[6]
x[7]
x[8]
-x[9]
-x[10]
and inverse
x[1]
-x[2]
-x[3]
-x[4]
-x[5]
x[6]
x[7]
x[8]
-x[9]
-x[10]
Genus of X_0(86) is 10
We have found these 4 cusps on X_0(86):
[
Place at (-1 : 1 : 0 : 0 : 0 : -1 : 0 : 0 : 1 : 0),
Place at (1 : -1 : 0 : 0 : 0 : -1 : 0 : 0 : 1 : 0),
Place at (-1 : -1 : 0 : 0 : 0 : 1 : 0 : 0 : 1 : 0),
Place at (1 : 1 : 0 : 0 : 0 : 1 : 0 : 0 : 1 : 0)
]
We have found 12 points on X_0(86)^2(Q).
Computing torsion subgroup ...
Genus of the quotient is 4.
Performing Mordell-Weil sieve ...
p = 3 (1/8): Getting deg 1 places on Xp ...
Getting deg 2 places on Xp ...
Combining them into divisors ...
There are 52 of them!
out of 147: ....The number of possible cosets unknown points can land in is 13.
p = 5 (2/8): Getting deg 1 places on Xp ...
Getting deg 2 places on Xp ...
Combining them into divisors ...
There are 42 of them!
out of 13: ..............The number of possible cosets unknown points can land in is 5.
p = 11 (3/8): Getting deg 1 places on Xp ...
Getting deg 2 places on Xp ...
Combining them into divisors ...
There are 218 of them!
out of 5: ..The number of possible cosets unknown points can land in is 1.

For unknown Q in X_0(86)^2(Q) we have (1 - w_86)[Q - bp] is in a coset of 
Abelian Group of order 1 represented by an element of [
0
].
It follows that if there is an unknown Q in X_0(86)^2(Q), then (1 - w_43)[Q - 
bp] == 0.
This implies that [Q - bp] is fixed by w_86
Then Q ~ w_43(Q), which implies that Q = w_43(Q) because X_0(86) is not 
hyperelliptic.
Then either Q is a pullback, or it is fixed by w_43 pointwise.
If P = (X_i) is fixed by w_43,
then certain coordinates must be 0.
We find all such P by imposing these conditions and finding points on the 
scheme:
Scheme over Rational Field defined by
x[9]^3 - 2/3*x[9]^2*x[10] - 4/3*x[9]*x[10]^2 + 8/3*x[10]^3,
x[1]^2,
x[1]*x[2],
x[2]^2 - 969/1849*x[9]^2 + 1960/1849*x[9]*x[10] - 656/1849*x[10]^2,
x[1]*x[3],
x[2]*x[3] + 210/1849*x[9]^2 - 877/1849*x[9]*x[10] + 852/1849*x[10]^2,
x[3]^2 - 160/1849*x[9]^2 + 316/1849*x[9]*x[10] - 385/1849*x[10]^2,
x[1]*x[4],
x[2]*x[4] - 36/1849*x[9]^2 + 256/1849*x[9]*x[10] - 780/1849*x[10]^2,
x[3]*x[4] + 319/3698*x[9]^2 - 107/1849*x[9]*x[10] + 66/1849*x[10]^2,
x[4]^2 - 133/1849*x[9]^2 + 124/1849*x[9]*x[10] + 200/1849*x[10]^2,
x[1]*x[5],
x[2]*x[5] + 585/3698*x[9]^2 - 231/1849*x[9]*x[10] - 134/1849*x[10]^2,
x[3]*x[5] - 99/7396*x[9]^2 + 176/1849*x[9]*x[10] - 74/1849*x[10]^2,
x[4]*x[5] - 75/1849*x[9]^2 - 83/1849*x[9]*x[10] + 224/1849*x[10]^2,
x[5]^2 - 84/1849*x[9]^2 - 19/1849*x[9]*x[10] + 29/1849*x[10]^2,
x[1]*x[6],
x[2]*x[6],
x[3]*x[6],
x[4]*x[6],
x[5]*x[6],
x[6]^2,
x[1]*x[7],
x[2]*x[7],
x[3]*x[7],
x[4]*x[7],
x[5]*x[7],
x[6]*x[7],
x[7]^2,
x[1]*x[8],
x[2]*x[8],
x[3]*x[8],
x[4]*x[8],
x[5]*x[8],
x[6]*x[8],
x[7]*x[8],
x[8]^2,
x[1]*x[9],
x[2]*x[9] + 4*x[4]*x[10] - 4*x[5]*x[10],
x[3]*x[9] + 2/3*x[3]*x[10] - 1/3*x[4]*x[10] + 2*x[5]*x[10],
x[3]*x[10] - 3/4*x[4]*x[9] + x[4]*x[10],
x[4]*x[10] - x[5]*x[9],
x[6]*x[9],
x[7]*x[9],
x[8]*x[9],
x[1]*x[10],
x[2]*x[10] + 2*x[3]*x[10] + x[4]*x[10] + 2*x[5]*x[10],
x[6]*x[10],
x[7]*x[10],
x[8]*x[10]

All such P are:
{@ (0 : -3/2*r4*r1^2 + r4*r1 - 2*r4 : 3/4*r4*r1^2 - r4*r1 : r4*r1 : r4 : 0 : 0 :
0 : r1 : 1), (0 : -3/2*r5*r1^2 + r5*r1 - 2*r5 : 3/4*r5*r1^2 - r5*r1 : r5*r1 : r5
: 0 : 0 : 0 : r1 : 1), (0 : -3/2*r6*r2^2 + r6*r2 - 2*r6 : 3/4*r6*r2^2 - r6*r2 : 
r6*r2 : r6 : 0 : 0 : 0 : r2 : 1), (0 : -3/2*r7*r2^2 + r7*r2 - 2*r7 : 3/4*r7*r2^2
- r7*r2 : r7*r2 : r7 : 0 : 0 : 0 : r2 : 1), (0 : -3/2*r8*r3^2 + r8*r3 - 2*r8 : 
3/4*r8*r3^2 - r8*r3 : r8*r3 : r8 : 0 : 0 : 0 : r3 : 1), (0 : -3/2*r9*r3^2 + 
r9*r3 - 2*r9 : 3/4*r9*r3^2 - r9*r3 : r9*r3 : r9 : 0 : 0 : 0 : r3 : 1) @}
The degrees of these points are [] (or > 2).
Hence there are no quadratic points on X_0(86) not coming from pullbacks of 
rationals, except the points you forwarded: [ (-1 : r7 : 0 : -r7 : -r7 : -r7 : 
r7 : r7 : 1 : 1), (1 : -r7 : 0 : r7 : r7 : -r7 : r7 : r7 : 1 : 1) ].
done

Total time: 608.580 seconds, Total memory usage: 366.81MB
