Magma V2.27-8     Tue Mar 21 2023 14:16:54 on euler    [Seed = 2114171929]
Type ? for help.  Type <Ctrl>-D to quit.

Loading startup file "X0_149.m"

Loading "AL_sieve_auxiliary.m"
Loading "rank_0_auxiliary.m"
Loading "models_and_maps.m"
Loading "symm_chab.m"
Loading "rank_calcs.m"
Loading "models_and_maps.m"
Genus of X_0(149) is: 12
Considering X_0(149)/w_149.
rk J_0(149)(Q) = rk J_0(149)(Q)/w_149 
Nice model for X_0(149) is: Curve over Rational Field defined by
x[1]^2 - x[4]^2 + 4*x[5]*x[6] + 6*x[6]^2 + 2*x[6]*x[7] + 2*x[7]^2 - 6*x[7]*x[8] 
- x[8]^2 + 4*x[8]*x[9] - 5*x[9]^2 + 4*x[9]*x[10] + 34*x[9]*x[11] - 48*x[9]*x[12]
+ 5*x[10]^2 + 14*x[10]*x[12] - 12*x[11]^2 + 42*x[11]*x[12] - 39*x[12]^2,
x[1]*x[2] - x[4]*x[5] + x[5]*x[6] + 4*x[6]^2 + 5*x[6]*x[7] - x[7]^2 - 
2*x[7]*x[8] - 7*x[8]^2 + 15*x[8]*x[9] - 14*x[9]^2 - 8*x[9]*x[10] + 28*x[9]*x[11]
- 29*x[9]*x[12] + 3*x[10]^2 + x[10]*x[11] + 4*x[10]*x[12] - 13*x[11]^2 + 
35*x[11]*x[12] - 23*x[12]^2,
x[1]*x[3] - x[5]^2 + x[5]*x[6] + x[6]^2 + 2*x[6]*x[7] + 2*x[7]^2 - 5*x[7]*x[8] +
5*x[8]^2 - 2*x[8]*x[9] - x[9]^2 - 3*x[9]*x[10] - 5*x[9]*x[11] + 23*x[9]*x[12] - 
16*x[10]^2 + 10*x[10]*x[11] + x[10]*x[12] + 23*x[11]^2 - 69*x[11]*x[12] + 
39*x[12]^2,
x[1]*x[5] - x[2]*x[4] - 8*x[2]*x[11] + 9*x[2]*x[12] - x[3]*x[5] - x[3]*x[6] - 
x[3]*x[7] - x[3]*x[8] - 2*x[3]*x[9] + x[3]*x[10] + 3*x[3]*x[11] + 2*x[3]*x[12],
x[1]*x[6] - x[3]*x[4] - x[3]*x[5] - 2*x[3]*x[6] - x[3]*x[7] - x[3]*x[8] + 
x[3]*x[9] + x[3]*x[12],
x[1]*x[7] - 2*x[2]*x[11] + 4*x[2]*x[12] - x[3]*x[5] - x[3]*x[6] - 2*x[3]*x[7] - 
x[3]*x[8] + x[3]*x[9] + x[3]*x[10] + 4*x[3]*x[12],
x[1]*x[8] - 2*x[2]*x[11] + 4*x[2]*x[12] - x[3]*x[6] - x[3]*x[7] - 2*x[3]*x[8] + 
x[3]*x[9] + x[3]*x[10] + 2*x[3]*x[12],
x[1]*x[9] + x[2]*x[12] - x[3]*x[7] - x[3]*x[8] + x[3]*x[10] + x[3]*x[12],
x[1]*x[10] - 2*x[2]*x[11] + 4*x[2]*x[12] - x[3]*x[8] - x[3]*x[10] + 
2*x[3]*x[12],
x[1]*x[11] - 2*x[2]*x[11] + 3*x[2]*x[12] - x[3]*x[10] - x[3]*x[11] + 
2*x[3]*x[12],
x[1]*x[12] - x[2]*x[11] + x[2]*x[12],
x[2]^2 - x[5]^2 + 2*x[6]^2 + 4*x[6]*x[7] + 3*x[7]^2 - 4*x[7]*x[8] - 4*x[8]^2 + 
6*x[8]*x[9] + 4*x[9]^2 - 26*x[9]*x[10] + 14*x[9]*x[11] + 10*x[10]^2 + 
14*x[10]*x[11] - 30*x[10]*x[12] - 21*x[11]^2 + 50*x[11]*x[12] - 11*x[12]^2,
x[2]*x[3] - x[5]*x[6] + x[6]^2 + 2*x[6]*x[7] + x[7]^2 - 7*x[8]^2 + 9*x[8]*x[9] +
3*x[9]^2 - 16*x[9]*x[10] + 18*x[9]*x[11] - 22*x[9]*x[12] + 17*x[10]^2 - 
6*x[10]*x[11] - 10*x[10]*x[12] - 22*x[11]^2 + 73*x[11]*x[12] - 41*x[12]^2,
x[2]*x[5] - x[2]*x[11] - x[2]*x[12] - x[3]*x[4] - x[3]*x[5] - x[3]*x[6] - 
2*x[3]*x[10] + x[3]*x[12],
x[2]*x[6] - x[3]*x[5] - x[3]*x[6] - x[3]*x[7] + 2*x[3]*x[10] + x[3]*x[11],
x[2]*x[7] - 2*x[2]*x[11] + 2*x[2]*x[12] - x[3]*x[6] - x[3]*x[7] - x[3]*x[8] + 
2*x[3]*x[10] + x[3]*x[11],
x[2]*x[8] - 2*x[2]*x[11] + 2*x[2]*x[12] - x[3]*x[7] - x[3]*x[8] - x[3]*x[9] + 
2*x[3]*x[10] + 2*x[3]*x[11] - x[3]*x[12],
x[2]*x[9] - x[2]*x[11] + 2*x[2]*x[12] - x[3]*x[8] - x[3]*x[9] + x[3]*x[10] + 
x[3]*x[11] - x[3]*x[12],
x[2]*x[10] - 2*x[2]*x[11] + 2*x[2]*x[12] - x[3]*x[9] + x[3]*x[11],
x[3]^2 - x[6]^2 + 2*x[6]*x[7] + x[7]^2 - 2*x[7]*x[8] + x[8]^2 - 4*x[8]*x[9] + 
8*x[9]^2 - 14*x[9]*x[10] + 10*x[9]*x[11] + 9*x[10]^2 - 6*x[10]*x[11] - 
10*x[10]*x[12] + 6*x[11]*x[12] + 2*x[12]^2,
x[4]*x[6] - x[5]^2 + 2*x[7]*x[8] + 2*x[8]^2 - 4*x[8]*x[9] + 5*x[9]^2 - 
x[9]*x[10] - 16*x[9]*x[11] + 23*x[9]*x[12] - 4*x[10]^2 + 4*x[10]*x[11] - 
7*x[10]*x[12] + 11*x[11]^2 - 32*x[11]*x[12] + 24*x[12]^2,
x[4]*x[7] - x[5]*x[6] + 2*x[7]*x[8] - 2*x[8]^2 + x[8]*x[9] + 3*x[9]^2 + 
x[9]*x[10] + 7*x[9]*x[11] - 21*x[9]*x[12] + 10*x[10]^2 - 8*x[10]*x[11] + 
5*x[10]*x[12] - 10*x[11]^2 + 39*x[11]*x[12] - 28*x[12]^2,
x[4]*x[8] - x[6]^2 + 2*x[7]*x[8] - 4*x[8]*x[9] + 6*x[9]^2 - 5*x[9]*x[10] + 
3*x[9]*x[11] - 2*x[9]*x[12] + 9*x[10]^2 - x[10]*x[11] - 12*x[10]*x[12] - 
9*x[11]^2 + 26*x[11]*x[12] - 8*x[12]^2,
x[4]*x[9] - x[6]*x[7] + 2*x[7]*x[8] - 2*x[8]*x[9] + 2*x[9]^2 + x[9]*x[10] - 
6*x[9]*x[11] + 13*x[9]*x[12] - 2*x[10]^2 + 2*x[10]*x[11] - 5*x[10]*x[12] + 
4*x[11]^2 - 15*x[11]*x[12] + 13*x[12]^2,
x[4]*x[10] - x[7]^2 + x[7]*x[8] + 4*x[9]*x[10] + x[9]*x[11] - 8*x[9]*x[12] + 
3*x[10]^2 - 3*x[10]*x[11] + 6*x[10]*x[12] + 5*x[11]*x[12] - 7*x[12]^2,
x[4]*x[11] - x[8]^2 + 2*x[9]^2 - x[9]*x[10] + 7*x[9]*x[11] - 14*x[9]*x[12] + 
7*x[10]^2 - 2*x[10]*x[11] - x[10]*x[12] - 9*x[11]^2 + 32*x[11]*x[12] - 
19*x[12]^2,
x[4]*x[12] - x[8]*x[9] + x[9]^2 + 2*x[9]*x[11] - 3*x[9]*x[12] + 2*x[10]^2 - 
x[10]*x[11] + x[10]*x[12] - 3*x[11]^2 + 10*x[11]*x[12] - 5*x[12]^2,
x[5]*x[7] - x[6]^2 + 2*x[8]^2 - 4*x[8]*x[9] - x[9]^2 + 3*x[9]*x[10] - 
8*x[9]*x[11] + 19*x[9]*x[12] - 7*x[10]^2 + 4*x[10]*x[11] - 4*x[10]*x[12] + 
9*x[11]^2 - 33*x[11]*x[12] + 24*x[12]^2,
x[5]*x[8] - x[6]*x[7] + 2*x[8]^2 - 2*x[8]*x[9] - 2*x[9]^2 + 5*x[9]*x[10] - 
9*x[9]*x[11] + 14*x[9]*x[12] - 7*x[10]^2 + x[10]*x[11] + 2*x[10]*x[12] + 
11*x[11]^2 - 34*x[11]*x[12] + 20*x[12]^2,
x[5]*x[9] - x[7]^2 + 2*x[8]^2 - 4*x[9]^2 + 8*x[9]*x[10] - 6*x[9]*x[11] + 
3*x[9]*x[12] - 8*x[10]^2 + 11*x[10]*x[12] + 11*x[11]^2 - 30*x[11]*x[12] + 
12*x[12]^2,
x[5]*x[10] - x[7]*x[8] + x[8]^2 - 2*x[9]^2 + 4*x[9]*x[10] - 2*x[9]*x[12] - 
2*x[10]^2 - 2*x[10]*x[11] + 4*x[10]*x[12] + 2*x[11]^2 - 4*x[11]*x[12],
x[5]*x[11] - x[8]*x[9] + 2*x[9]*x[11] - x[9]*x[12] + x[10]^2 - x[10]*x[11] - 
x[10]*x[12] - 2*x[11]^2 + 3*x[11]*x[12] - x[12]^2,
x[5]*x[12] - x[9]^2 + x[9]*x[10] + x[9]*x[12] - x[10]^2 + x[10]*x[12] + x[11]^2 
- 4*x[11]*x[12] + x[12]^2,
x[6]*x[8] - x[7]^2 + 2*x[8]*x[9] - 4*x[9]^2 + 6*x[9]*x[10] + x[9]*x[11] - 
6*x[9]*x[12] - 4*x[10]^2 - x[10]*x[11] + 11*x[10]*x[12] + 4*x[11]^2 - 
9*x[11]*x[12] - x[12]^2,
x[6]*x[9] - x[7]*x[8] + 2*x[8]*x[9] - 2*x[9]^2 + 2*x[9]*x[10] + 3*x[9]*x[11] - 
8*x[9]*x[12] - 2*x[10]*x[11] + 6*x[10]*x[12] - x[11]^2 + 6*x[11]*x[12] - 
8*x[12]^2,
x[6]*x[10] - x[8]^2 + x[8]*x[9] - 2*x[9]*x[10] + 4*x[9]*x[11] - 5*x[9]*x[12] + 
2*x[10]^2 - x[10]*x[12] - 4*x[11]^2 + 11*x[11]*x[12] - 6*x[12]^2,
x[6]*x[11] - x[9]^2 - x[9]*x[11] + 4*x[9]*x[12] - 2*x[10]^2 + 2*x[10]*x[11] - 
x[10]*x[12] + 2*x[11]^2 - 8*x[11]*x[12] + 6*x[12]^2,
x[6]*x[12] - x[9]*x[10] + x[9]*x[12] + x[10]*x[11] - 2*x[10]*x[12] - x[11]*x[12]
+ 2*x[12]^2,
x[7]*x[9] - x[8]^2 + 2*x[9]^2 - 4*x[9]*x[10] + 4*x[9]*x[11] - 7*x[9]*x[12] + 
6*x[10]^2 - 2*x[10]*x[11] - 4*x[10]*x[12] - 7*x[11]^2 + 22*x[11]*x[12] - 
11*x[12]^2,
x[7]*x[10] - x[8]*x[9] + x[9]^2 - 2*x[9]*x[10] + 3*x[9]*x[12] + x[10]*x[11] - 
4*x[10]*x[12] - x[11]^2 + x[11]*x[12] + 2*x[12]^2,
x[7]*x[11] - x[9]*x[10] - 2*x[9]*x[11] + 5*x[9]*x[12] - x[10]^2 + x[10]*x[11] - 
2*x[10]*x[12] + x[11]^2 - 6*x[11]*x[12] + 5*x[12]^2,
x[7]*x[12] - x[9]*x[11] + 2*x[9]*x[12] - x[10]^2 + x[10]*x[11] - x[10]*x[12] + 
x[11]^2 - 4*x[11]*x[12] + 2*x[12]^2,
x[8]*x[10] - x[9]^2 + x[9]*x[10] - 2*x[9]*x[11] + 4*x[9]*x[12] - 3*x[10]^2 + 
x[10]*x[11] + x[10]*x[12] + 3*x[11]^2 - 10*x[11]*x[12] + 6*x[12]^2,
x[8]*x[11] - 2*x[9]*x[11] + 3*x[9]*x[12] - x[10]^2 + 2*x[11]^2 - 7*x[11]*x[12] +
4*x[12]^2,
x[8]*x[12] - x[9]*x[11] + x[9]*x[12] - x[10]*x[12] + x[11]^2 - 3*x[11]*x[12] + 
2*x[12]^2

w_149 on X_0(149) is given by: Mapping from: Crv: XN to Crv: XN
with equations : 
x[1]
x[2]
x[3]
-x[4]
-x[5]
-x[6]
-x[7]
-x[8]
-x[9]
-x[10]
-x[11]
-x[12]
and inverse
x[1]
x[2]
x[3]
-x[4]
-x[5]
-x[6]
-x[7]
-x[8]
-x[9]
-x[10]
-x[11]
-x[12]
Genus of X_0(149) is 12
We have found these 2 cusps on X_0(149):
[
Place at (-1 : 0 : 0 : 1 : 0 : 0 : 0 : 0 : 0 : 0 : 0 : 0),
Place at (1 : 0 : 0 : 1 : 0 : 0 : 0 : 0 : 0 : 0 : 0 : 0)
]
We have found 3 points on X_0(149)^2(Q).
Computing torsion subgroup ...
The torsion is Abelian Group isomorphic to Z/37
Defined on 1 generator
Relations:
37*A.1 = 0
Genus of the quotient is 3.
Performing Mordell-Weil sieve ...
p = 3 (1/9): Getting deg 1 places on Xp ...
Getting deg 2 places on Xp ...
Combining them into divisors ...
There are 20 of them!
out of 37: The number of possible cosets unknown points can land in is 3.
p = 5 (2/9): Getting deg 1 places on Xp ...
Getting deg 2 places on Xp ...
Combining them into divisors ...
There are 89 of them!
out of 3: ....The number of possible cosets unknown points can land in is 1.

For unknown Q in X_0(149)^2(Q) we have (1 - w_149)[Q - bp] is in a coset of 
Abelian Group of order 1 represented by an element of [
0
].
It follows that if there is an unknown Q in X_0(149)^2(Q), then (1 - w_149)[Q - 
bp] == 0.
This implies that [Q - bp] is fixed by w_149
Then Q ~ w_149(Q), which implies that Q = w_149(Q) because X_0(149) is not 
hyperelliptic.
Then either Q is a pullback, or it is fixed by w_149 pointwise.
If P = (X_i) is fixed by w_149,
then certain coordinates must be 0.
We find all such P by imposing these conditions and finding points on the 
scheme:
Scheme over Rational Field defined by
x[4]*x[9]*x[12] - x[4]*x[10]*x[11] - 3/4*x[4]*x[10]*x[12] + 
21/4*x[4]*x[11]*x[12] + 27/4*x[5]*x[12]^2 + 17/2*x[6]*x[12]^2 + 
13/4*x[7]*x[12]^2 + 14*x[8]*x[12]^2 + 37/4*x[9]*x[12]^2 - 43/2*x[10]*x[11]*x[12]
- 9/2*x[10]*x[12]^2 + 38*x[11]^2*x[12] - 125/2*x[11]*x[12]^2 + 35/2*x[12]^3,
x[4]*x[10]*x[12] + 4/3*x[4]*x[11]^2 - 7*x[4]*x[11]*x[12] - 19/3*x[5]*x[12]^2 - 
22/3*x[6]*x[12]^2 - 17/3*x[7]*x[12]^2 - 32/3*x[8]*x[12]^2 - 17/3*x[9]*x[12]^2 + 
46/3*x[10]*x[11]*x[12] + 14/3*x[10]*x[12]^2 - 80/3*x[11]^2*x[12] + 
122/3*x[11]*x[12]^2 - 6*x[12]^3,
x[4]*x[10]*x[12] - 3*x[4]*x[11]*x[12] - 5*x[5]*x[12]^2 - 2*x[6]*x[12]^2 - 
7*x[7]*x[12]^2 - 3*x[9]*x[12]^2 - 4*x[10]*x[11]^2 + 14*x[10]*x[11]*x[12] + 
2*x[10]*x[12]^2 - 4*x[11]^2*x[12] - 6*x[11]*x[12]^2 + 14*x[12]^3,
x[4]*x[10]*x[12] - 41/15*x[4]*x[11]*x[12] - 4/5*x[4]*x[12]^2 - 5*x[5]*x[12]^2 - 
34/15*x[6]*x[12]^2 - 39/5*x[7]*x[12]^2 - 12/5*x[8]*x[12]^2 - 41/15*x[9]*x[12]^2 
+ 34/5*x[10]*x[11]*x[12] + 86/15*x[10]*x[12]^2 - 76/15*x[11]^3 + 
128/15*x[11]^2*x[12] - 166/15*x[11]*x[12]^2 + 62/5*x[12]^3,
x[1]^2,
x[1]*x[2],
x[2]^2,
x[1]*x[3],
x[2]*x[3],
x[3]^2,
x[1]*x[4],
x[2]*x[4],
x[3]*x[4],
x[4]^2 - 30*x[4]*x[9] - 16*x[4]*x[10] - 81*x[4]*x[11] + 10*x[4]*x[12] - 
199*x[5]*x[12] - 362*x[6]*x[12] - 49*x[7]*x[12] - 490*x[8]*x[12] - 
221*x[9]*x[12] + 313*x[10]*x[11] + 285*x[10]*x[12] - 1159*x[11]^2 + 
2608*x[11]*x[12] - 1057*x[12]^2,
x[1]*x[5],
x[2]*x[5],
x[3]*x[5],
x[4]*x[5] - 17*x[4]*x[9] - 5*x[4]*x[10] - 45*x[4]*x[11] + 3*x[4]*x[12] - 
96*x[5]*x[12] - 183*x[6]*x[12] - 16*x[7]*x[12] - 265*x[8]*x[12] - 112*x[9]*x[12]
+ 174*x[10]*x[11] + 143*x[10]*x[12] - 608*x[11]^2 + 1350*x[11]*x[12] - 
559*x[12]^2,
x[4]*x[9] + 5/8*x[4]*x[10] + 3*x[4]*x[11] - 5/8*x[4]*x[12] - 1/8*x[5]^2 + 
53/8*x[5]*x[12] + 47/4*x[6]*x[12] + 15/8*x[7]*x[12] + 121/8*x[8]*x[12] + 
27/4*x[9]*x[12] - 61/8*x[10]*x[11] - 87/8*x[10]*x[12] + 285/8*x[11]^2 - 
321/4*x[11]*x[12] + 261/8*x[12]^2,
x[1]*x[6],
x[2]*x[6],
x[3]*x[6],
x[4]*x[6] - 8*x[4]*x[9] - 5*x[4]*x[10] - 18*x[4]*x[11] + 3*x[4]*x[12] - 
42*x[5]*x[12] - 76*x[6]*x[12] - 10*x[7]*x[12] - 106*x[8]*x[12] - 53*x[9]*x[12] +
58*x[10]*x[11] + 69*x[10]*x[12] - 247*x[11]^2 + 563*x[11]*x[12] - 236*x[12]^2,
x[4]*x[9] + 1/2*x[4]*x[10] + 5/2*x[4]*x[11] + 5/4*x[4]*x[12] - 1/4*x[5]*x[6] + 
7*x[5]*x[12] + 14*x[6]*x[12] + x[7]*x[12] + 37/2*x[8]*x[12] + 33/4*x[9]*x[12] - 
55/4*x[10]*x[11] - 27/4*x[10]*x[12] + 171/4*x[11]^2 - 375/4*x[11]*x[12] + 
38*x[12]^2,
x[4]*x[9] + 1/2*x[4]*x[10] + 7/2*x[4]*x[11] - 5/2*x[4]*x[12] + 15/2*x[5]*x[12] -
1/2*x[6]^2 + 21/2*x[6]*x[12] + 5/2*x[7]*x[12] + 15*x[8]*x[12] + 7*x[9]*x[12] - 
9*x[10]*x[11] - 25/2*x[10]*x[12] + 38*x[11]^2 - 87*x[11]*x[12] + 67/2*x[12]^2,
x[1]*x[7],
x[2]*x[7],
x[3]*x[7],
x[4]*x[7] - 4*x[4]*x[9] - 2*x[4]*x[10] - 8*x[4]*x[11] - 2*x[4]*x[12] - 
22*x[5]*x[12] - 37*x[6]*x[12] + 2*x[7]*x[12] - 55*x[8]*x[12] - 33*x[9]*x[12] + 
45*x[10]*x[11] + 18*x[10]*x[12] - 133*x[11]^2 + 292*x[11]*x[12] - 121*x[12]^2,
x[4]*x[9] + 1/2*x[4]*x[10] + 5/2*x[4]*x[11] - 1/2*x[4]*x[12] - 1/2*x[5]*x[7] + 
8*x[5]*x[12] + 21/2*x[6]*x[12] + 5/2*x[7]*x[12] + 16*x[8]*x[12] + 7*x[9]*x[12] -
11*x[10]*x[11] - 8*x[10]*x[12] + 38*x[11]^2 - 175/2*x[11]*x[12] + 33*x[12]^2,
x[4]*x[9] + 4*x[4]*x[11] + 6*x[5]*x[12] - x[6]*x[7] + 17*x[6]*x[12] + 
2*x[7]*x[12] + 18*x[8]*x[12] + 4*x[9]*x[12] - 7*x[10]*x[11] - 15*x[10]*x[12] + 
38*x[11]^2 - 82*x[11]*x[12] + 35*x[12]^2,
x[4]*x[10] + 2*x[4]*x[11] + x[4]*x[12] + 3*x[5]*x[12] + 12*x[6]*x[12] - x[7]^2 +
7*x[7]*x[12] + 9*x[8]*x[12] + x[10]*x[11] - 11*x[10]*x[12] + 20*x[11]^2 - 
46*x[11]*x[12] + 18*x[12]^2,
x[1]*x[8],
x[2]*x[8],
x[3]*x[8],
x[4]*x[8] - 2*x[4]*x[9] - x[4]*x[10] - 3*x[4]*x[11] + 3*x[4]*x[12] - 
7*x[5]*x[12] - 8*x[6]*x[12] + 2*x[7]*x[12] - 12*x[8]*x[12] - 11*x[9]*x[12] + 
11*x[10]*x[11] + 6*x[10]*x[12] - 38*x[11]^2 + 89*x[11]*x[12] - 39*x[12]^2,
x[4]*x[9] + 2*x[4]*x[11] + 2*x[4]*x[12] - x[5]*x[8] + 6*x[5]*x[12] + 
14*x[6]*x[12] - x[7]*x[12] + 20*x[8]*x[12] + 5*x[9]*x[12] - 12*x[10]*x[11] - 
6*x[10]*x[12] + 38*x[11]^2 - 83*x[11]*x[12] + 35*x[12]^2,
x[4]*x[10] + 2*x[4]*x[11] - x[4]*x[12] + 5*x[5]*x[12] - x[6]*x[8] + 8*x[6]*x[12]
+ 5*x[7]*x[12] + 6*x[8]*x[12] + 3*x[9]*x[12] - 2*x[10]*x[11] - 9*x[10]*x[12] + 
19*x[11]^2 - 44*x[11]*x[12] + 13*x[12]^2,
x[4]*x[11] + 1/2*x[4]*x[12] + 3/2*x[5]*x[12] + 4*x[6]*x[12] - 1/2*x[7]*x[8] + 
2*x[7]*x[12] + 11/2*x[8]*x[12] - 3/2*x[10]*x[11] - 4*x[10]*x[12] + 19/2*x[11]^2 
- 41/2*x[11]*x[12] + 15/2*x[12]^2,
x[4]*x[11] + 2*x[5]*x[12] + x[6]*x[12] + 5*x[7]*x[12] - x[8]^2 + 2*x[8]*x[12] + 
x[9]*x[12] + 4*x[10]*x[11] - 8*x[10]*x[12] - 3*x[11]*x[12] - x[12]^2,
x[1]*x[9],
x[2]*x[9],
x[3]*x[9],
x[4]*x[10] + x[4]*x[12] - x[5]*x[9] + 3*x[5]*x[12] + 6*x[6]*x[12] + x[7]*x[12] +
7*x[8]*x[12] + 5*x[9]*x[12] - 7*x[10]*x[11] + 19*x[11]^2 - 44*x[11]*x[12] + 
16*x[12]^2,
x[4]*x[11] - 1/2*x[4]*x[12] + 3/2*x[5]*x[12] - 1/2*x[6]*x[9] + 3*x[6]*x[12] + 
4*x[8]*x[12] + 1/2*x[9]*x[12] - 5/2*x[10]*x[11] - 5/2*x[10]*x[12] + 19/2*x[11]^2
- 20*x[11]*x[12] + 15/2*x[12]^2,
x[4]*x[11] + 3*x[6]*x[12] - x[7]*x[9] + x[7]*x[12] + 2*x[8]*x[12] + 
4*x[10]*x[11] - 6*x[10]*x[12] + x[11]^2 - 3*x[11]*x[12] + 4*x[12]^2,
x[4]*x[12] + x[5]*x[12] + x[6]*x[12] + x[7]*x[12] - x[8]*x[9] + x[8]*x[12] + 
2*x[9]*x[12] + x[10]*x[11] - 2*x[10]*x[12] - 2*x[11]*x[12] + 2*x[12]^2,
x[5]*x[12] + x[6]*x[12] - x[7]*x[12] + x[8]*x[12] - x[9]^2 + x[9]*x[12] - 
x[10]*x[12] + x[11]^2 - 4*x[11]*x[12] + 3*x[12]^2,
x[1]*x[10],
x[2]*x[10],
x[3]*x[10],
x[4]*x[11] + x[4]*x[12] - x[5]*x[10] + 3*x[5]*x[12] + 5*x[6]*x[12] - x[7]*x[12] 
+ 9*x[8]*x[12] + x[9]*x[12] - 7*x[10]*x[11] + 2*x[10]*x[12] + 19*x[11]^2 - 
40*x[11]*x[12] + 14*x[12]^2,
x[4]*x[11] - x[4]*x[12] + x[5]*x[12] - x[6]*x[10] + 2*x[6]*x[12] + 2*x[7]*x[12] 
- x[8]*x[12] + 3*x[10]*x[11] - 5*x[10]*x[12] - x[12]^2,
x[4]*x[12] + 2*x[6]*x[12] - x[7]*x[10] + 2*x[7]*x[12] + 2*x[10]*x[11] - 
x[10]*x[12] - x[11]*x[12] + x[12]^2,
x[5]*x[12] + 2*x[7]*x[12] - x[8]*x[10] + x[9]*x[12] + x[10]*x[11] - 
2*x[10]*x[12] - 2*x[11]*x[12] - x[12]^2,
x[6]*x[12] - x[9]*x[10] + x[9]*x[12] + x[10]*x[11] - 2*x[10]*x[12] - x[11]*x[12]
+ 2*x[12]^2,
x[7]*x[12] - x[8]*x[12] + x[9]*x[12] - x[10]^2 + x[10]*x[11] - x[11]*x[12],
x[1]*x[11],
x[2]*x[11],
x[3]*x[11],
x[4]*x[12] - x[5]*x[11] + x[5]*x[12] + x[6]*x[12] + x[10]*x[11] + x[10]*x[12] + 
2*x[11]*x[12] - x[12]^2,
x[5]*x[12] - x[6]*x[11] + x[6]*x[12] + x[7]*x[12] - x[10]*x[12] - x[11]*x[12] - 
x[12]^2,
x[6]*x[12] - x[7]*x[11] + x[7]*x[12] + x[8]*x[12] - x[9]*x[12] + x[10]*x[11] - 
2*x[10]*x[12] + x[11]^2 - 2*x[11]*x[12] + x[12]^2,
x[7]*x[12] - x[8]*x[11] + x[8]*x[12] + x[10]*x[11] - 2*x[10]*x[12],
x[8]*x[12] - x[9]*x[11] + x[9]*x[12] - x[10]*x[12] + x[11]^2 - 3*x[11]*x[12] + 
2*x[12]^2,
x[1]*x[12],
x[2]*x[12],
x[3]*x[12]

All such P are:
{@ (0 : 0 : 0 : -3244340134911775/4748675533937179*r1^13 + 
57199016162179616/4748675533937179*r1^12 - 
1767687417421076629/18994702135748716*r1^11 + 
1957693099759886737/4748675533937179*r1^10 - 
5431072939318674162/4748675533937179*r1^9 + 
19132100128478078223/9497351067874358*r1^8 - 
19958824120938766507/9497351067874358*r1^7 + 
4054767705842226122/4748675533937179*r1^6 + 
14642972953325564045/18994702135748716*r1^5 - 
6506564574087353567/4748675533937179*r1^4 + 
8812268881107225285/9497351067874358*r1^3 - 
1637585531677348662/4748675533937179*r1^2 + 
299506342220237351/4748675533937179*r1 - 34512675923789235/4748675533937179 : 
-165713657716269/365282733379783*r1^13 + 2847934932457382/365282733379783*r1^12 
- 84647003932326983/1461130933519132*r1^11 + 
177032177043675345/730565466759566*r1^10 - 
451191889778659557/730565466759566*r1^9 + 
1389992871405229249/1461130933519132*r1^8 - 
277154287763254540/365282733379783*r1^7 - 1489442024087403/730565466759566*r1^6 
+ 902759941484576683/1461130933519132*r1^5 - 
211160033436702102/365282733379783*r1^4 + 
158767703172191555/730565466759566*r1^3 - 2630533239456587/1461130933519132*r1^2
- 8367229313799596/365282733379783*r1 + 1872775901012664/365282733379783 : 
571687304685459/1461130933519132*r1^13 - 
64749171370873371/9497351067874358*r1^12 + 
3966098327287441205/75978808542994864*r1^11 - 
8716215738194132351/37989404271497432*r1^10 + 
23975356693033747367/37989404271497432*r1^9 - 
20849924621226005587/18994702135748716*r1^8 + 
84709732018427879583/75978808542994864*r1^7 - 
15161341180575526231/37989404271497432*r1^6 - 
18321195758650779925/37989404271497432*r1^5 + 
3576737202476952322/4748675533937179*r1^4 - 
34897610686623974979/75978808542994864*r1^3 + 
5204783007559598259/37989404271497432*r1^2 - 
105576392500671535/9497351067874358*r1 - 4194150963202329/4748675533937179 : 
3711767451207177/9497351067874358*r1^13 - 
30070858294137012/4748675533937179*r1^12 + 
1681503339065947867/37989404271497432*r1^11 - 
1643847656739317661/9497351067874358*r1^10 + 
7715542673037975735/18994702135748716*r1^9 - 
10493464073369140469/18994702135748716*r1^8 + 
12154331255363247099/37989404271497432*r1^7 + 
1854272194557854545/9497351067874358*r1^6 - 
4437050604951174619/9497351067874358*r1^5 + 
1390845151392468794/4748675533937179*r1^4 - 
1193228922524051095/37989404271497432*r1^3 - 
932952488093588321/18994702135748716*r1^2 + 
110093087344714705/4748675533937179*r1 - 4390228980403189/4748675533937179 : 
1346326202089781/9497351067874358*r1^13 - 
10139820788552345/4748675533937179*r1^12 + 
518808864933147951/37989404271497432*r1^11 - 
907338829030241509/18994702135748716*r1^10 + 
1832167362294915889/18994702135748716*r1^9 - 
976209846094971873/9497351067874358*r1^8 + 
870592706775414429/37989404271497432*r1^7 + 
691490262988851869/9497351067874358*r1^6 - 
1497977804545816457/18994702135748716*r1^5 + 
363881274923471193/18994702135748716*r1^4 + 
515256174460578227/37989404271497432*r1^3 - 
29222149219355801/4748675533937179*r1^2 + 1301785026070680/4748675533937179*r1 +
2129949939262471/4748675533937179 : 3494162909202787/18994702135748716*r1^13 - 
29956748561696903/9497351067874358*r1^12 + 
1803738457335259625/75978808542994864*r1^11 - 
3896741314684767859/37989404271497432*r1^10 + 
10544249317040518685/37989404271497432*r1^9 - 
2254741030320720808/4748675533937179*r1^8 + 
35743757700675362047/75978808542994864*r1^7 - 
5596880519900454949/37989404271497432*r1^6 - 
9012333907560230691/37989404271497432*r1^5 + 
6399659220123213307/18994702135748716*r1^4 - 
14232671305620356399/75978808542994864*r1^3 + 
1748047175840116771/37989404271497432*r1^2 + 
10974220525622525/9497351067874358*r1 - 493638636059158/365282733379783 : 
4308799937190027/18994702135748716*r1^13 - 
35319081900883101/9497351067874358*r1^12 + 
2005359850706271393/75978808542994864*r1^11 - 
4005317033431809013/37989404271497432*r1^10 + 
9709897133082183469/37989404271497432*r1^9 - 
1750534566901613264/4748675533937179*r1^8 + 
19383642323270934595/75978808542994864*r1^7 + 
2349788954707811263/37989404271497432*r1^6 - 
10251660890403522269/37989404271497432*r1^5 + 
962641147358991186/4748675533937179*r1^4 - 
3846354321709561555/75978808542994864*r1^3 - 
429978393798215725/37989404271497432*r1^2 + 
88400770928930035/9497351067874358*r1 + 4669694620687/365282733379783 : r1 : 1),
(0 : 0 : 0 : -3244340134911775/4748675533937179*r2^13 + 
57199016162179616/4748675533937179*r2^12 - 
1767687417421076629/18994702135748716*r2^11 + 
1957693099759886737/4748675533937179*r2^10 - 
5431072939318674162/4748675533937179*r2^9 + 
19132100128478078223/9497351067874358*r2^8 - 
19958824120938766507/9497351067874358*r2^7 + 
4054767705842226122/4748675533937179*r2^6 + 
14642972953325564045/18994702135748716*r2^5 - 
6506564574087353567/4748675533937179*r2^4 + 
8812268881107225285/9497351067874358*r2^3 - 
1637585531677348662/4748675533937179*r2^2 + 
299506342220237351/4748675533937179*r2 - 34512675923789235/4748675533937179 : 
-165713657716269/365282733379783*r2^13 + 2847934932457382/365282733379783*r2^12 
- 84647003932326983/1461130933519132*r2^11 + 
177032177043675345/730565466759566*r2^10 - 
451191889778659557/730565466759566*r2^9 + 
1389992871405229249/1461130933519132*r2^8 - 
277154287763254540/365282733379783*r2^7 - 1489442024087403/730565466759566*r2^6 
+ 902759941484576683/1461130933519132*r2^5 - 
211160033436702102/365282733379783*r2^4 + 
158767703172191555/730565466759566*r2^3 - 2630533239456587/1461130933519132*r2^2
- 8367229313799596/365282733379783*r2 + 1872775901012664/365282733379783 : 
571687304685459/1461130933519132*r2^13 - 
64749171370873371/9497351067874358*r2^12 + 
3966098327287441205/75978808542994864*r2^11 - 
8716215738194132351/37989404271497432*r2^10 + 
23975356693033747367/37989404271497432*r2^9 - 
20849924621226005587/18994702135748716*r2^8 + 
84709732018427879583/75978808542994864*r2^7 - 
15161341180575526231/37989404271497432*r2^6 - 
18321195758650779925/37989404271497432*r2^5 + 
3576737202476952322/4748675533937179*r2^4 - 
34897610686623974979/75978808542994864*r2^3 + 
5204783007559598259/37989404271497432*r2^2 - 
105576392500671535/9497351067874358*r2 - 4194150963202329/4748675533937179 : 
3711767451207177/9497351067874358*r2^13 - 
30070858294137012/4748675533937179*r2^12 + 
1681503339065947867/37989404271497432*r2^11 - 
1643847656739317661/9497351067874358*r2^10 + 
7715542673037975735/18994702135748716*r2^9 - 
10493464073369140469/18994702135748716*r2^8 + 
12154331255363247099/37989404271497432*r2^7 + 
1854272194557854545/9497351067874358*r2^6 - 
4437050604951174619/9497351067874358*r2^5 + 
1390845151392468794/4748675533937179*r2^4 - 
1193228922524051095/37989404271497432*r2^3 - 
932952488093588321/18994702135748716*r2^2 + 
110093087344714705/4748675533937179*r2 - 4390228980403189/4748675533937179 : 
1346326202089781/9497351067874358*r2^13 - 
10139820788552345/4748675533937179*r2^12 + 
518808864933147951/37989404271497432*r2^11 - 
907338829030241509/18994702135748716*r2^10 + 
1832167362294915889/18994702135748716*r2^9 - 
976209846094971873/9497351067874358*r2^8 + 
870592706775414429/37989404271497432*r2^7 + 
691490262988851869/9497351067874358*r2^6 - 
1497977804545816457/18994702135748716*r2^5 + 
363881274923471193/18994702135748716*r2^4 + 
515256174460578227/37989404271497432*r2^3 - 
29222149219355801/4748675533937179*r2^2 + 1301785026070680/4748675533937179*r2 +
2129949939262471/4748675533937179 : 3494162909202787/18994702135748716*r2^13 - 
29956748561696903/9497351067874358*r2^12 + 
1803738457335259625/75978808542994864*r2^11 - 
3896741314684767859/37989404271497432*r2^10 + 
10544249317040518685/37989404271497432*r2^9 - 
2254741030320720808/4748675533937179*r2^8 + 
35743757700675362047/75978808542994864*r2^7 - 
5596880519900454949/37989404271497432*r2^6 - 
9012333907560230691/37989404271497432*r2^5 + 
6399659220123213307/18994702135748716*r2^4 - 
14232671305620356399/75978808542994864*r2^3 + 
1748047175840116771/37989404271497432*r2^2 + 
10974220525622525/9497351067874358*r2 - 493638636059158/365282733379783 : 
4308799937190027/18994702135748716*r2^13 - 
35319081900883101/9497351067874358*r2^12 + 
2005359850706271393/75978808542994864*r2^11 - 
4005317033431809013/37989404271497432*r2^10 + 
9709897133082183469/37989404271497432*r2^9 - 
1750534566901613264/4748675533937179*r2^8 + 
19383642323270934595/75978808542994864*r2^7 + 
2349788954707811263/37989404271497432*r2^6 - 
10251660890403522269/37989404271497432*r2^5 + 
962641147358991186/4748675533937179*r2^4 - 
3846354321709561555/75978808542994864*r2^3 - 
429978393798215725/37989404271497432*r2^2 + 
88400770928930035/9497351067874358*r2 + 4669694620687/365282733379783 : r2 : 1),
(0 : 0 : 0 : -3244340134911775/4748675533937179*r3^13 + 
57199016162179616/4748675533937179*r3^12 - 
1767687417421076629/18994702135748716*r3^11 + 
1957693099759886737/4748675533937179*r3^10 - 
5431072939318674162/4748675533937179*r3^9 + 
19132100128478078223/9497351067874358*r3^8 - 
19958824120938766507/9497351067874358*r3^7 + 
4054767705842226122/4748675533937179*r3^6 + 
14642972953325564045/18994702135748716*r3^5 - 
6506564574087353567/4748675533937179*r3^4 + 
8812268881107225285/9497351067874358*r3^3 - 
1637585531677348662/4748675533937179*r3^2 + 
299506342220237351/4748675533937179*r3 - 34512675923789235/4748675533937179 : 
-165713657716269/365282733379783*r3^13 + 2847934932457382/365282733379783*r3^12 
- 84647003932326983/1461130933519132*r3^11 + 
177032177043675345/730565466759566*r3^10 - 
451191889778659557/730565466759566*r3^9 + 
1389992871405229249/1461130933519132*r3^8 - 
277154287763254540/365282733379783*r3^7 - 1489442024087403/730565466759566*r3^6 
+ 902759941484576683/1461130933519132*r3^5 - 
211160033436702102/365282733379783*r3^4 + 
158767703172191555/730565466759566*r3^3 - 2630533239456587/1461130933519132*r3^2
- 8367229313799596/365282733379783*r3 + 1872775901012664/365282733379783 : 
571687304685459/1461130933519132*r3^13 - 
64749171370873371/9497351067874358*r3^12 + 
3966098327287441205/75978808542994864*r3^11 - 
8716215738194132351/37989404271497432*r3^10 + 
23975356693033747367/37989404271497432*r3^9 - 
20849924621226005587/18994702135748716*r3^8 + 
84709732018427879583/75978808542994864*r3^7 - 
15161341180575526231/37989404271497432*r3^6 - 
18321195758650779925/37989404271497432*r3^5 + 
3576737202476952322/4748675533937179*r3^4 - 
34897610686623974979/75978808542994864*r3^3 + 
5204783007559598259/37989404271497432*r3^2 - 
105576392500671535/9497351067874358*r3 - 4194150963202329/4748675533937179 : 
3711767451207177/9497351067874358*r3^13 - 
30070858294137012/4748675533937179*r3^12 + 
1681503339065947867/37989404271497432*r3^11 - 
1643847656739317661/9497351067874358*r3^10 + 
7715542673037975735/18994702135748716*r3^9 - 
10493464073369140469/18994702135748716*r3^8 + 
12154331255363247099/37989404271497432*r3^7 + 
1854272194557854545/9497351067874358*r3^6 - 
4437050604951174619/9497351067874358*r3^5 + 
1390845151392468794/4748675533937179*r3^4 - 
1193228922524051095/37989404271497432*r3^3 - 
932952488093588321/18994702135748716*r3^2 + 
110093087344714705/4748675533937179*r3 - 4390228980403189/4748675533937179 : 
1346326202089781/9497351067874358*r3^13 - 
10139820788552345/4748675533937179*r3^12 + 
518808864933147951/37989404271497432*r3^11 - 
907338829030241509/18994702135748716*r3^10 + 
1832167362294915889/18994702135748716*r3^9 - 
976209846094971873/9497351067874358*r3^8 + 
870592706775414429/37989404271497432*r3^7 + 
691490262988851869/9497351067874358*r3^6 - 
1497977804545816457/18994702135748716*r3^5 + 
363881274923471193/18994702135748716*r3^4 + 
515256174460578227/37989404271497432*r3^3 - 
29222149219355801/4748675533937179*r3^2 + 1301785026070680/4748675533937179*r3 +
2129949939262471/4748675533937179 : 3494162909202787/18994702135748716*r3^13 - 
29956748561696903/9497351067874358*r3^12 + 
1803738457335259625/75978808542994864*r3^11 - 
3896741314684767859/37989404271497432*r3^10 + 
10544249317040518685/37989404271497432*r3^9 - 
2254741030320720808/4748675533937179*r3^8 + 
35743757700675362047/75978808542994864*r3^7 - 
5596880519900454949/37989404271497432*r3^6 - 
9012333907560230691/37989404271497432*r3^5 + 
6399659220123213307/18994702135748716*r3^4 - 
14232671305620356399/75978808542994864*r3^3 + 
1748047175840116771/37989404271497432*r3^2 + 
10974220525622525/9497351067874358*r3 - 493638636059158/365282733379783 : 
4308799937190027/18994702135748716*r3^13 - 
35319081900883101/9497351067874358*r3^12 + 
2005359850706271393/75978808542994864*r3^11 - 
4005317033431809013/37989404271497432*r3^10 + 
9709897133082183469/37989404271497432*r3^9 - 
1750534566901613264/4748675533937179*r3^8 + 
19383642323270934595/75978808542994864*r3^7 + 
2349788954707811263/37989404271497432*r3^6 - 
10251660890403522269/37989404271497432*r3^5 + 
962641147358991186/4748675533937179*r3^4 - 
3846354321709561555/75978808542994864*r3^3 - 
429978393798215725/37989404271497432*r3^2 + 
88400770928930035/9497351067874358*r3 + 4669694620687/365282733379783 : r3 : 1),
(0 : 0 : 0 : -3244340134911775/4748675533937179*r4^13 + 
57199016162179616/4748675533937179*r4^12 - 
1767687417421076629/18994702135748716*r4^11 + 
1957693099759886737/4748675533937179*r4^10 - 
5431072939318674162/4748675533937179*r4^9 + 
19132100128478078223/9497351067874358*r4^8 - 
19958824120938766507/9497351067874358*r4^7 + 
4054767705842226122/4748675533937179*r4^6 + 
14642972953325564045/18994702135748716*r4^5 - 
6506564574087353567/4748675533937179*r4^4 + 
8812268881107225285/9497351067874358*r4^3 - 
1637585531677348662/4748675533937179*r4^2 + 
299506342220237351/4748675533937179*r4 - 34512675923789235/4748675533937179 : 
-165713657716269/365282733379783*r4^13 + 2847934932457382/365282733379783*r4^12 
- 84647003932326983/1461130933519132*r4^11 + 
177032177043675345/730565466759566*r4^10 - 
451191889778659557/730565466759566*r4^9 + 
1389992871405229249/1461130933519132*r4^8 - 
277154287763254540/365282733379783*r4^7 - 1489442024087403/730565466759566*r4^6 
+ 902759941484576683/1461130933519132*r4^5 - 
211160033436702102/365282733379783*r4^4 + 
158767703172191555/730565466759566*r4^3 - 2630533239456587/1461130933519132*r4^2
- 8367229313799596/365282733379783*r4 + 1872775901012664/365282733379783 : 
571687304685459/1461130933519132*r4^13 - 
64749171370873371/9497351067874358*r4^12 + 
3966098327287441205/75978808542994864*r4^11 - 
8716215738194132351/37989404271497432*r4^10 + 
23975356693033747367/37989404271497432*r4^9 - 
20849924621226005587/18994702135748716*r4^8 + 
84709732018427879583/75978808542994864*r4^7 - 
15161341180575526231/37989404271497432*r4^6 - 
18321195758650779925/37989404271497432*r4^5 + 
3576737202476952322/4748675533937179*r4^4 - 
34897610686623974979/75978808542994864*r4^3 + 
5204783007559598259/37989404271497432*r4^2 - 
105576392500671535/9497351067874358*r4 - 4194150963202329/4748675533937179 : 
3711767451207177/9497351067874358*r4^13 - 
30070858294137012/4748675533937179*r4^12 + 
1681503339065947867/37989404271497432*r4^11 - 
1643847656739317661/9497351067874358*r4^10 + 
7715542673037975735/18994702135748716*r4^9 - 
10493464073369140469/18994702135748716*r4^8 + 
12154331255363247099/37989404271497432*r4^7 + 
1854272194557854545/9497351067874358*r4^6 - 
4437050604951174619/9497351067874358*r4^5 + 
1390845151392468794/4748675533937179*r4^4 - 
1193228922524051095/37989404271497432*r4^3 - 
932952488093588321/18994702135748716*r4^2 + 
110093087344714705/4748675533937179*r4 - 4390228980403189/4748675533937179 : 
1346326202089781/9497351067874358*r4^13 - 
10139820788552345/4748675533937179*r4^12 + 
518808864933147951/37989404271497432*r4^11 - 
907338829030241509/18994702135748716*r4^10 + 
1832167362294915889/18994702135748716*r4^9 - 
976209846094971873/9497351067874358*r4^8 + 
870592706775414429/37989404271497432*r4^7 + 
691490262988851869/9497351067874358*r4^6 - 
1497977804545816457/18994702135748716*r4^5 + 
363881274923471193/18994702135748716*r4^4 + 
515256174460578227/37989404271497432*r4^3 - 
29222149219355801/4748675533937179*r4^2 + 1301785026070680/4748675533937179*r4 +
2129949939262471/4748675533937179 : 3494162909202787/18994702135748716*r4^13 - 
29956748561696903/9497351067874358*r4^12 + 
1803738457335259625/75978808542994864*r4^11 - 
3896741314684767859/37989404271497432*r4^10 + 
10544249317040518685/37989404271497432*r4^9 - 
2254741030320720808/4748675533937179*r4^8 + 
35743757700675362047/75978808542994864*r4^7 - 
5596880519900454949/37989404271497432*r4^6 - 
9012333907560230691/37989404271497432*r4^5 + 
6399659220123213307/18994702135748716*r4^4 - 
14232671305620356399/75978808542994864*r4^3 + 
1748047175840116771/37989404271497432*r4^2 + 
10974220525622525/9497351067874358*r4 - 493638636059158/365282733379783 : 
4308799937190027/18994702135748716*r4^13 - 
35319081900883101/9497351067874358*r4^12 + 
2005359850706271393/75978808542994864*r4^11 - 
4005317033431809013/37989404271497432*r4^10 + 
9709897133082183469/37989404271497432*r4^9 - 
1750534566901613264/4748675533937179*r4^8 + 
19383642323270934595/75978808542994864*r4^7 + 
2349788954707811263/37989404271497432*r4^6 - 
10251660890403522269/37989404271497432*r4^5 + 
962641147358991186/4748675533937179*r4^4 - 
3846354321709561555/75978808542994864*r4^3 - 
429978393798215725/37989404271497432*r4^2 + 
88400770928930035/9497351067874358*r4 + 4669694620687/365282733379783 : r4 : 1),
(0 : 0 : 0 : -3244340134911775/4748675533937179*r5^13 + 
57199016162179616/4748675533937179*r5^12 - 
1767687417421076629/18994702135748716*r5^11 + 
1957693099759886737/4748675533937179*r5^10 - 
5431072939318674162/4748675533937179*r5^9 + 
19132100128478078223/9497351067874358*r5^8 - 
19958824120938766507/9497351067874358*r5^7 + 
4054767705842226122/4748675533937179*r5^6 + 
14642972953325564045/18994702135748716*r5^5 - 
6506564574087353567/4748675533937179*r5^4 + 
8812268881107225285/9497351067874358*r5^3 - 
1637585531677348662/4748675533937179*r5^2 + 
299506342220237351/4748675533937179*r5 - 34512675923789235/4748675533937179 : 
-165713657716269/365282733379783*r5^13 + 2847934932457382/365282733379783*r5^12 
- 84647003932326983/1461130933519132*r5^11 + 
177032177043675345/730565466759566*r5^10 - 
451191889778659557/730565466759566*r5^9 + 
1389992871405229249/1461130933519132*r5^8 - 
277154287763254540/365282733379783*r5^7 - 1489442024087403/730565466759566*r5^6 
+ 902759941484576683/1461130933519132*r5^5 - 
211160033436702102/365282733379783*r5^4 + 
158767703172191555/730565466759566*r5^3 - 2630533239456587/1461130933519132*r5^2
- 8367229313799596/365282733379783*r5 + 1872775901012664/365282733379783 : 
571687304685459/1461130933519132*r5^13 - 
64749171370873371/9497351067874358*r5^12 + 
3966098327287441205/75978808542994864*r5^11 - 
8716215738194132351/37989404271497432*r5^10 + 
23975356693033747367/37989404271497432*r5^9 - 
20849924621226005587/18994702135748716*r5^8 + 
84709732018427879583/75978808542994864*r5^7 - 
15161341180575526231/37989404271497432*r5^6 - 
18321195758650779925/37989404271497432*r5^5 + 
3576737202476952322/4748675533937179*r5^4 - 
34897610686623974979/75978808542994864*r5^3 + 
5204783007559598259/37989404271497432*r5^2 - 
105576392500671535/9497351067874358*r5 - 4194150963202329/4748675533937179 : 
3711767451207177/9497351067874358*r5^13 - 
30070858294137012/4748675533937179*r5^12 + 
1681503339065947867/37989404271497432*r5^11 - 
1643847656739317661/9497351067874358*r5^10 + 
7715542673037975735/18994702135748716*r5^9 - 
10493464073369140469/18994702135748716*r5^8 + 
12154331255363247099/37989404271497432*r5^7 + 
1854272194557854545/9497351067874358*r5^6 - 
4437050604951174619/9497351067874358*r5^5 + 
1390845151392468794/4748675533937179*r5^4 - 
1193228922524051095/37989404271497432*r5^3 - 
932952488093588321/18994702135748716*r5^2 + 
110093087344714705/4748675533937179*r5 - 4390228980403189/4748675533937179 : 
1346326202089781/9497351067874358*r5^13 - 
10139820788552345/4748675533937179*r5^12 + 
518808864933147951/37989404271497432*r5^11 - 
907338829030241509/18994702135748716*r5^10 + 
1832167362294915889/18994702135748716*r5^9 - 
976209846094971873/9497351067874358*r5^8 + 
870592706775414429/37989404271497432*r5^7 + 
691490262988851869/9497351067874358*r5^6 - 
1497977804545816457/18994702135748716*r5^5 + 
363881274923471193/18994702135748716*r5^4 + 
515256174460578227/37989404271497432*r5^3 - 
29222149219355801/4748675533937179*r5^2 + 1301785026070680/4748675533937179*r5 +
2129949939262471/4748675533937179 : 3494162909202787/18994702135748716*r5^13 - 
29956748561696903/9497351067874358*r5^12 + 
1803738457335259625/75978808542994864*r5^11 - 
3896741314684767859/37989404271497432*r5^10 + 
10544249317040518685/37989404271497432*r5^9 - 
2254741030320720808/4748675533937179*r5^8 + 
35743757700675362047/75978808542994864*r5^7 - 
5596880519900454949/37989404271497432*r5^6 - 
9012333907560230691/37989404271497432*r5^5 + 
6399659220123213307/18994702135748716*r5^4 - 
14232671305620356399/75978808542994864*r5^3 + 
1748047175840116771/37989404271497432*r5^2 + 
10974220525622525/9497351067874358*r5 - 493638636059158/365282733379783 : 
4308799937190027/18994702135748716*r5^13 - 
35319081900883101/9497351067874358*r5^12 + 
2005359850706271393/75978808542994864*r5^11 - 
4005317033431809013/37989404271497432*r5^10 + 
9709897133082183469/37989404271497432*r5^9 - 
1750534566901613264/4748675533937179*r5^8 + 
19383642323270934595/75978808542994864*r5^7 + 
2349788954707811263/37989404271497432*r5^6 - 
10251660890403522269/37989404271497432*r5^5 + 
962641147358991186/4748675533937179*r5^4 - 
3846354321709561555/75978808542994864*r5^3 - 
429978393798215725/37989404271497432*r5^2 + 
88400770928930035/9497351067874358*r5 + 4669694620687/365282733379783 : r5 : 1),
(0 : 0 : 0 : -3244340134911775/4748675533937179*r6^13 + 
57199016162179616/4748675533937179*r6^12 - 
1767687417421076629/18994702135748716*r6^11 + 
1957693099759886737/4748675533937179*r6^10 - 
5431072939318674162/4748675533937179*r6^9 + 
19132100128478078223/9497351067874358*r6^8 - 
19958824120938766507/9497351067874358*r6^7 + 
4054767705842226122/4748675533937179*r6^6 + 
14642972953325564045/18994702135748716*r6^5 - 
6506564574087353567/4748675533937179*r6^4 + 
8812268881107225285/9497351067874358*r6^3 - 
1637585531677348662/4748675533937179*r6^2 + 
299506342220237351/4748675533937179*r6 - 34512675923789235/4748675533937179 : 
-165713657716269/365282733379783*r6^13 + 2847934932457382/365282733379783*r6^12 
- 84647003932326983/1461130933519132*r6^11 + 
177032177043675345/730565466759566*r6^10 - 
451191889778659557/730565466759566*r6^9 + 
1389992871405229249/1461130933519132*r6^8 - 
277154287763254540/365282733379783*r6^7 - 1489442024087403/730565466759566*r6^6 
+ 902759941484576683/1461130933519132*r6^5 - 
211160033436702102/365282733379783*r6^4 + 
158767703172191555/730565466759566*r6^3 - 2630533239456587/1461130933519132*r6^2
- 8367229313799596/365282733379783*r6 + 1872775901012664/365282733379783 : 
571687304685459/1461130933519132*r6^13 - 
64749171370873371/9497351067874358*r6^12 + 
3966098327287441205/75978808542994864*r6^11 - 
8716215738194132351/37989404271497432*r6^10 + 
23975356693033747367/37989404271497432*r6^9 - 
20849924621226005587/18994702135748716*r6^8 + 
84709732018427879583/75978808542994864*r6^7 - 
15161341180575526231/37989404271497432*r6^6 - 
18321195758650779925/37989404271497432*r6^5 + 
3576737202476952322/4748675533937179*r6^4 - 
34897610686623974979/75978808542994864*r6^3 + 
5204783007559598259/37989404271497432*r6^2 - 
105576392500671535/9497351067874358*r6 - 4194150963202329/4748675533937179 : 
3711767451207177/9497351067874358*r6^13 - 
30070858294137012/4748675533937179*r6^12 + 
1681503339065947867/37989404271497432*r6^11 - 
1643847656739317661/9497351067874358*r6^10 + 
7715542673037975735/18994702135748716*r6^9 - 
10493464073369140469/18994702135748716*r6^8 + 
12154331255363247099/37989404271497432*r6^7 + 
1854272194557854545/9497351067874358*r6^6 - 
4437050604951174619/9497351067874358*r6^5 + 
1390845151392468794/4748675533937179*r6^4 - 
1193228922524051095/37989404271497432*r6^3 - 
932952488093588321/18994702135748716*r6^2 + 
110093087344714705/4748675533937179*r6 - 4390228980403189/4748675533937179 : 
1346326202089781/9497351067874358*r6^13 - 
10139820788552345/4748675533937179*r6^12 + 
518808864933147951/37989404271497432*r6^11 - 
907338829030241509/18994702135748716*r6^10 + 
1832167362294915889/18994702135748716*r6^9 - 
976209846094971873/9497351067874358*r6^8 + 
870592706775414429/37989404271497432*r6^7 + 
691490262988851869/9497351067874358*r6^6 - 
1497977804545816457/18994702135748716*r6^5 + 
363881274923471193/18994702135748716*r6^4 + 
515256174460578227/37989404271497432*r6^3 - 
29222149219355801/4748675533937179*r6^2 + 1301785026070680/4748675533937179*r6 +
2129949939262471/4748675533937179 : 3494162909202787/18994702135748716*r6^13 - 
29956748561696903/9497351067874358*r6^12 + 
1803738457335259625/75978808542994864*r6^11 - 
3896741314684767859/37989404271497432*r6^10 + 
10544249317040518685/37989404271497432*r6^9 - 
2254741030320720808/4748675533937179*r6^8 + 
35743757700675362047/75978808542994864*r6^7 - 
5596880519900454949/37989404271497432*r6^6 - 
9012333907560230691/37989404271497432*r6^5 + 
6399659220123213307/18994702135748716*r6^4 - 
14232671305620356399/75978808542994864*r6^3 + 
1748047175840116771/37989404271497432*r6^2 + 
10974220525622525/9497351067874358*r6 - 493638636059158/365282733379783 : 
4308799937190027/18994702135748716*r6^13 - 
35319081900883101/9497351067874358*r6^12 + 
2005359850706271393/75978808542994864*r6^11 - 
4005317033431809013/37989404271497432*r6^10 + 
9709897133082183469/37989404271497432*r6^9 - 
1750534566901613264/4748675533937179*r6^8 + 
19383642323270934595/75978808542994864*r6^7 + 
2349788954707811263/37989404271497432*r6^6 - 
10251660890403522269/37989404271497432*r6^5 + 
962641147358991186/4748675533937179*r6^4 - 
3846354321709561555/75978808542994864*r6^3 - 
429978393798215725/37989404271497432*r6^2 + 
88400770928930035/9497351067874358*r6 + 4669694620687/365282733379783 : r6 : 1),
(0 : 0 : 0 : -3244340134911775/4748675533937179*r7^13 + 
57199016162179616/4748675533937179*r7^12 - 
1767687417421076629/18994702135748716*r7^11 + 
1957693099759886737/4748675533937179*r7^10 - 
5431072939318674162/4748675533937179*r7^9 + 
19132100128478078223/9497351067874358*r7^8 - 
19958824120938766507/9497351067874358*r7^7 + 
4054767705842226122/4748675533937179*r7^6 + 
14642972953325564045/18994702135748716*r7^5 - 
6506564574087353567/4748675533937179*r7^4 + 
8812268881107225285/9497351067874358*r7^3 - 
1637585531677348662/4748675533937179*r7^2 + 
299506342220237351/4748675533937179*r7 - 34512675923789235/4748675533937179 : 
-165713657716269/365282733379783*r7^13 + 2847934932457382/365282733379783*r7^12 
- 84647003932326983/1461130933519132*r7^11 + 
177032177043675345/730565466759566*r7^10 - 
451191889778659557/730565466759566*r7^9 + 
1389992871405229249/1461130933519132*r7^8 - 
277154287763254540/365282733379783*r7^7 - 1489442024087403/730565466759566*r7^6 
+ 902759941484576683/1461130933519132*r7^5 - 
211160033436702102/365282733379783*r7^4 + 
158767703172191555/730565466759566*r7^3 - 2630533239456587/1461130933519132*r7^2
- 8367229313799596/365282733379783*r7 + 1872775901012664/365282733379783 : 
571687304685459/1461130933519132*r7^13 - 
64749171370873371/9497351067874358*r7^12 + 
3966098327287441205/75978808542994864*r7^11 - 
8716215738194132351/37989404271497432*r7^10 + 
23975356693033747367/37989404271497432*r7^9 - 
20849924621226005587/18994702135748716*r7^8 + 
84709732018427879583/75978808542994864*r7^7 - 
15161341180575526231/37989404271497432*r7^6 - 
18321195758650779925/37989404271497432*r7^5 + 
3576737202476952322/4748675533937179*r7^4 - 
34897610686623974979/75978808542994864*r7^3 + 
5204783007559598259/37989404271497432*r7^2 - 
105576392500671535/9497351067874358*r7 - 4194150963202329/4748675533937179 : 
3711767451207177/9497351067874358*r7^13 - 
30070858294137012/4748675533937179*r7^12 + 
1681503339065947867/37989404271497432*r7^11 - 
1643847656739317661/9497351067874358*r7^10 + 
7715542673037975735/18994702135748716*r7^9 - 
10493464073369140469/18994702135748716*r7^8 + 
12154331255363247099/37989404271497432*r7^7 + 
1854272194557854545/9497351067874358*r7^6 - 
4437050604951174619/9497351067874358*r7^5 + 
1390845151392468794/4748675533937179*r7^4 - 
1193228922524051095/37989404271497432*r7^3 - 
932952488093588321/18994702135748716*r7^2 + 
110093087344714705/4748675533937179*r7 - 4390228980403189/4748675533937179 : 
1346326202089781/9497351067874358*r7^13 - 
10139820788552345/4748675533937179*r7^12 + 
518808864933147951/37989404271497432*r7^11 - 
907338829030241509/18994702135748716*r7^10 + 
1832167362294915889/18994702135748716*r7^9 - 
976209846094971873/9497351067874358*r7^8 + 
870592706775414429/37989404271497432*r7^7 + 
691490262988851869/9497351067874358*r7^6 - 
1497977804545816457/18994702135748716*r7^5 + 
363881274923471193/18994702135748716*r7^4 + 
515256174460578227/37989404271497432*r7^3 - 
29222149219355801/4748675533937179*r7^2 + 1301785026070680/4748675533937179*r7 +
2129949939262471/4748675533937179 : 3494162909202787/18994702135748716*r7^13 - 
29956748561696903/9497351067874358*r7^12 + 
1803738457335259625/75978808542994864*r7^11 - 
3896741314684767859/37989404271497432*r7^10 + 
10544249317040518685/37989404271497432*r7^9 - 
2254741030320720808/4748675533937179*r7^8 + 
35743757700675362047/75978808542994864*r7^7 - 
5596880519900454949/37989404271497432*r7^6 - 
9012333907560230691/37989404271497432*r7^5 + 
6399659220123213307/18994702135748716*r7^4 - 
14232671305620356399/75978808542994864*r7^3 + 
1748047175840116771/37989404271497432*r7^2 + 
10974220525622525/9497351067874358*r7 - 493638636059158/365282733379783 : 
4308799937190027/18994702135748716*r7^13 - 
35319081900883101/9497351067874358*r7^12 + 
2005359850706271393/75978808542994864*r7^11 - 
4005317033431809013/37989404271497432*r7^10 + 
9709897133082183469/37989404271497432*r7^9 - 
1750534566901613264/4748675533937179*r7^8 + 
19383642323270934595/75978808542994864*r7^7 + 
2349788954707811263/37989404271497432*r7^6 - 
10251660890403522269/37989404271497432*r7^5 + 
962641147358991186/4748675533937179*r7^4 - 
3846354321709561555/75978808542994864*r7^3 - 
429978393798215725/37989404271497432*r7^2 + 
88400770928930035/9497351067874358*r7 + 4669694620687/365282733379783 : r7 : 1),
(0 : 0 : 0 : -3244340134911775/4748675533937179*r8^13 + 
57199016162179616/4748675533937179*r8^12 - 
1767687417421076629/18994702135748716*r8^11 + 
1957693099759886737/4748675533937179*r8^10 - 
5431072939318674162/4748675533937179*r8^9 + 
19132100128478078223/9497351067874358*r8^8 - 
19958824120938766507/9497351067874358*r8^7 + 
4054767705842226122/4748675533937179*r8^6 + 
14642972953325564045/18994702135748716*r8^5 - 
6506564574087353567/4748675533937179*r8^4 + 
8812268881107225285/9497351067874358*r8^3 - 
1637585531677348662/4748675533937179*r8^2 + 
299506342220237351/4748675533937179*r8 - 34512675923789235/4748675533937179 : 
-165713657716269/365282733379783*r8^13 + 2847934932457382/365282733379783*r8^12 
- 84647003932326983/1461130933519132*r8^11 + 
177032177043675345/730565466759566*r8^10 - 
451191889778659557/730565466759566*r8^9 + 
1389992871405229249/1461130933519132*r8^8 - 
277154287763254540/365282733379783*r8^7 - 1489442024087403/730565466759566*r8^6 
+ 902759941484576683/1461130933519132*r8^5 - 
211160033436702102/365282733379783*r8^4 + 
158767703172191555/730565466759566*r8^3 - 2630533239456587/1461130933519132*r8^2
- 8367229313799596/365282733379783*r8 + 1872775901012664/365282733379783 : 
571687304685459/1461130933519132*r8^13 - 
64749171370873371/9497351067874358*r8^12 + 
3966098327287441205/75978808542994864*r8^11 - 
8716215738194132351/37989404271497432*r8^10 + 
23975356693033747367/37989404271497432*r8^9 - 
20849924621226005587/18994702135748716*r8^8 + 
84709732018427879583/75978808542994864*r8^7 - 
15161341180575526231/37989404271497432*r8^6 - 
18321195758650779925/37989404271497432*r8^5 + 
3576737202476952322/4748675533937179*r8^4 - 
34897610686623974979/75978808542994864*r8^3 + 
5204783007559598259/37989404271497432*r8^2 - 
105576392500671535/9497351067874358*r8 - 4194150963202329/4748675533937179 : 
3711767451207177/9497351067874358*r8^13 - 
30070858294137012/4748675533937179*r8^12 + 
1681503339065947867/37989404271497432*r8^11 - 
1643847656739317661/9497351067874358*r8^10 + 
7715542673037975735/18994702135748716*r8^9 - 
10493464073369140469/18994702135748716*r8^8 + 
12154331255363247099/37989404271497432*r8^7 + 
1854272194557854545/9497351067874358*r8^6 - 
4437050604951174619/9497351067874358*r8^5 + 
1390845151392468794/4748675533937179*r8^4 - 
1193228922524051095/37989404271497432*r8^3 - 
932952488093588321/18994702135748716*r8^2 + 
110093087344714705/4748675533937179*r8 - 4390228980403189/4748675533937179 : 
1346326202089781/9497351067874358*r8^13 - 
10139820788552345/4748675533937179*r8^12 + 
518808864933147951/37989404271497432*r8^11 - 
907338829030241509/18994702135748716*r8^10 + 
1832167362294915889/18994702135748716*r8^9 - 
976209846094971873/9497351067874358*r8^8 + 
870592706775414429/37989404271497432*r8^7 + 
691490262988851869/9497351067874358*r8^6 - 
1497977804545816457/18994702135748716*r8^5 + 
363881274923471193/18994702135748716*r8^4 + 
515256174460578227/37989404271497432*r8^3 - 
29222149219355801/4748675533937179*r8^2 + 1301785026070680/4748675533937179*r8 +
2129949939262471/4748675533937179 : 3494162909202787/18994702135748716*r8^13 - 
29956748561696903/9497351067874358*r8^12 + 
1803738457335259625/75978808542994864*r8^11 - 
3896741314684767859/37989404271497432*r8^10 + 
10544249317040518685/37989404271497432*r8^9 - 
2254741030320720808/4748675533937179*r8^8 + 
35743757700675362047/75978808542994864*r8^7 - 
5596880519900454949/37989404271497432*r8^6 - 
9012333907560230691/37989404271497432*r8^5 + 
6399659220123213307/18994702135748716*r8^4 - 
14232671305620356399/75978808542994864*r8^3 + 
1748047175840116771/37989404271497432*r8^2 + 
10974220525622525/9497351067874358*r8 - 493638636059158/365282733379783 : 
4308799937190027/18994702135748716*r8^13 - 
35319081900883101/9497351067874358*r8^12 + 
2005359850706271393/75978808542994864*r8^11 - 
4005317033431809013/37989404271497432*r8^10 + 
9709897133082183469/37989404271497432*r8^9 - 
1750534566901613264/4748675533937179*r8^8 + 
19383642323270934595/75978808542994864*r8^7 + 
2349788954707811263/37989404271497432*r8^6 - 
10251660890403522269/37989404271497432*r8^5 + 
962641147358991186/4748675533937179*r8^4 - 
3846354321709561555/75978808542994864*r8^3 - 
429978393798215725/37989404271497432*r8^2 + 
88400770928930035/9497351067874358*r8 + 4669694620687/365282733379783 : r8 : 1),
(0 : 0 : 0 : -3244340134911775/4748675533937179*r9^13 + 
57199016162179616/4748675533937179*r9^12 - 
1767687417421076629/18994702135748716*r9^11 + 
1957693099759886737/4748675533937179*r9^10 - 
5431072939318674162/4748675533937179*r9^9 + 
19132100128478078223/9497351067874358*r9^8 - 
19958824120938766507/9497351067874358*r9^7 + 
4054767705842226122/4748675533937179*r9^6 + 
14642972953325564045/18994702135748716*r9^5 - 
6506564574087353567/4748675533937179*r9^4 + 
8812268881107225285/9497351067874358*r9^3 - 
1637585531677348662/4748675533937179*r9^2 + 
299506342220237351/4748675533937179*r9 - 34512675923789235/4748675533937179 : 
-165713657716269/365282733379783*r9^13 + 2847934932457382/365282733379783*r9^12 
- 84647003932326983/1461130933519132*r9^11 + 
177032177043675345/730565466759566*r9^10 - 
451191889778659557/730565466759566*r9^9 + 
1389992871405229249/1461130933519132*r9^8 - 
277154287763254540/365282733379783*r9^7 - 1489442024087403/730565466759566*r9^6 
+ 902759941484576683/1461130933519132*r9^5 - 
211160033436702102/365282733379783*r9^4 + 
158767703172191555/730565466759566*r9^3 - 2630533239456587/1461130933519132*r9^2
- 8367229313799596/365282733379783*r9 + 1872775901012664/365282733379783 : 
571687304685459/1461130933519132*r9^13 - 
64749171370873371/9497351067874358*r9^12 + 
3966098327287441205/75978808542994864*r9^11 - 
8716215738194132351/37989404271497432*r9^10 + 
23975356693033747367/37989404271497432*r9^9 - 
20849924621226005587/18994702135748716*r9^8 + 
84709732018427879583/75978808542994864*r9^7 - 
15161341180575526231/37989404271497432*r9^6 - 
18321195758650779925/37989404271497432*r9^5 + 
3576737202476952322/4748675533937179*r9^4 - 
34897610686623974979/75978808542994864*r9^3 + 
5204783007559598259/37989404271497432*r9^2 - 
105576392500671535/9497351067874358*r9 - 4194150963202329/4748675533937179 : 
3711767451207177/9497351067874358*r9^13 - 
30070858294137012/4748675533937179*r9^12 + 
1681503339065947867/37989404271497432*r9^11 - 
1643847656739317661/9497351067874358*r9^10 + 
7715542673037975735/18994702135748716*r9^9 - 
10493464073369140469/18994702135748716*r9^8 + 
12154331255363247099/37989404271497432*r9^7 + 
1854272194557854545/9497351067874358*r9^6 - 
4437050604951174619/9497351067874358*r9^5 + 
1390845151392468794/4748675533937179*r9^4 - 
1193228922524051095/37989404271497432*r9^3 - 
932952488093588321/18994702135748716*r9^2 + 
110093087344714705/4748675533937179*r9 - 4390228980403189/4748675533937179 : 
1346326202089781/9497351067874358*r9^13 - 
10139820788552345/4748675533937179*r9^12 + 
518808864933147951/37989404271497432*r9^11 - 
907338829030241509/18994702135748716*r9^10 + 
1832167362294915889/18994702135748716*r9^9 - 
976209846094971873/9497351067874358*r9^8 + 
870592706775414429/37989404271497432*r9^7 + 
691490262988851869/9497351067874358*r9^6 - 
1497977804545816457/18994702135748716*r9^5 + 
363881274923471193/18994702135748716*r9^4 + 
515256174460578227/37989404271497432*r9^3 - 
29222149219355801/4748675533937179*r9^2 + 1301785026070680/4748675533937179*r9 +
2129949939262471/4748675533937179 : 3494162909202787/18994702135748716*r9^13 - 
29956748561696903/9497351067874358*r9^12 + 
1803738457335259625/75978808542994864*r9^11 - 
3896741314684767859/37989404271497432*r9^10 + 
10544249317040518685/37989404271497432*r9^9 - 
2254741030320720808/4748675533937179*r9^8 + 
35743757700675362047/75978808542994864*r9^7 - 
5596880519900454949/37989404271497432*r9^6 - 
9012333907560230691/37989404271497432*r9^5 + 
6399659220123213307/18994702135748716*r9^4 - 
14232671305620356399/75978808542994864*r9^3 + 
1748047175840116771/37989404271497432*r9^2 + 
10974220525622525/9497351067874358*r9 - 493638636059158/365282733379783 : 
4308799937190027/18994702135748716*r9^13 - 
35319081900883101/9497351067874358*r9^12 + 
2005359850706271393/75978808542994864*r9^11 - 
4005317033431809013/37989404271497432*r9^10 + 
9709897133082183469/37989404271497432*r9^9 - 
1750534566901613264/4748675533937179*r9^8 + 
19383642323270934595/75978808542994864*r9^7 + 
2349788954707811263/37989404271497432*r9^6 - 
10251660890403522269/37989404271497432*r9^5 + 
962641147358991186/4748675533937179*r9^4 - 
3846354321709561555/75978808542994864*r9^3 - 
429978393798215725/37989404271497432*r9^2 + 
88400770928930035/9497351067874358*r9 + 4669694620687/365282733379783 : r9 : 1),
(0 : 0 : 0 : -3244340134911775/4748675533937179*r10^13 + 
57199016162179616/4748675533937179*r10^12 - 
1767687417421076629/18994702135748716*r10^11 + 
1957693099759886737/4748675533937179*r10^10 - 
5431072939318674162/4748675533937179*r10^9 + 
19132100128478078223/9497351067874358*r10^8 - 
19958824120938766507/9497351067874358*r10^7 + 
4054767705842226122/4748675533937179*r10^6 + 
14642972953325564045/18994702135748716*r10^5 - 
6506564574087353567/4748675533937179*r10^4 + 
8812268881107225285/9497351067874358*r10^3 - 
1637585531677348662/4748675533937179*r10^2 + 
299506342220237351/4748675533937179*r10 - 34512675923789235/4748675533937179 : 
-165713657716269/365282733379783*r10^13 + 
2847934932457382/365282733379783*r10^12 - 
84647003932326983/1461130933519132*r10^11 + 
177032177043675345/730565466759566*r10^10 - 
451191889778659557/730565466759566*r10^9 + 
1389992871405229249/1461130933519132*r10^8 - 
277154287763254540/365282733379783*r10^7 - 
1489442024087403/730565466759566*r10^6 + 
902759941484576683/1461130933519132*r10^5 - 
211160033436702102/365282733379783*r10^4 + 
158767703172191555/730565466759566*r10^3 - 
2630533239456587/1461130933519132*r10^2 - 8367229313799596/365282733379783*r10 +
1872775901012664/365282733379783 : 571687304685459/1461130933519132*r10^13 - 
64749171370873371/9497351067874358*r10^12 + 
3966098327287441205/75978808542994864*r10^11 - 
8716215738194132351/37989404271497432*r10^10 + 
23975356693033747367/37989404271497432*r10^9 - 
20849924621226005587/18994702135748716*r10^8 + 
84709732018427879583/75978808542994864*r10^7 - 
15161341180575526231/37989404271497432*r10^6 - 
18321195758650779925/37989404271497432*r10^5 + 
3576737202476952322/4748675533937179*r10^4 - 
34897610686623974979/75978808542994864*r10^3 + 
5204783007559598259/37989404271497432*r10^2 - 
105576392500671535/9497351067874358*r10 - 4194150963202329/4748675533937179 : 
3711767451207177/9497351067874358*r10^13 - 
30070858294137012/4748675533937179*r10^12 + 
1681503339065947867/37989404271497432*r10^11 - 
1643847656739317661/9497351067874358*r10^10 + 
7715542673037975735/18994702135748716*r10^9 - 
10493464073369140469/18994702135748716*r10^8 + 
12154331255363247099/37989404271497432*r10^7 + 
1854272194557854545/9497351067874358*r10^6 - 
4437050604951174619/9497351067874358*r10^5 + 
1390845151392468794/4748675533937179*r10^4 - 
1193228922524051095/37989404271497432*r10^3 - 
932952488093588321/18994702135748716*r10^2 + 
110093087344714705/4748675533937179*r10 - 4390228980403189/4748675533937179 : 
1346326202089781/9497351067874358*r10^13 - 
10139820788552345/4748675533937179*r10^12 + 
518808864933147951/37989404271497432*r10^11 - 
907338829030241509/18994702135748716*r10^10 + 
1832167362294915889/18994702135748716*r10^9 - 
976209846094971873/9497351067874358*r10^8 + 
870592706775414429/37989404271497432*r10^7 + 
691490262988851869/9497351067874358*r10^6 - 
1497977804545816457/18994702135748716*r10^5 + 
363881274923471193/18994702135748716*r10^4 + 
515256174460578227/37989404271497432*r10^3 - 
29222149219355801/4748675533937179*r10^2 + 1301785026070680/4748675533937179*r10
+ 2129949939262471/4748675533937179 : 3494162909202787/18994702135748716*r10^13 
- 29956748561696903/9497351067874358*r10^12 + 
1803738457335259625/75978808542994864*r10^11 - 
3896741314684767859/37989404271497432*r10^10 + 
10544249317040518685/37989404271497432*r10^9 - 
2254741030320720808/4748675533937179*r10^8 + 
35743757700675362047/75978808542994864*r10^7 - 
5596880519900454949/37989404271497432*r10^6 - 
9012333907560230691/37989404271497432*r10^5 + 
6399659220123213307/18994702135748716*r10^4 - 
14232671305620356399/75978808542994864*r10^3 + 
1748047175840116771/37989404271497432*r10^2 + 
10974220525622525/9497351067874358*r10 - 493638636059158/365282733379783 : 
4308799937190027/18994702135748716*r10^13 - 
35319081900883101/9497351067874358*r10^12 + 
2005359850706271393/75978808542994864*r10^11 - 
4005317033431809013/37989404271497432*r10^10 + 
9709897133082183469/37989404271497432*r10^9 - 
1750534566901613264/4748675533937179*r10^8 + 
19383642323270934595/75978808542994864*r10^7 + 
2349788954707811263/37989404271497432*r10^6 - 
10251660890403522269/37989404271497432*r10^5 + 
962641147358991186/4748675533937179*r10^4 - 
3846354321709561555/75978808542994864*r10^3 - 
429978393798215725/37989404271497432*r10^2 + 
88400770928930035/9497351067874358*r10 + 4669694620687/365282733379783 : r10 : 
1), (0 : 0 : 0 : -3244340134911775/4748675533937179*r11^13 + 
57199016162179616/4748675533937179*r11^12 - 
1767687417421076629/18994702135748716*r11^11 + 
1957693099759886737/4748675533937179*r11^10 - 
5431072939318674162/4748675533937179*r11^9 + 
19132100128478078223/9497351067874358*r11^8 - 
19958824120938766507/9497351067874358*r11^7 + 
4054767705842226122/4748675533937179*r11^6 + 
14642972953325564045/18994702135748716*r11^5 - 
6506564574087353567/4748675533937179*r11^4 + 
8812268881107225285/9497351067874358*r11^3 - 
1637585531677348662/4748675533937179*r11^2 + 
299506342220237351/4748675533937179*r11 - 34512675923789235/4748675533937179 : 
-165713657716269/365282733379783*r11^13 + 
2847934932457382/365282733379783*r11^12 - 
84647003932326983/1461130933519132*r11^11 + 
177032177043675345/730565466759566*r11^10 - 
451191889778659557/730565466759566*r11^9 + 
1389992871405229249/1461130933519132*r11^8 - 
277154287763254540/365282733379783*r11^7 - 
1489442024087403/730565466759566*r11^6 + 
902759941484576683/1461130933519132*r11^5 - 
211160033436702102/365282733379783*r11^4 + 
158767703172191555/730565466759566*r11^3 - 
2630533239456587/1461130933519132*r11^2 - 8367229313799596/365282733379783*r11 +
1872775901012664/365282733379783 : 571687304685459/1461130933519132*r11^13 - 
64749171370873371/9497351067874358*r11^12 + 
3966098327287441205/75978808542994864*r11^11 - 
8716215738194132351/37989404271497432*r11^10 + 
23975356693033747367/37989404271497432*r11^9 - 
20849924621226005587/18994702135748716*r11^8 + 
84709732018427879583/75978808542994864*r11^7 - 
15161341180575526231/37989404271497432*r11^6 - 
18321195758650779925/37989404271497432*r11^5 + 
3576737202476952322/4748675533937179*r11^4 - 
34897610686623974979/75978808542994864*r11^3 + 
5204783007559598259/37989404271497432*r11^2 - 
105576392500671535/9497351067874358*r11 - 4194150963202329/4748675533937179 : 
3711767451207177/9497351067874358*r11^13 - 
30070858294137012/4748675533937179*r11^12 + 
1681503339065947867/37989404271497432*r11^11 - 
1643847656739317661/9497351067874358*r11^10 + 
7715542673037975735/18994702135748716*r11^9 - 
10493464073369140469/18994702135748716*r11^8 + 
12154331255363247099/37989404271497432*r11^7 + 
1854272194557854545/9497351067874358*r11^6 - 
4437050604951174619/9497351067874358*r11^5 + 
1390845151392468794/4748675533937179*r11^4 - 
1193228922524051095/37989404271497432*r11^3 - 
932952488093588321/18994702135748716*r11^2 + 
110093087344714705/4748675533937179*r11 - 4390228980403189/4748675533937179 : 
1346326202089781/9497351067874358*r11^13 - 
10139820788552345/4748675533937179*r11^12 + 
518808864933147951/37989404271497432*r11^11 - 
907338829030241509/18994702135748716*r11^10 + 
1832167362294915889/18994702135748716*r11^9 - 
976209846094971873/9497351067874358*r11^8 + 
870592706775414429/37989404271497432*r11^7 + 
691490262988851869/9497351067874358*r11^6 - 
1497977804545816457/18994702135748716*r11^5 + 
363881274923471193/18994702135748716*r11^4 + 
515256174460578227/37989404271497432*r11^3 - 
29222149219355801/4748675533937179*r11^2 + 1301785026070680/4748675533937179*r11
+ 2129949939262471/4748675533937179 : 3494162909202787/18994702135748716*r11^13 
- 29956748561696903/9497351067874358*r11^12 + 
1803738457335259625/75978808542994864*r11^11 - 
3896741314684767859/37989404271497432*r11^10 + 
10544249317040518685/37989404271497432*r11^9 - 
2254741030320720808/4748675533937179*r11^8 + 
35743757700675362047/75978808542994864*r11^7 - 
5596880519900454949/37989404271497432*r11^6 - 
9012333907560230691/37989404271497432*r11^5 + 
6399659220123213307/18994702135748716*r11^4 - 
14232671305620356399/75978808542994864*r11^3 + 
1748047175840116771/37989404271497432*r11^2 + 
10974220525622525/9497351067874358*r11 - 493638636059158/365282733379783 : 
4308799937190027/18994702135748716*r11^13 - 
35319081900883101/9497351067874358*r11^12 + 
2005359850706271393/75978808542994864*r11^11 - 
4005317033431809013/37989404271497432*r11^10 + 
9709897133082183469/37989404271497432*r11^9 - 
1750534566901613264/4748675533937179*r11^8 + 
19383642323270934595/75978808542994864*r11^7 + 
2349788954707811263/37989404271497432*r11^6 - 
10251660890403522269/37989404271497432*r11^5 + 
962641147358991186/4748675533937179*r11^4 - 
3846354321709561555/75978808542994864*r11^3 - 
429978393798215725/37989404271497432*r11^2 + 
88400770928930035/9497351067874358*r11 + 4669694620687/365282733379783 : r11 : 
1), (0 : 0 : 0 : -3244340134911775/4748675533937179*r12^13 + 
57199016162179616/4748675533937179*r12^12 - 
1767687417421076629/18994702135748716*r12^11 + 
1957693099759886737/4748675533937179*r12^10 - 
5431072939318674162/4748675533937179*r12^9 + 
19132100128478078223/9497351067874358*r12^8 - 
19958824120938766507/9497351067874358*r12^7 + 
4054767705842226122/4748675533937179*r12^6 + 
14642972953325564045/18994702135748716*r12^5 - 
6506564574087353567/4748675533937179*r12^4 + 
8812268881107225285/9497351067874358*r12^3 - 
1637585531677348662/4748675533937179*r12^2 + 
299506342220237351/4748675533937179*r12 - 34512675923789235/4748675533937179 : 
-165713657716269/365282733379783*r12^13 + 
2847934932457382/365282733379783*r12^12 - 
84647003932326983/1461130933519132*r12^11 + 
177032177043675345/730565466759566*r12^10 - 
451191889778659557/730565466759566*r12^9 + 
1389992871405229249/1461130933519132*r12^8 - 
277154287763254540/365282733379783*r12^7 - 
1489442024087403/730565466759566*r12^6 + 
902759941484576683/1461130933519132*r12^5 - 
211160033436702102/365282733379783*r12^4 + 
158767703172191555/730565466759566*r12^3 - 
2630533239456587/1461130933519132*r12^2 - 8367229313799596/365282733379783*r12 +
1872775901012664/365282733379783 : 571687304685459/1461130933519132*r12^13 - 
64749171370873371/9497351067874358*r12^12 + 
3966098327287441205/75978808542994864*r12^11 - 
8716215738194132351/37989404271497432*r12^10 + 
23975356693033747367/37989404271497432*r12^9 - 
20849924621226005587/18994702135748716*r12^8 + 
84709732018427879583/75978808542994864*r12^7 - 
15161341180575526231/37989404271497432*r12^6 - 
18321195758650779925/37989404271497432*r12^5 + 
3576737202476952322/4748675533937179*r12^4 - 
34897610686623974979/75978808542994864*r12^3 + 
5204783007559598259/37989404271497432*r12^2 - 
105576392500671535/9497351067874358*r12 - 4194150963202329/4748675533937179 : 
3711767451207177/9497351067874358*r12^13 - 
30070858294137012/4748675533937179*r12^12 + 
1681503339065947867/37989404271497432*r12^11 - 
1643847656739317661/9497351067874358*r12^10 + 
7715542673037975735/18994702135748716*r12^9 - 
10493464073369140469/18994702135748716*r12^8 + 
12154331255363247099/37989404271497432*r12^7 + 
1854272194557854545/9497351067874358*r12^6 - 
4437050604951174619/9497351067874358*r12^5 + 
1390845151392468794/4748675533937179*r12^4 - 
1193228922524051095/37989404271497432*r12^3 - 
932952488093588321/18994702135748716*r12^2 + 
110093087344714705/4748675533937179*r12 - 4390228980403189/4748675533937179 : 
1346326202089781/9497351067874358*r12^13 - 
10139820788552345/4748675533937179*r12^12 + 
518808864933147951/37989404271497432*r12^11 - 
907338829030241509/18994702135748716*r12^10 + 
1832167362294915889/18994702135748716*r12^9 - 
976209846094971873/9497351067874358*r12^8 + 
870592706775414429/37989404271497432*r12^7 + 
691490262988851869/9497351067874358*r12^6 - 
1497977804545816457/18994702135748716*r12^5 + 
363881274923471193/18994702135748716*r12^4 + 
515256174460578227/37989404271497432*r12^3 - 
29222149219355801/4748675533937179*r12^2 + 1301785026070680/4748675533937179*r12
+ 2129949939262471/4748675533937179 : 3494162909202787/18994702135748716*r12^13 
- 29956748561696903/9497351067874358*r12^12 + 
1803738457335259625/75978808542994864*r12^11 - 
3896741314684767859/37989404271497432*r12^10 + 
10544249317040518685/37989404271497432*r12^9 - 
2254741030320720808/4748675533937179*r12^8 + 
35743757700675362047/75978808542994864*r12^7 - 
5596880519900454949/37989404271497432*r12^6 - 
9012333907560230691/37989404271497432*r12^5 + 
6399659220123213307/18994702135748716*r12^4 - 
14232671305620356399/75978808542994864*r12^3 + 
1748047175840116771/37989404271497432*r12^2 + 
10974220525622525/9497351067874358*r12 - 493638636059158/365282733379783 : 
4308799937190027/18994702135748716*r12^13 - 
35319081900883101/9497351067874358*r12^12 + 
2005359850706271393/75978808542994864*r12^11 - 
4005317033431809013/37989404271497432*r12^10 + 
9709897133082183469/37989404271497432*r12^9 - 
1750534566901613264/4748675533937179*r12^8 + 
19383642323270934595/75978808542994864*r12^7 + 
2349788954707811263/37989404271497432*r12^6 - 
10251660890403522269/37989404271497432*r12^5 + 
962641147358991186/4748675533937179*r12^4 - 
3846354321709561555/75978808542994864*r12^3 - 
429978393798215725/37989404271497432*r12^2 + 
88400770928930035/9497351067874358*r12 + 4669694620687/365282733379783 : r12 : 
1), (0 : 0 : 0 : -3244340134911775/4748675533937179*r13^13 + 
57199016162179616/4748675533937179*r13^12 - 
1767687417421076629/18994702135748716*r13^11 + 
1957693099759886737/4748675533937179*r13^10 - 
5431072939318674162/4748675533937179*r13^9 + 
19132100128478078223/9497351067874358*r13^8 - 
19958824120938766507/9497351067874358*r13^7 + 
4054767705842226122/4748675533937179*r13^6 + 
14642972953325564045/18994702135748716*r13^5 - 
6506564574087353567/4748675533937179*r13^4 + 
8812268881107225285/9497351067874358*r13^3 - 
1637585531677348662/4748675533937179*r13^2 + 
299506342220237351/4748675533937179*r13 - 34512675923789235/4748675533937179 : 
-165713657716269/365282733379783*r13^13 + 
2847934932457382/365282733379783*r13^12 - 
84647003932326983/1461130933519132*r13^11 + 
177032177043675345/730565466759566*r13^10 - 
451191889778659557/730565466759566*r13^9 + 
1389992871405229249/1461130933519132*r13^8 - 
277154287763254540/365282733379783*r13^7 - 
1489442024087403/730565466759566*r13^6 + 
902759941484576683/1461130933519132*r13^5 - 
211160033436702102/365282733379783*r13^4 + 
158767703172191555/730565466759566*r13^3 - 
2630533239456587/1461130933519132*r13^2 - 8367229313799596/365282733379783*r13 +
1872775901012664/365282733379783 : 571687304685459/1461130933519132*r13^13 - 
64749171370873371/9497351067874358*r13^12 + 
3966098327287441205/75978808542994864*r13^11 - 
8716215738194132351/37989404271497432*r13^10 + 
23975356693033747367/37989404271497432*r13^9 - 
20849924621226005587/18994702135748716*r13^8 + 
84709732018427879583/75978808542994864*r13^7 - 
15161341180575526231/37989404271497432*r13^6 - 
18321195758650779925/37989404271497432*r13^5 + 
3576737202476952322/4748675533937179*r13^4 - 
34897610686623974979/75978808542994864*r13^3 + 
5204783007559598259/37989404271497432*r13^2 - 
105576392500671535/9497351067874358*r13 - 4194150963202329/4748675533937179 : 
3711767451207177/9497351067874358*r13^13 - 
30070858294137012/4748675533937179*r13^12 + 
1681503339065947867/37989404271497432*r13^11 - 
1643847656739317661/9497351067874358*r13^10 + 
7715542673037975735/18994702135748716*r13^9 - 
10493464073369140469/18994702135748716*r13^8 + 
12154331255363247099/37989404271497432*r13^7 + 
1854272194557854545/9497351067874358*r13^6 - 
4437050604951174619/9497351067874358*r13^5 + 
1390845151392468794/4748675533937179*r13^4 - 
1193228922524051095/37989404271497432*r13^3 - 
932952488093588321/18994702135748716*r13^2 + 
110093087344714705/4748675533937179*r13 - 4390228980403189/4748675533937179 : 
1346326202089781/9497351067874358*r13^13 - 
10139820788552345/4748675533937179*r13^12 + 
518808864933147951/37989404271497432*r13^11 - 
907338829030241509/18994702135748716*r13^10 + 
1832167362294915889/18994702135748716*r13^9 - 
976209846094971873/9497351067874358*r13^8 + 
870592706775414429/37989404271497432*r13^7 + 
691490262988851869/9497351067874358*r13^6 - 
1497977804545816457/18994702135748716*r13^5 + 
363881274923471193/18994702135748716*r13^4 + 
515256174460578227/37989404271497432*r13^3 - 
29222149219355801/4748675533937179*r13^2 + 1301785026070680/4748675533937179*r13
+ 2129949939262471/4748675533937179 : 3494162909202787/18994702135748716*r13^13 
- 29956748561696903/9497351067874358*r13^12 + 
1803738457335259625/75978808542994864*r13^11 - 
3896741314684767859/37989404271497432*r13^10 + 
10544249317040518685/37989404271497432*r13^9 - 
2254741030320720808/4748675533937179*r13^8 + 
35743757700675362047/75978808542994864*r13^7 - 
5596880519900454949/37989404271497432*r13^6 - 
9012333907560230691/37989404271497432*r13^5 + 
6399659220123213307/18994702135748716*r13^4 - 
14232671305620356399/75978808542994864*r13^3 + 
1748047175840116771/37989404271497432*r13^2 + 
10974220525622525/9497351067874358*r13 - 493638636059158/365282733379783 : 
4308799937190027/18994702135748716*r13^13 - 
35319081900883101/9497351067874358*r13^12 + 
2005359850706271393/75978808542994864*r13^11 - 
4005317033431809013/37989404271497432*r13^10 + 
9709897133082183469/37989404271497432*r13^9 - 
1750534566901613264/4748675533937179*r13^8 + 
19383642323270934595/75978808542994864*r13^7 + 
2349788954707811263/37989404271497432*r13^6 - 
10251660890403522269/37989404271497432*r13^5 + 
962641147358991186/4748675533937179*r13^4 - 
3846354321709561555/75978808542994864*r13^3 - 
429978393798215725/37989404271497432*r13^2 + 
88400770928930035/9497351067874358*r13 + 4669694620687/365282733379783 : r13 : 
1), (0 : 0 : 0 : -3244340134911775/4748675533937179*r14^13 + 
57199016162179616/4748675533937179*r14^12 - 
1767687417421076629/18994702135748716*r14^11 + 
1957693099759886737/4748675533937179*r14^10 - 
5431072939318674162/4748675533937179*r14^9 + 
19132100128478078223/9497351067874358*r14^8 - 
19958824120938766507/9497351067874358*r14^7 + 
4054767705842226122/4748675533937179*r14^6 + 
14642972953325564045/18994702135748716*r14^5 - 
6506564574087353567/4748675533937179*r14^4 + 
8812268881107225285/9497351067874358*r14^3 - 
1637585531677348662/4748675533937179*r14^2 + 
299506342220237351/4748675533937179*r14 - 34512675923789235/4748675533937179 : 
-165713657716269/365282733379783*r14^13 + 
2847934932457382/365282733379783*r14^12 - 
84647003932326983/1461130933519132*r14^11 + 
177032177043675345/730565466759566*r14^10 - 
451191889778659557/730565466759566*r14^9 + 
1389992871405229249/1461130933519132*r14^8 - 
277154287763254540/365282733379783*r14^7 - 
1489442024087403/730565466759566*r14^6 + 
902759941484576683/1461130933519132*r14^5 - 
211160033436702102/365282733379783*r14^4 + 
158767703172191555/730565466759566*r14^3 - 
2630533239456587/1461130933519132*r14^2 - 8367229313799596/365282733379783*r14 +
1872775901012664/365282733379783 : 571687304685459/1461130933519132*r14^13 - 
64749171370873371/9497351067874358*r14^12 + 
3966098327287441205/75978808542994864*r14^11 - 
8716215738194132351/37989404271497432*r14^10 + 
23975356693033747367/37989404271497432*r14^9 - 
20849924621226005587/18994702135748716*r14^8 + 
84709732018427879583/75978808542994864*r14^7 - 
15161341180575526231/37989404271497432*r14^6 - 
18321195758650779925/37989404271497432*r14^5 + 
3576737202476952322/4748675533937179*r14^4 - 
34897610686623974979/75978808542994864*r14^3 + 
5204783007559598259/37989404271497432*r14^2 - 
105576392500671535/9497351067874358*r14 - 4194150963202329/4748675533937179 : 
3711767451207177/9497351067874358*r14^13 - 
30070858294137012/4748675533937179*r14^12 + 
1681503339065947867/37989404271497432*r14^11 - 
1643847656739317661/9497351067874358*r14^10 + 
7715542673037975735/18994702135748716*r14^9 - 
10493464073369140469/18994702135748716*r14^8 + 
12154331255363247099/37989404271497432*r14^7 + 
1854272194557854545/9497351067874358*r14^6 - 
4437050604951174619/9497351067874358*r14^5 + 
1390845151392468794/4748675533937179*r14^4 - 
1193228922524051095/37989404271497432*r14^3 - 
932952488093588321/18994702135748716*r14^2 + 
110093087344714705/4748675533937179*r14 - 4390228980403189/4748675533937179 : 
1346326202089781/9497351067874358*r14^13 - 
10139820788552345/4748675533937179*r14^12 + 
518808864933147951/37989404271497432*r14^11 - 
907338829030241509/18994702135748716*r14^10 + 
1832167362294915889/18994702135748716*r14^9 - 
976209846094971873/9497351067874358*r14^8 + 
870592706775414429/37989404271497432*r14^7 + 
691490262988851869/9497351067874358*r14^6 - 
1497977804545816457/18994702135748716*r14^5 + 
363881274923471193/18994702135748716*r14^4 + 
515256174460578227/37989404271497432*r14^3 - 
29222149219355801/4748675533937179*r14^2 + 1301785026070680/4748675533937179*r14
+ 2129949939262471/4748675533937179 : 3494162909202787/18994702135748716*r14^13 
- 29956748561696903/9497351067874358*r14^12 + 
1803738457335259625/75978808542994864*r14^11 - 
3896741314684767859/37989404271497432*r14^10 + 
10544249317040518685/37989404271497432*r14^9 - 
2254741030320720808/4748675533937179*r14^8 + 
35743757700675362047/75978808542994864*r14^7 - 
5596880519900454949/37989404271497432*r14^6 - 
9012333907560230691/37989404271497432*r14^5 + 
6399659220123213307/18994702135748716*r14^4 - 
14232671305620356399/75978808542994864*r14^3 + 
1748047175840116771/37989404271497432*r14^2 + 
10974220525622525/9497351067874358*r14 - 493638636059158/365282733379783 : 
4308799937190027/18994702135748716*r14^13 - 
35319081900883101/9497351067874358*r14^12 + 
2005359850706271393/75978808542994864*r14^11 - 
4005317033431809013/37989404271497432*r14^10 + 
9709897133082183469/37989404271497432*r14^9 - 
1750534566901613264/4748675533937179*r14^8 + 
19383642323270934595/75978808542994864*r14^7 + 
2349788954707811263/37989404271497432*r14^6 - 
10251660890403522269/37989404271497432*r14^5 + 
962641147358991186/4748675533937179*r14^4 - 
3846354321709561555/75978808542994864*r14^3 - 
429978393798215725/37989404271497432*r14^2 + 
88400770928930035/9497351067874358*r14 + 4669694620687/365282733379783 : r14 : 
1) @}
The degrees of these points are [] (or > 2).
Hence there are no quadratic points on X_0(149) not coming from pullbacks of 
rationals, except the points you forwarded: [].
done

Total time: 109.879 seconds, Total memory usage: 216.75MB
