N = 58
Model:
Curve over Rational Field defined by
5*x[1]^2 + 29*x[3]^2 - x[4]^2 - 4*x[5]^2 + 12*x[5]*x[6] - 9*x[6]^2,
x[1]*x[2] + x[1]*x[3] - x[4]*x[5] + x[4]*x[6],
x[1]*x[4] - x[2]*x[5] + 2*x[2]*x[6] - 2*x[3]*x[5] + 5*x[3]*x[6],
x[1]*x[5] - 3*x[1]*x[6] - x[2]*x[4] + 5*x[3]*x[4],
5*x[2]^2 - 9*x[3]^2 - 4*x[4]^2 - x[5]^2 + 8*x[5]*x[6] - 11*x[6]^2,
5*x[2]*x[3] + 4*x[3]^2 - x[4]^2 + x[5]^2 - 3*x[5]*x[6] + x[6]^2
w_ 2 is given by [
    x[1],
    x[2],
    x[3],
    -x[4],
    -x[5],
    -x[6]
]
w_ 29 is given by [
    x[1],
    -x[2],
    -x[3],
    x[4],
    -x[5],
    -x[6]
]
w_ 58 is given by [
    x[1],
    -x[2],
    -x[3],
    -x[4],
    x[5],
    x[6]
]
P1 coordinates: (-2*T : 1 : -1 : 0 : 3 : 1) where T^2 = -1 and j-invariant = 1728 and CM by -4
P2 coordinates: (2*T : -1 : 1 : 0 : 3 : 1) where T^2 = -1 and j-invariant = 287496 and CM by -16
P3 coordinates: (0 : 0 : 0 : T : 1 : 1) where T^2 = -1 and j-invariant = 1728 and CM by -4
P4 coordinates: (1/3*T : 0 : 1/3 : 1/3*T : 4/3 : 1) where T^2 = -7 and j-invariant = -3375 and CM by -7
P5 coordinates: (1/3*T : 0 : -1/3 : -1/3*T : 4/3 : 1) where T^2 = -7 and j-invariant = 16581375 and CM by -28
P6 coordinates: (0 : -5/29*T : -1/29*T : 1 : 0 : 0) where T^2 = 29 and j-invariant = -56147767009798464000*T + 302364978924945672000 and CM by -232
+++++++++++++++++++++++++++++++++++++++++++++++++++++++++++++++++++++++
N = 68
Model:
Curve over Rational Field defined by
x[1]^2 + 4*x[5]^2 - 12*x[5]*x[6] - 8*x[6]^2 - x[7]^2,
x[1]*x[2] + x[1]*x[3] - x[4]*x[7] - x[5]*x[7] + 2*x[6]*x[7],
x[1]*x[4] + 2*x[1]*x[6] - x[2]*x[7],
x[1]*x[5] - x[3]*x[7],
x[1]*x[7] - x[2]*x[4] + 2*x[2]*x[6] + 2*x[3]*x[4] - x[3]*x[5] + 8*x[3]*x[6],
x[2]^2 - 2*x[4]*x[5] - x[4]*x[6] + 2*x[5]^2 - 12*x[5]*x[6] - x[7]^2,
x[2]*x[3] - x[4]*x[5] + x[4]*x[6] - x[5]^2 + 2*x[5]*x[6],
x[2]*x[5] - x[3]*x[4] - 2*x[3]*x[6],
x[3]^2 - x[4]*x[6],
x[4]^2 - 2*x[4]*x[5] + x[5]^2 - 8*x[5]*x[6] - 4*x[6]^2 - x[7]^2
w_ 4 is given by [
    x[1],
    x[2],
    x[3],
    -x[4],
    -x[5],
    -x[6],
    -x[7]
]
w_ 17 is given by [
    x[1],
    -x[2],
    -x[3],
    x[4],
    x[5],
    x[6],
    -x[7]
]
w_ 68 is given by [
    x[1],
    -x[2],
    -x[3],
    -x[4],
    -x[5],
    -x[6],
    x[7]
]
P1 coordinates: (-T : -1 : 0 : 0 : 0 : -1/2*T : 1) where T^2 = -1 and j-invariant = 1728 and CM by -4
P2 coordinates: (T : 1 : 0 : 0 : 0 : -1/2*T : 1) where T^2 = -1 and j-invariant = 287496 and CM by -16
P3 coordinates: (0 : 0 : 0 : 0 : -1/2*T : -1/4*T : 1) where T^2 = -1 and j-invariant = 287496 and CM by -16
+++++++++++++++++++++++++++++++++++++++++++++++++++++++++++++++++++++++
N = 74
Model:
Curve over Rational Field defined by
x[1]^2 - x[5]^2 - 2*x[5]*x[7] + 8*x[6]^2 + 8*x[6]*x[7] - x[7]^2,
x[1]*x[2] + x[1]*x[4] - x[5]*x[8] - 2*x[6]*x[8] - x[7]*x[8],
x[1]*x[3] - x[6]*x[8] - 2*x[7]*x[8],
x[1]*x[5] - x[1]*x[7] - x[2]*x[8] - 2*x[3]*x[8] + x[4]*x[8],
x[1]*x[6] - x[3]*x[8] - 2*x[4]*x[8],
x[1]*x[8] - x[2]*x[5] + 2*x[3]*x[5] - 2*x[3]*x[7] + 2*x[4]*x[5] + 4*x[4]*x[6] - 3*x[4]*x[7],
148*x[2]^2 - 123*x[5]^2 - 100*x[5]*x[6] + 190*x[5]*x[7] - 40*x[6]^2 + 192*x[6]*x[7] + 81*x[7]^2 - 25*x[8]^2,
74*x[2]*x[3] - 5*x[5]^2 - 54*x[5]*x[6] - 38*x[5]*x[7] + 8*x[6]^2 + 80*x[6]*x[7] + 43*x[7]^2 + 5*x[8]^2,
148*x[2]*x[4] + 5*x[5]^2 - 20*x[5]*x[6] - 110*x[5]*x[7] - 8*x[6]^2 - 80*x[6]*x[7] - 43*x[7]^2 - 5*x[8]^2,
x[2]*x[6] - x[3]*x[5],
x[2]*x[7] - x[4]*x[5] + 2*x[4]*x[7],
37*x[3]^2 + x[5]^2 - 4*x[5]*x[6] - 22*x[5]*x[7] - 9*x[6]^2 - 16*x[6]*x[7] + 21*x[7]^2 - x[8]^2,
74*x[3]*x[4] - x[5]^2 + 4*x[5]*x[6] + 22*x[5]*x[7] - 28*x[6]^2 - 58*x[6]*x[7] - 21*x[7]^2 + x[8]^2,
2*x[3]*x[6] + x[3]*x[7] - 2*x[4]*x[5] - x[4]*x[6] + 2*x[4]*x[7],
148*x[4]^2 + x[5]^2 - 4*x[5]*x[6] + 126*x[5]*x[7] - 120*x[6]^2 - 16*x[6]*x[7] + 21*x[7]^2 - x[8]^2
w_ 2 is given by [
    x[1],
    x[2],
    x[3],
    x[4],
    -x[5],
    -x[6],
    -x[7],
    -x[8]
]
w_ 37 is given by [
    x[1],
    -x[2],
    -x[3],
    -x[4],
    x[5],
    x[6],
    x[7],
    -x[8]
]
w_ 74 is given by [
    x[1],
    -x[2],
    -x[3],
    -x[4],
    -x[5],
    -x[6],
    -x[7],
    x[8]
]
P1 coordinates: (-1 : 0 : 0 : -1/7*T : -2/7*T : 2/7*T : -1/7*T : 1) where T^2 = -7 and j-invariant = -3375 and CM by -7
P2 coordinates: (1 : 0 : 0 : -1/7*T : 2/7*T : -2/7*T : 1/7*T : 1) where T^2 = -7 and j-invariant = -3375 and CM by -7
P3 coordinates: (T : -2 : -2 : 1 : 0 : 0 : -T : 1) where T^2 = -7 and j-invariant = -3375 and CM by -7
P4 coordinates: (T : 2 : 2 : -1 : 0 : 0 : T : 1) where T^2 = -7 and j-invariant = 16581375 and CM by -28
P5 coordinates: (0 : 0 : 0 : 0 : -3/4*T : 1/2*T : -1/4*T : 1) where T^2 = -1 and j-invariant = 1728 and CM by -4
P6 coordinates: (2 : T : 0 : -T : 1 : 0 : 1 : 0) where T^2 = -1 and j-invariant = 1728 and CM by -4
P7 coordinates: (-2 : T : 0 : -T : 1 : 0 : 1 : 0) where T^2 = -1 and j-invariant = 287496 and CM by -16
P8 coordinates: (-T : -1/2 : 1/2 : 1/2 : -1/2*T : 1/2*T : -1/2*T : 1) where T^2 = -3 and j-invariant = 54000 and CM by -12
P9 coordinates: (T : 1/2 : -1/2 : -1/2 : -1/2*T : 1/2*T : -1/2*T : 1) where T^2 = -3 and j-invariant = 0 and CM by -3
P10 coordinates: (0 : 5/74*T : -1/37*T : 1/74*T : 0 : 0 : 0 : 1) where T^2 = 37 and j-invariant = -3260047059360000*T + 19830091900536000 and CM by -148
+++++++++++++++++++++++++++++++++++++++++++++++++++++++++++++++++++++++
N = 76
Model:
Curve over Rational Field defined by
15*x[1]^2 - 152*x[4]^2 - x[5]^2 - 4*x[5]*x[6] + 53*x[6]^2 - 14*x[7]^2 + 34*x[7]*x[8] - 60*x[8]^2,
x[1]*x[2] - x[5]*x[7] + 2*x[5]*x[8] - x[6]*x[7] + 2*x[6]*x[8],
x[1]*x[3] - x[5]*x[8],
x[1]*x[4] - x[6]*x[8],
x[1]*x[5] - x[2]*x[7] + x[3]*x[7] - 5*x[3]*x[8] + 2*x[4]*x[7] - 4*x[4]*x[8],
x[1]*x[6] - x[3]*x[7] + 2*x[3]*x[8] - x[4]*x[8],
x[1]*x[7] - x[2]*x[5] - x[2]*x[6] + 2*x[3]*x[5] + 4*x[4]*x[5] + 6*x[4]*x[6],
x[1]*x[8] - 2*x[2]*x[6] + x[3]*x[5] + 3*x[4]*x[6],
5*x[2]^2 - 36*x[4]^2 - 3*x[5]^2 - 2*x[5]*x[6] + 9*x[6]^2 - 2*x[7]^2 + 2*x[7]*x[8] - 5*x[8]^2,
20*x[2]*x[3] + 8*x[4]^2 - x[5]^2 - 14*x[5]*x[6] - 17*x[6]^2 + x[7]^2 - 6*x[7]*x[8] + 5*x[8]^2,
12*x[2]*x[4] - 8*x[4]^2 - x[5]^2 + 2*x[5]*x[6] - x[6]^2 + x[7]^2 - 2*x[7]*x[8] - 3*x[8]^2,
x[2]*x[8] - x[3]*x[7] + 2*x[3]*x[8] - x[4]*x[7] + 2*x[4]*x[8],
6*x[3]^2 + 10*x[4]^2 - x[5]^2 + 2*x[5]*x[6] - x[6]^2 + x[7]^2 - 2*x[7]*x[8] + 3*x[8]^2,
20*x[3]*x[4] + 12*x[4]^2 + x[5]^2 - 6*x[5]*x[6] - 3*x[6]^2 - x[7]^2 + 6*x[7]*x[8] - 5*x[8]^2,
x[3]*x[6] - x[4]*x[5]
w_ 4 is given by [
    x[1],
    x[2],
    x[3],
    x[4],
    -x[5],
    -x[6],
    -x[7],
    -x[8]
]
w_ 19 is given by [
    x[1],
    -x[2],
    -x[3],
    -x[4],
    x[5],
    x[6],
    -x[7],
    -x[8]
]
w_ 76 is given by [
    x[1],
    -x[2],
    -x[3],
    -x[4],
    -x[5],
    -x[6],
    x[7],
    x[8]
]
P1 coordinates: (-1 : 0 : 0 : 1/3*T : 0 : -1/3*T : 2 : 1) where T^2 = -3 and j-invariant = 54000 and CM by -12
P2 coordinates: (1 : 0 : 0 : -1/3*T : 0 : -1/3*T : 2 : 1) where T^2 = -3 and j-invariant = 54000 and CM by -12
+++++++++++++++++++++++++++++++++++++++++++++++++++++++++++++++++++++++
N = 80
Model:
Curve over Rational Field defined by
4*x[1]^2 + 32*x[3]*x[4] + 32*x[4]^2 - 7*x[5]^2 + 12*x[5]*x[6] + 4*x[6]^2 + 3*x[7]^2,
x[1]*x[2] - 2*x[1]*x[4] - x[5]*x[7] - 2*x[6]*x[7],
x[1]*x[3] - 2*x[1]*x[4] - x[6]*x[7],
x[1]*x[5] - x[2]*x[7] - 2*x[3]*x[7] - 2*x[4]*x[7],
x[1]*x[7] - x[2]*x[5] + 2*x[3]*x[5] - 4*x[3]*x[6] + 6*x[4]*x[5] + 8*x[4]*x[6],
8*x[2]^2 - 32*x[3]*x[4] - 7*x[5]^2 - 4*x[5]*x[6] + 4*x[6]^2 - x[7]^2,
16*x[2]*x[3] - 32*x[4]^2 - x[5]^2 - 12*x[5]*x[6] - 4*x[6]^2 + x[7]^2,
32*x[2]*x[4] + 32*x[3]*x[4] + 32*x[4]^2 + 3*x[5]^2 - 12*x[5]*x[6] - 20*x[6]^2 - 3*x[7]^2,
x[2]*x[6] - x[3]*x[5] - 2*x[3]*x[6] + 2*x[4]*x[5] + 2*x[4]*x[6],
8*x[3]^2 + x[5]^2 - 4*x[5]*x[6] - 4*x[6]^2 - x[7]^2
w_ 5 is given by [
    x[1],
    x[2],
    x[3],
    x[4],
    -x[5],
    -x[6],
    -x[7]
]
w_ 16 is given by [
    x[1],
    -x[2],
    -x[3],
    -x[4],
    x[5],
    x[6],
    -x[7]
]
w_ 80 is given by [
    x[1],
    -x[2],
    -x[3],
    -x[4],
    -x[5],
    -x[6],
    x[7]
]
No non-cuspidal quadratic points
+++++++++++++++++++++++++++++++++++++++++++++++++++++++++++++++++++++++
N = 85
Model:
Curve over Rational Field defined by
x[1]^2 + 7*x[4]^2 - 2*x[5]^2 + 2*x[5]*x[6] + 4*x[6]^2 + x[7]^2,
6*x[1]*x[2] + 11*x[4]^2 - x[5]^2 - 4*x[5]*x[6] - 8*x[6]^2 + x[7]^2,
x[1]*x[3] - x[2]*x[3] + 2*x[2]*x[4] - x[5]*x[7],
x[1]*x[4] - 2*x[2]*x[3] - x[2]*x[4] + x[6]*x[7],
x[1]*x[5] - x[2]*x[5] + 2*x[2]*x[6] - x[3]*x[7],
x[1]*x[6] - 2*x[2]*x[5] - x[2]*x[6] + x[4]*x[7],
x[1]*x[7] + x[2]*x[7] - x[3]*x[5] - 4*x[3]*x[6] + 4*x[4]*x[5] - x[4]*x[6],
3*x[2]^2 - 2*x[4]^2 + x[5]^2 - 2*x[5]*x[6] - 4*x[6]^2 - x[7]^2,
x[3]^2 + x[4]^2 - x[5]^2 - x[6]^2,
3*x[3]*x[4] - 5*x[4]^2 + x[5]^2 - 5*x[5]*x[6] - 4*x[6]^2 - x[7]^2
w_ 5 is given by [
    x[1],
    x[2],
    x[3],
    x[4],
    -x[5],
    -x[6],
    -x[7]
]
w_ 17 is given by [
    x[1],
    x[2],
    -x[3],
    -x[4],
    x[5],
    x[6],
    -x[7]
]
w_ 85 is given by [
    x[1],
    x[2],
    -x[3],
    -x[4],
    -x[5],
    -x[6],
    x[7]
]
P1 coordinates: (-1 : 0 : 1/19*T : 2/19*T : -1/19*T : 2/19*T : 1) where T^2 = -19 and j-invariant = -884736 and CM by -19
P2 coordinates: (1 : 0 : 1/19*T : 2/19*T : 1/19*T : -2/19*T : 1) where T^2 = -19 and j-invariant = -884736 and CM by -19
P3 coordinates: (1/2 : 1/2 : 1/4*T : -1/2*T : -1/2*T : 1/4*T : 1) where T^2 = -1 and j-invariant = 1728 and CM by -4
P4 coordinates: (-1/2 : -1/2 : 1/4*T : -1/2*T : 1/2*T : -1/4*T : 1) where T^2 = -1 and j-invariant = 1728 and CM by -4
P5 coordinates: (1/2 : 1/2 : 0 : 1/2*T : 1/2*T : 0 : 1) where T^2 = -1 and j-invariant = 287496 and CM by -16
+++++++++++++++++++++++++++++++++++++++++++++++++++++++++++++++++++++++
N = 86
Model:
Curve over Rational Field defined by
x[1]^2 - x[6]^2 + 4*x[6]*x[8] + 8*x[7]*x[8] + 4*x[8]^2,
x[1]*x[2] - x[6]*x[9],
x[1]*x[3] - x[7]*x[9] + 2*x[7]*x[10] - 2*x[8]*x[9] + x[8]*x[10],
x[1]*x[4] - x[8]*x[9],
x[1]*x[5] - x[8]*x[10],
x[1]*x[6] - x[2]*x[9] - 4*x[5]*x[9] + 4*x[5]*x[10],
x[1]*x[7] - x[3]*x[9] + 2*x[3]*x[10] - 2*x[4]*x[9] + 3*x[5]*x[9] - 2*x[5]*x[10],
x[1]*x[8] - 4*x[3]*x[10] + 3*x[4]*x[9] - 4*x[5]*x[9],
x[1]*x[9] - x[2]*x[6] + 4*x[4]*x[6] - 4*x[4]*x[8] + 8*x[5]*x[6] + 16*x[5]*x[7] + 8*x[5]*x[8],
x[1]*x[10] - x[3]*x[6] + x[4]*x[6] + 4*x[5]*x[6] + 8*x[5]*x[7] + 4*x[5]*x[8],
1849*x[2]^2 - 880*x[6]^2 - 1960*x[6]*x[7] - 36*x[6]*x[8] - 1224*x[7]^2 + 336*x[7]*x[8] + 268*x[8]^2 - 969*x[9]^2 + 1960*x[9]*x[10] - 656*x[10]^2,
1849*x[2]*x[3] - 210*x[6]^2 - 972*x[6]*x[7] - 765*x[6]*x[8] - 124*x[7]^2 - 256*x[7]*x[8] + 148*x[8]^2 + 210*x[9]^2 - 877*x[9]*x[10] + 852*x[10]^2,
1849*x[2]*x[4] + 36*x[6]^2 - 256*x[6]*x[7] - 133*x[6]*x[8] - 824*x[7]^2 - 1224*x[7]*x[8] - 448*x[8]^2 - 36*x[9]^2 + 256*x[9]*x[10] - 780*x[10]^2,
3698*x[2]*x[5] - 585*x[6]^2 + 462*x[6]*x[7] - 150*x[6]*x[8] + 2296*x[7]^2 + 1400*x[7]*x[8] - 116*x[8]^2 + 585*x[9]^2 - 462*x[9]*x[10] - 268*x[10]^2,
x[2]*x[7] - x[3]*x[6] + x[5]*x[6] + 2*x[5]*x[7],
x[2]*x[8] - x[4]*x[6],
x[2]*x[10] - x[3]*x[9] + x[4]*x[9],
1849*x[3]^2 + 160*x[6]^2 - 316*x[6]*x[7] - 1002*x[6]*x[8] - 786*x[7]^2 - 1742*x[7]*x[8] - 553*x[8]^2 - 160*x[9]^2 + 316*x[9]*x[10] - 385*x[10]^2,
3698*x[3]*x[4] - 319*x[6]^2 + 214*x[6]*x[7] - 1030*x[6]*x[8] + 1960*x[7]^2 - 248*x[7]*x[8] - 550*x[8]^2 + 319*x[9]^2 - 214*x[9]*x[10] + 132*x[10]^2,
7396*x[3]*x[5] + 99*x[6]^2 - 704*x[6]*x[7] - 828*x[6]*x[8] + 1432*x[7]^2 + 332*x[7]*x[8] - 1232*x[8]^2 - 99*x[9]^2 + 704*x[9]*x[10] - 296*x[10]^2,
x[3]*x[7] - x[4]*x[6] + x[4]*x[8] - x[5]*x[7] - x[5]*x[8],
x[3]*x[8] - x[4]*x[8] - x[5]*x[6],
1849*x[4]^2 + 133*x[6]^2 - 124*x[6]*x[7] - 440*x[6]*x[8] - 168*x[7]^2 - 824*x[7]*x[8] - 217*x[8]^2 - 133*x[9]^2 + 124*x[9]*x[10] + 200*x[10]^2,
1849*x[4]*x[5] + 75*x[6]^2 + 83*x[6]*x[7] - 123*x[6]*x[8] - 484*x[7]^2 - 701*x[7]*x[8] - 317*x[8]^2 - 75*x[9]^2 - 83*x[9]*x[10] + 224*x[10]^2,
x[4]*x[7] + x[4]*x[8] - x[5]*x[6] - 2*x[5]*x[7] - x[5]*x[8],
x[4]*x[10] - x[5]*x[9],
1849*x[5]^2 + 84*x[6]^2 + 19*x[6]*x[7] + 306*x[6]*x[8] - 690*x[7]^2 - 1007*x[7]*x[8] - 429*x[8]^2 - 84*x[9]^2 - 19*x[9]*x[10] + 29*x[10]^2,
x[6]*x[10] - x[7]*x[9] + 2*x[7]*x[10] - x[8]*x[9] + x[8]*x[10]
w_ 2 is given by [
    x[1],
    x[2],
    x[3],
    x[4],
    x[5],
    -x[6],
    -x[7],
    -x[8],
    -x[9],
    -x[10]
]
w_ 43 is given by [
    x[1],
    -x[2],
    -x[3],
    -x[4],
    -x[5],
    x[6],
    x[7],
    x[8],
    -x[9],
    -x[10]
]
w_ 86 is given by [
    x[1],
    -x[2],
    -x[3],
    -x[4],
    -x[5],
    -x[6],
    -x[7],
    -x[8],
    x[9],
    x[10]
]
P1 coordinates: (T : -1 : 0 : -1 : 1 : T : -T : T : -1 : 1) where T^2 = -7 and j-invariant = -3375 and CM by -7
P2 coordinates: (T : 1 : 0 : 1 : -1 : -T : T : -T : -1 : 1) where T^2 = -7 and j-invariant = 16581375 and CM by -28
P3 coordinates: (T : 0 : 1/2 : 1/2 : 0 : 0 : -1/2*T : 1/2*T : 1 : 0) where T^2 = -3 and j-invariant = 54000 and CM by -12
P4 coordinates: (T : 0 : -1/2 : -1/2 : 0 : 0 : 1/2*T : -1/2*T : 1 : 0) where T^2 = -3 and j-invariant = 0 and CM by -3
P5 coordinates: (0 : 0 : 0 : 0 : 0 : 0 : 1/2*T : 0 : 2 : 1) where T^2 = -2 and j-invariant = 8000 and CM by -8
P6 coordinates: (1 : 1/7*T : 0 : -1/7*T : -1/7*T : 1/7*T : -1/7*T : -1/7*T : 1 : 1) where T^2 = -7 and j-invariant = -3375 and CM by -7
P7 coordinates: (-1 : 1/7*T : 0 : -1/7*T : -1/7*T : -1/7*T : 1/7*T : 1/7*T : 1 : 1) where T^2 = -7 and j-invariant = -3375 and CM by -7
P8 coordinates: (1 : -1/7*T : 0 : 1/7*T : 1/7*T : -1/7*T : 1/7*T : 1/7*T : 1 : 1) where T^2 = -7 and j-invariant = -3375 and CM by -7
P9 coordinates: (-1 : -1/7*T : 0 : 1/7*T : 1/7*T : 1/7*T : -1/7*T : -1/7*T : 1 : 1) where T^2 = -7 and j-invariant = -3375 and CM by -7
+++++++++++++++++++++++++++++++++++++++++++++++++++++++++++++++++++++++
N = 97
Model:
Curve over Rational Field defined by
x[1]^2 - x[4]^2 - 8*x[4]*x[6] + 14*x[4]*x[7] + 8*x[5]^2 + 8*x[5]*x[7] - 4*x[6]^2 + 15*x[7]^2,
x[1]*x[2] - x[4]*x[5] - 4*x[4]*x[6] + 8*x[4]*x[7] + 4*x[5]^2 + x[5]*x[7] - 4*x[6]^2 + 4*x[6]*x[7] + 12*x[7]^2,
x[1]*x[3] - x[4]*x[6] + 9*x[4]*x[7] + 8*x[5]*x[7] + 2*x[6]^2 + x[6]*x[7] + 5*x[7]^2,
x[1]*x[5] - x[2]*x[4] - 3*x[2]*x[7] - 4*x[3]*x[5] + 4*x[3]*x[7],
2*x[1]*x[6] + x[2]*x[6] - 3*x[2]*x[7] - 2*x[3]*x[4] - x[3]*x[5] - 4*x[3]*x[6] + 6*x[3]*x[7],
2*x[1]*x[7] + x[2]*x[6] - 3*x[2]*x[7] - x[3]*x[5],
x[2]^2 - 4*x[4]*x[6] + 4*x[4]*x[7] + 3*x[5]^2 - 4*x[5]*x[6] - 4*x[5]*x[7] - 4*x[6]^2 + 8*x[6]*x[7] + 12*x[7]^2,
x[2]*x[3] + 6*x[4]*x[7] - x[5]*x[6] + 3*x[5]*x[7] + 4*x[6]*x[7] + 6*x[7]^2,
x[2]*x[5] + x[2]*x[6] - 2*x[2]*x[7] - x[3]*x[4] - 2*x[3]*x[5] - x[3]*x[6] + 3*x[3]*x[7],
x[3]^2 + 2*x[4]*x[6] + 6*x[4]*x[7] - 2*x[5]^2 + 2*x[5]*x[6] + 8*x[5]*x[7] + 5*x[6]^2 + 2*x[6]*x[7] + x[7]^2
w_ 97 is given by [
    x[1],
    x[2],
    x[3],
    -x[4],
    -x[5],
    -x[6],
    -x[7]
]
P1 coordinates: (T : 0 : T : -1 : 0 : 1 : 0) where T^2 = -3 and j-invariant = 54000 and CM by -12
P2 coordinates: (12/5*T : T : 2/5*T : 37/5 : 11 : 13/5 : 1) where T^2 = -163 and j-invariant = -262537412640768000 and CM by -163
P3 coordinates: (4*T : 4*T : 4*T : 1 : 0 : 1 : 1) where T^2 = -1 and j-invariant = 1728 and CM by -4
P4 coordinates: (4*T : 2*T : 2*T : 1 : 0 : -1 : 1) where T^2 = -2 and j-invariant = 8000 and CM by -8
P5 coordinates: (0 : T : 0 : -3 : -1 : 3 : 1) where T^2 = -43 and j-invariant = -884736000 and CM by -43
P6 coordinates: (T : T : 0 : -2 : 1 : 1 : 1) where T^2 = -11 and j-invariant = -32768 and CM by -11
P7 coordinates: (3/2*T : 3*T : 3/2*T : 1/2 : -1 : 3/2 : 1) where T^2 = -3 and j-invariant = 0 and CM by -3
P8 coordinates: (6*T : 2*T : 2*T : -1 : 2 : -1 : 1) where T^2 = -1 and j-invariant = 287496 and CM by -16
P9 coordinates: (4*T : 2*T : T : -1 : 2 : 0 : 1) where T^2 = -3 and j-invariant = -12288000 and CM by -27
+++++++++++++++++++++++++++++++++++++++++++++++++++++++++++++++++++++++
N = 98
Model:
Curve over Rational Field defined by
x[1]^2 - 16*x[3]*x[4] + 13*x[4]^2 + 4*x[5]*x[6] - x[6]^2 - x[7]^2,
x[1]*x[2] + x[1]*x[3] - x[5]*x[7] + 2*x[6]*x[7],
x[1]*x[4] - x[6]*x[7],
x[1]*x[5] + x[1]*x[6] - x[2]*x[7] - x[3]*x[7] + x[4]*x[7],
x[1]*x[7] - x[2]*x[5] + 3*x[3]*x[5] + 4*x[3]*x[6] - 2*x[4]*x[5] - 4*x[4]*x[6],
2*x[2]^2 - 10*x[3]*x[4] + 8*x[4]^2 - x[5]^2 + 2*x[5]*x[6] + 4*x[6]^2 - x[7]^2,
4*x[2]*x[3] + 8*x[3]*x[4] - 7*x[4]^2 - x[5]^2 - x[6]^2 + x[7]^2,
x[2]*x[4] + x[3]*x[4] - x[4]^2 - x[5]*x[6] - x[6]^2,
x[2]*x[6] + x[3]*x[6] - x[4]*x[5] + 2*x[4]*x[6],
2*x[3]^2 + 2*x[3]*x[4] - 3*x[4]^2 - 2*x[5]*x[6] - x[6]^2
w_ 2 is given by [
    x[1],
    x[2],
    x[3],
    x[4],
    -x[5],
    -x[6],
    -x[7]
]
w_ 49 is given by [
    x[1],
    -x[2],
    -x[3],
    -x[4],
    x[5],
    x[6],
    -x[7]
]
w_ 98 is given by [
    x[1],
    -x[2],
    -x[3],
    -x[4],
    -x[5],
    -x[6],
    x[7]
]
P1 coordinates: (-T : 1 : 0 : -1/2 : 0 : 1/2*T : 1) where T^2 = -3 and j-invariant = 54000 and CM by -12
P2 coordinates: (T : -1 : 0 : 1/2 : 0 : 1/2*T : 1) where T^2 = -3 and j-invariant = 0 and CM by -3
+++++++++++++++++++++++++++++++++++++++++++++++++++++++++++++++++++++++
N = 100
Model:
Curve over Rational Field defined by
x[1]^2 + 4*x[4]*x[5] - 12*x[5]^2 - x[6]^2 + 2*x[6]*x[7] - x[7]^2,
x[1]*x[2] - x[3]*x[6] - x[4]*x[7] + 3*x[5]*x[7],
x[1]*x[3] - x[2]*x[6] + 2*x[2]*x[7],
x[1]*x[4] + x[1]*x[5] - x[2]*x[7],
x[1]*x[7] - x[2]*x[4] + 3*x[2]*x[5],
x[2]^2 - 12*x[3]*x[5] - 16*x[5]^2 - x[6]^2 - 2*x[6]*x[7] + 3*x[7]^2,
x[3]^2 - 4*x[3]*x[5] - 16*x[5]^2 - x[6]^2,
x[3]*x[4] - 3*x[3]*x[5] - x[6]*x[7] + 2*x[7]^2,
x[3]*x[7] - x[4]*x[6] + 2*x[4]*x[7] - x[5]*x[6] + 2*x[5]*x[7],
x[4]^2 - 2*x[4]*x[5] - 3*x[5]^2 - x[7]^2
w_ 4 is given by [
    x[1],
    x[2],
    -x[3],
    -x[4],
    -x[5],
    -x[6],
    -x[7]
]
w_ 25 is given by [
    x[1],
    -x[2],
    x[3],
    x[4],
    x[5],
    -x[6],
    -x[7]
]
w_ 100 is given by [
    x[1],
    -x[2],
    -x[3],
    -x[4],
    -x[5],
    x[6],
    x[7]
]
P1 coordinates: (-T : 1 : 0 : 1/2*T : 1/2*T : 2 : 1) where T^2 = -1 and j-invariant = 1728 and CM by -4
P2 coordinates: (-T : -1 : 0 : -1/2*T : -1/2*T : 2 : 1) where T^2 = -1 and j-invariant = 287496 and CM by -16
P3 coordinates: (0 : 0 : 0 : 1/4*T : -1/4*T : 1 : 0) where T^2 = -1 and j-invariant = 287496 and CM by -16
+++++++++++++++++++++++++++++++++++++++++++++++++++++++++++++++++++++++
N = 103
Model:
Curve over Rational Field defined by
x[1]^2 - x[3]^2 + 2*x[4]^2 + 6*x[4]*x[5] + 5*x[5]^2 - 2*x[5]*x[6] - 44*x[5]*x[8] - 7*x[6]^2 - 14*x[6]*x[7] + 24*x[6]*x[8] + 23*x[7]^2 - 4*x[7]*x[8] + 43*x[8]^2,
x[1]*x[2] - x[3]*x[4] + 4*x[4]*x[5] + 4*x[5]^2 + x[5]*x[6] - 34*x[5]*x[8] - 4*x[6]^2 - 8*x[6]*x[7] + 12*x[6]*x[8] + 10*x[7]^2 + 6*x[7]*x[8] + 27*x[8]^2,
x[1]*x[4] + 4*x[1]*x[8] - x[2]*x[3] - 2*x[2]*x[5] + 2*x[2]*x[6] - 4*x[2]*x[7] - x[2]*x[8],
x[1]*x[5] - 5*x[1]*x[8] - x[2]*x[4] - 2*x[2]*x[6] + 3*x[2]*x[7] + 3*x[2]*x[8],
x[1]*x[6] + x[1]*x[8] - x[2]*x[5],
x[1]*x[7] - 3*x[1]*x[8] - x[2]*x[6] + x[2]*x[7] + 2*x[2]*x[8],
x[2]^2 - x[4]^2 + 6*x[5]^2 + 2*x[5]*x[6] - 36*x[5]*x[8] - 7*x[6]^2 + 10*x[6]*x[7] + 2*x[6]*x[8] + x[7]^2 + 22*x[7]*x[8] + 20*x[8]^2,
x[3]*x[5] - x[4]^2 + x[5]*x[6] + 3*x[5]*x[8] + 2*x[6]*x[7] - 3*x[6]*x[8] - x[7]^2 + 2*x[7]*x[8] - 3*x[8]^2,
x[3]*x[6] - x[4]*x[5] + 2*x[5]*x[6] - x[5]*x[8] - x[6]^2 + 3*x[6]*x[7] - 2*x[6]*x[8] + 2*x[7]*x[8],
x[3]*x[7] - x[5]^2 + x[5]*x[6] + 3*x[5]*x[8] + x[6]*x[7] - 2*x[6]*x[8] + x[7]^2 - 2*x[8]^2,
x[3]*x[8] - x[5]*x[8] - x[6]^2 + x[6]*x[7] + x[6]*x[8] + 2*x[7]*x[8] + x[8]^2,
x[4]*x[6] - x[5]^2 + 6*x[5]*x[8] + 2*x[6]^2 - 2*x[6]*x[7] - 2*x[6]*x[8] - x[7]^2 - 2*x[7]*x[8] - 4*x[8]^2,
x[4]*x[7] - x[5]*x[6] + 2*x[5]*x[8] + x[6]^2 - 2*x[6]*x[7] + x[6]*x[8] - 3*x[7]*x[8],
x[4]*x[8] - x[5]*x[8] - x[6]*x[7] + x[6]*x[8] + x[7]^2 - x[7]*x[8] + x[8]^2,
x[5]*x[7] - 3*x[5]*x[8] - x[6]^2 + x[6]*x[7] + x[6]*x[8] + x[7]*x[8] + 2*x[8]^2
w_ 103 is given by [
    x[1],
    x[2],
    -x[3],
    -x[4],
    -x[5],
    -x[6],
    -x[7],
    -x[8]
]
P1 coordinates: (T : T : -2 : 1 : 2 : 1 : 1 : 1) where T^2 = -3 and j-invariant = 54000 and CM by -12
P2 coordinates: (0 : T : -2 : 1 : 0 : 1 : 1 : 0) where T^2 = -3 and j-invariant = -12288000 and CM by -27
P3 coordinates: (3*T : T : -4/3 : -1/3 : 2 : -1/3 : 5/3 : 1) where T^2 = -3 and j-invariant = 0 and CM by -3
P4 coordinates: (T : T : 1 : 0 : 0 : -1 : 0 : 1) where T^2 = -11 and j-invariant = -32768 and CM by -11
P5 coordinates: (T : 0 : 3 : -4 : 5 : -1 : 3 : 1) where T^2 = -67 and j-invariant = -147197952000 and CM by -67
P6 coordinates: (3*T : T : 461 : 196 : 78 : 25 : 8 : 1) where T^2 = 2885 and j-invariant = -669908635472124980731701532753920*T + 35982263935929364331785036841779200 and no CM
+++++++++++++++++++++++++++++++++++++++++++++++++++++++++++++++++++++++
N = 109
Model:
Curve over Rational Field defined by
x[1]^2 - x[4]^2 + 8*x[4]*x[7] + 4*x[5]^2 - 8*x[5]*x[6] + 4*x[6]^2 + 16*x[6]*x[7] - 16*x[6]*x[8] - 4*x[7]^2 + 16*x[8]^2,
x[1]*x[2] - x[4]*x[5] + 6*x[4]*x[7] + x[5]^2 - 4*x[5]*x[6] - 2*x[5]*x[7] + 3*x[6]^2 + 12*x[6]*x[7] - 8*x[6]*x[8] - 3*x[7]^2 - 2*x[7]*x[8] + 13*x[8]^2,
x[1]*x[3] + 7*x[4]*x[7] - 8*x[5]*x[6] + 2*x[5]*x[7] + 10*x[6]*x[7] - 8*x[6]*x[8] + 2*x[7]^2 + 8*x[8]^2,
x[1]*x[5] - x[2]*x[4] - x[2]*x[5] - x[2]*x[6] + 2*x[3]*x[4] + x[3]*x[6] - x[3]*x[7],
x[1]*x[6] - x[2]*x[5] - x[2]*x[6] + x[3]*x[5] + x[3]*x[8],
x[1]*x[7] - x[3]*x[4] - 2*x[3]*x[5] - 2*x[3]*x[6] - 2*x[3]*x[7],
x[1]*x[8] - x[3]*x[5] - x[3]*x[6] - x[3]*x[7] - x[3]*x[8],
x[2]^2 + 4*x[4]*x[7] - x[5]^2 - 2*x[5]*x[6] - 4*x[5]*x[7] + 3*x[6]^2 + 10*x[6]*x[7] - 4*x[6]*x[8] - 8*x[7]*x[8] + 17*x[8]^2,
x[2]*x[3] + 4*x[4]*x[7] - 4*x[5]*x[6] - x[5]*x[7] + 7*x[6]*x[7] - 4*x[6]*x[8] + 2*x[7]^2 - 3*x[7]*x[8] + 8*x[8]^2,
x[2]*x[7] - x[3]*x[5] - x[3]*x[6] - 2*x[3]*x[7] + x[3]*x[8],
x[2]*x[8] - x[3]*x[6] - 2*x[3]*x[8],
x[3]^2 + 4*x[4]*x[7] - 4*x[5]*x[6] + 4*x[6]*x[7] - 4*x[6]*x[8] + 3*x[7]^2 + 4*x[8]^2,
x[4]*x[6] - x[5]^2 - x[5]*x[7] + x[6]^2 + x[6]*x[7] + x[7]*x[8] + x[8]^2,
x[4]*x[8] - x[5]*x[7] + x[6]*x[7] - x[7]^2 + x[7]*x[8] + 2*x[8]^2,
x[5]*x[8] - x[6]*x[7] + x[6]*x[8] - x[8]^2
w_ 109 is given by [
    x[1],
    x[2],
    x[3],
    -x[4],
    -x[5],
    -x[6],
    -x[7],
    -x[8]
]
P1 coordinates: (-T : -1/2*T : -1/2*T : -1 : 3/2 : -1 : 1/2 : 1) where T^2 = -43 and j-invariant = -884736000 and CM by -43
P2 coordinates: (-T : -T : 0 : -1 : 0 : 1 : 0 : 0) where T^2 = -3 and j-invariant = 54000 and CM by -12
P3 coordinates: (0 : 0 : -4*T : 2 : -1 : -2 : 2 : 1) where T^2 = -1 and j-invariant = 1728 and CM by -4
P4 coordinates: (-1/2*T : -3/2*T : -1/2*T : -1/2 : -1/2 : 1 : -1/2 : 1) where T^2 = -7 and j-invariant = 16581375 and CM by -28
P5 coordinates: (0 : -T : -T : 0 : -1 : 0 : 1 : 0) where T^2 = -3 and j-invariant = -12288000 and CM by -27
P6 coordinates: (-T : -T : -T : 1 : -1 : 0 : 1 : 0) where T^2 = -7 and j-invariant = -3375 and CM by -7
P7 coordinates: (-3/2*T : -5/2*T : -T : -3/2 : 1/3 : 1/2 : -1/3 : 1) where T^2 = -3 and j-invariant = 0 and CM by -3
P8 coordinates: (-4*T : -4*T : -2*T : -2 : 1 : 0 : 0 : 1) where T^2 = -1 and j-invariant = 287496 and CM by -16
+++++++++++++++++++++++++++++++++++++++++++++++++++++++++++++++++++++++
N = 121
Model:
Curve over Rational Field defined by
x[1]^2 - x[3]^2 + 22*x[3]*x[6] + 2*x[4]^2 + 6*x[4]*x[5] + 13*x[5]^2 + 12*x[5]*x[6] - 22*x[6]^2,
x[1]*x[2] - x[3]*x[4] + 19*x[3]*x[6] + 3*x[4]*x[5] + 4*x[4]*x[6] + 8*x[5]^2 + 11*x[5]*x[6] - 16*x[6]^2,
x[1]*x[4] + x[1]*x[6] - x[2]*x[3] - x[2]*x[5],
x[1]*x[5] + x[1]*x[6] - x[2]*x[4] + x[2]*x[5] + x[2]*x[6],
x[2]^2 + 12*x[3]*x[6] - x[4]^2 + 6*x[4]*x[6] + 4*x[5]^2 + 8*x[5]*x[6] - x[6]^2,
x[3]*x[5] + x[3]*x[6] - x[4]^2 + x[4]*x[5] + x[5]^2 + 2*x[5]*x[6] + x[6]^2
w_ 121 is given by [
    x[1],
    x[2],
    -x[3],
    -x[4],
    -x[5],
    -x[6]
]
P1 coordinates: (T : T : 2 : 0 : -1 : 1) where T^2 = -19 and j-invariant = -884736 and CM by -19
P2 coordinates: (T : T : 3 : 2 : 0 : 1) where T^2 = -43 and j-invariant = -884736000 and CM by -43
P3 coordinates: (2*T : 0 : 1 : -1 : -1 : 1) where T^2 = -2 and j-invariant = 8000 and CM by -8
P4 coordinates: (0 : T : 1 : 0 : -1 : 1) where T^2 = -7 and j-invariant = -3375 and CM by -7
+++++++++++++++++++++++++++++++++++++++++++++++++++++++++++++++++++++++
N = 127
Model:
Curve over Rational Field defined by
x[1]^2 - x[4]^2 + 4*x[5]*x[6] + 8*x[6]^2 + 6*x[6]*x[7] + 6*x[7]^2 - 18*x[7]*x[8] - 16*x[7]*x[9] + 2*x[7]*x[10] + 30*x[8]^2 - 34*x[8]*x[9] - 52*x[8]*x[10] + 25*x[9]^2 + 50*x[9]*x[10] + x[10]^2,
x[1]*x[2] - x[4]*x[5] + 2*x[5]*x[6] + 3*x[6]^2 + 6*x[6]*x[7] - 5*x[7]*x[8] - 12*x[7]*x[9] - 5*x[7]*x[10] + 10*x[8]^2 - 15*x[8]*x[9] - 16*x[8]*x[10] + 16*x[9]^2 + 25*x[9]*x[10] - 12*x[10]^2,
x[1]*x[3] - x[5]^2 + x[5]*x[6] + x[6]^2 + 3*x[6]*x[7] + 3*x[7]^2 - 5*x[7]*x[8] - 9*x[7]*x[9] - 2*x[7]*x[10] + 12*x[8]^2 - 17*x[8]*x[9] - 22*x[8]*x[10] + 12*x[9]^2 + 23*x[9]*x[10] + 4*x[10]^2,
x[1]*x[5] - x[2]*x[4] - 2*x[2]*x[9] - x[2]*x[10] - 2*x[3]*x[5] - x[3]*x[6] - x[3]*x[7] + x[3]*x[9] + 2*x[3]*x[10],
x[1]*x[6] - x[2]*x[9] - 2*x[2]*x[10] - x[3]*x[4] - x[3]*x[5] - 2*x[3]*x[6] - 2*x[3]*x[7] + x[3]*x[10],
x[1]*x[7] - x[2]*x[9] - 2*x[2]*x[10] - x[3]*x[5] - x[3]*x[6] - 2*x[3]*x[7] + x[3]*x[8] + 2*x[3]*x[10],
x[1]*x[8] - x[2]*x[9] - 2*x[2]*x[10] - x[3]*x[6] - x[3]*x[7] - x[3]*x[9] + 2*x[3]*x[10],
x[1]*x[9] - x[2]*x[9] - 2*x[2]*x[10] - x[3]*x[7] + x[3]*x[8] - x[3]*x[9],
x[1]*x[10] - x[3]*x[9],
x[2]^2 - x[5]^2 + 4*x[6]^2 + 2*x[6]*x[7] - 2*x[7]*x[8] - 4*x[7]*x[9] - 4*x[7]*x[10] + 3*x[8]^2 - 18*x[8]*x[9] + 10*x[8]*x[10] + 18*x[9]^2 + 12*x[9]*x[10] - 20*x[10]^2,
x[2]*x[3] - x[5]*x[6] + x[6]^2 + 3*x[6]*x[7] - x[7]*x[8] - 3*x[7]*x[9] - 8*x[7]*x[10] + 4*x[8]^2 - 11*x[8]*x[9] - 3*x[8]*x[10] + 7*x[9]^2 + 18*x[9]*x[10] - 6*x[10]^2,
x[2]*x[5] - x[2]*x[10] - x[3]*x[4] - x[3]*x[5] - x[3]*x[7] - x[3]*x[8] + x[3]*x[9] - x[3]*x[10],
x[2]*x[6] - x[2]*x[9] - x[3]*x[5] - x[3]*x[6] + 2*x[3]*x[10],
x[2]*x[7] - x[2]*x[9] - x[2]*x[10] - x[3]*x[6] - x[3]*x[7] + x[3]*x[8] + x[3]*x[9],
x[2]*x[8] - x[2]*x[9] - 2*x[2]*x[10] - x[3]*x[7] + x[3]*x[9],
x[3]^2 - x[6]^2 + 2*x[6]*x[7] + x[7]^2 - 4*x[7]*x[9] - 4*x[7]*x[10] + 5*x[8]^2 - 8*x[8]*x[9] - 12*x[8]*x[10] + 5*x[9]^2 + 12*x[9]*x[10] + 7*x[10]^2,
x[4]*x[6] - x[5]^2 + x[7]^2 + x[8]^2 + x[8]*x[9] - 2*x[8]*x[10] - x[9]^2 - 2*x[9]*x[10] + 6*x[10]^2,
x[4]*x[7] - x[5]*x[6] + 2*x[7]^2 - x[7]*x[8] - x[7]*x[9] + 3*x[7]*x[10] + x[8]^2 + 3*x[8]*x[9] - 7*x[8]*x[10] - 2*x[9]^2 - 2*x[9]*x[10] + 8*x[10]^2,
x[4]*x[8] - x[6]^2 + x[7]^2 - x[7]*x[9] + x[7]*x[10] + 2*x[8]^2 + 3*x[8]*x[9] - 5*x[8]*x[10] - 2*x[9]^2 - 3*x[9]*x[10] + 8*x[10]^2,
x[4]*x[9] - x[6]*x[7] + x[7]^2 - x[7]*x[9] + 3*x[7]*x[10] + 3*x[8]*x[9] - 2*x[8]*x[10] - 4*x[9]*x[10] + 4*x[10]^2,
x[4]*x[10] - x[7]*x[8] + x[7]*x[9] + x[8]^2 - 2*x[8]*x[10] - x[9]^2 + 2*x[9]*x[10] + 3*x[10]^2,
x[5]*x[7] - x[6]^2 + 2*x[7]*x[8] - x[7]*x[9] - x[7]*x[10] - x[8]^2 + x[8]*x[9] + 3*x[8]*x[10] - 3*x[9]*x[10],
x[5]*x[8] - x[6]*x[7] + x[7]*x[8] - 2*x[7]*x[9] + 2*x[7]*x[10] + x[8]*x[9] - x[8]*x[10] + x[9]^2 - 2*x[9]*x[10],
x[5]*x[9] - x[7]^2 + x[7]*x[8] - x[7]*x[10] - 2*x[8]*x[9] + 3*x[8]*x[10] + 2*x[9]^2 + x[9]*x[10] - 4*x[10]^2,
x[5]*x[10] - x[7]*x[9] + x[7]*x[10] + x[8]*x[9] - x[8]*x[10] - x[9]*x[10],
x[6]*x[8] - x[7]^2 + x[7]*x[9] - x[7]*x[10] - 3*x[8]*x[9] + 2*x[8]*x[10] + 2*x[9]^2 + 3*x[9]*x[10] - 4*x[10]^2,
x[6]*x[9] - x[7]*x[8] + x[8]^2 - x[8]*x[9] - 2*x[8]*x[10] + 2*x[9]*x[10],
x[6]*x[10] - x[8]*x[9] + x[8]*x[10] + x[9]^2 - 2*x[10]^2
w_ 127 is given by [
    x[1],
    x[2],
    x[3],
    -x[4],
    -x[5],
    -x[6],
    -x[7],
    -x[8],
    -x[9],
    -x[10]
]
P1 coordinates: (-4*T : -2*T : -T : -11 : 4 : 10 : 8 : 8 : 4 : 1) where T^2 = -67 and j-invariant = -147197952000 and CM by -67
P2 coordinates: (-T : -T : 0 : -2 : 0 : 1 : 1 : 1 : 1 : 0) where T^2 = -3 and j-invariant = 54000 and CM by -12
P3 coordinates: (-T : 0 : -T : -3 : 1 : 1 : 1 : 1 : 1 : 1) where T^2 = -3 and j-invariant = -12288000 and CM by -27
P4 coordinates: (0 : -1/2*T : -1/2*T : -3 : 2 : 1/2 : -1/2 : 3/2 : 0 : 1) where T^2 = -7 and j-invariant = 16581375 and CM by -28
P5 coordinates: (-2*T : -T : -T : -2 : 0 : 1 : 1 : 1 : 0 : 0) where T^2 = -7 and j-invariant = -3375 and CM by -7
P6 coordinates: (-15/2*T : -9/2*T : -3*T : -3 : -2 : -1/2 : -1/2 : 5/2 : 5/2 : 1) where T^2 = -3 and j-invariant = 0 and CM by -3
P7 coordinates: (0 : -T : 0 : 3 : 1 : -2 : -1 : 0 : -2 : 1) where T^2 = -43 and j-invariant = -884736000 and CM by -43
+++++++++++++++++++++++++++++++++++++++++++++++++++++++++++++++++++++++
