Genus of X_0(107) is: 9
Considering X_0(107)/w_107.
rk J_0(107)(Q) = rk J_0(107)(Q)/w_107 
Nice model for X_0(107) is: Curve over Rational Field defined by
x[1]^2 - x[3]^2 + 4*x[4]^2 + 2*x[4]*x[5] - 2*x[5]*x[6] + x[6]^2 + 10*x[6]*x[7] -
10*x[6]*x[9] - 12*x[7]^2 + 8*x[7]*x[8] - 2*x[7]*x[9] - 9*x[8]^2 + 22*x[8]*x[9],
x[1]*x[2] - x[3]*x[4] + x[4]^2 + 3*x[4]*x[5] - 7*x[6]^2 + 9*x[6]*x[7] + 
9*x[6]*x[9] + 8*x[7]^2 - 19*x[7]*x[8] - 2*x[7]*x[9] + 19*x[8]^2 - 23*x[8]*x[9],
x[1]*x[4] - x[1]*x[9] - x[2]*x[3] - x[2]*x[4] - x[2]*x[6] - x[2]*x[7] + 
x[2]*x[8],
x[1]*x[5] - x[1]*x[9] - x[2]*x[4] - x[2]*x[5] - x[2]*x[7] + x[2]*x[8],
x[1]*x[6] - x[1]*x[9] - x[2]*x[5] - x[2]*x[6] + x[2]*x[8],
x[1]*x[7] - x[1]*x[9] - x[2]*x[6] - x[2]*x[7] + 2*x[2]*x[8],
x[1]*x[8] - x[1]*x[9] - x[2]*x[7],
x[2]^2 - x[4]^2 + 2*x[4]*x[5] + x[5]^2 - x[6]^2 - 6*x[6]*x[7] + 2*x[6]*x[9] + 
15*x[7]^2 - 20*x[7]*x[8] + 6*x[7]*x[9] + 23*x[8]^2 - 28*x[8]*x[9] + 7*x[9]^2,
x[3]*x[5] - x[4]^2 + 2*x[6]^2 - 4*x[6]*x[9] - 4*x[7]^2 + 6*x[7]*x[8] - 
2*x[7]*x[9] - 5*x[8]^2 + 10*x[8]*x[9],
x[3]*x[6] - x[4]*x[5] + 2*x[6]^2 - 3*x[6]*x[9] - 3*x[7]^2 + 4*x[7]*x[8] - 
x[7]*x[9] - 3*x[8]^2 + 7*x[8]*x[9],
x[3]*x[7] - x[5]^2 + 2*x[6]^2 + x[6]*x[7] - 4*x[6]*x[9] - 4*x[7]^2 + 5*x[7]*x[8]
- 2*x[7]*x[9] - 5*x[8]^2 + 10*x[8]*x[9],
x[3]*x[8] - x[5]*x[6] + x[6]^2 + x[6]*x[7] - x[6]*x[9] - 2*x[7]^2 + 3*x[7]*x[8] 
- 2*x[7]*x[9] - x[8]^2 + 4*x[8]*x[9],
x[3]*x[9] - x[7]^2 + 2*x[7]*x[8] - x[8]^2 + 2*x[8]*x[9],
x[4]*x[6] - x[5]^2 + 2*x[6]*x[7] - 2*x[7]^2 + x[7]*x[8] - 2*x[7]*x[9] - x[8]^2 +
2*x[8]*x[9],
x[4]*x[7] - x[5]*x[6] + 2*x[6]*x[7] + x[6]*x[9] - x[7]^2 - 2*x[7]*x[9],
x[4]*x[8] - x[6]^2 + x[6]*x[7] + 2*x[6]*x[9] + x[7]^2 - 2*x[7]*x[8] + 2*x[8]^2 -
4*x[8]*x[9],
x[4]*x[9] - x[7]*x[8] + x[8]^2 - x[8]*x[9],
x[5]*x[7] - x[6]^2 + 2*x[6]*x[9] + 2*x[7]^2 - 3*x[7]*x[8] + x[7]*x[9] + 3*x[8]^2
- 5*x[8]*x[9],
x[5]*x[8] - x[6]*x[7] + x[7]^2 - x[7]*x[8] + x[7]*x[9] - x[8]*x[9],
x[5]*x[9] - x[8]^2,
x[6]*x[8] - x[6]*x[9] - x[7]^2 + x[7]*x[8] - 2*x[8]^2 + 2*x[8]*x[9]

w_107 on X_0(107) is given by: Mapping from: Crv: XN to Crv: XN
with equations : 
x[1]
x[2]
-x[3]
-x[4]
-x[5]
-x[6]
-x[7]
-x[8]
-x[9]
and inverse
x[1]
x[2]
-x[3]
-x[4]
-x[5]
-x[6]
-x[7]
-x[8]
-x[9]
Genus of X_0(107) is 9
We have found these 2 cusps on X_0(107):
[
Place at (-1 : 0 : 1 : 0 : 0 : 0 : 0 : 0 : 0),
Place at (1 : 0 : 1 : 0 : 0 : 0 : 0 : 0 : 0)
]
We have found 3 points on X_0(107)^2(Q).
Computing torsion subgroup ...
The torsion is Abelian Group isomorphic to Z/53
Defined on 1 generator
Relations:
53*A.1 = 0
Genus of the quotient is 2.
Performing Mordell-Weil sieve ...
p = 3 (1/9): Getting deg 1 places on Xp ...
Getting deg 2 places on Xp ...
Combining them into divisors ...
There are 23 of them!
out of 53: The number of possible cosets unknown points can land in is 3.
p = 5 (2/9): Getting deg 1 places on Xp ...
Getting deg 2 places on Xp ...
Combining them into divisors ...
There are 41 of them!
out of 3: ....The number of possible cosets unknown points can land in is 1.

For unknown Q in X_0(107)^2(Q) we have (1 - w_107)[Q - bp] is in a coset of 
Abelian Group of order 1 represented by an element of [
0
].
It follows that if there is an unknown Q in X_0(107)^2(Q), then (1 - w_107)[Q - 
bp] == 0.
This implies that [Q - bp] is fixed by w_107
Then Q ~ w_107(Q), which implies that Q = w_107(Q) because X_0(107) is not 
hyperelliptic.
Then either Q is a pullback, or it is fixed by w_107 pointwise.
If P = (X_i) is fixed by w_107,
then certain coordinates must be 0.
We find all such P by imposing these conditions and finding points on the 
scheme:
Scheme over Rational Field defined by
x[1]^2,
x[1]*x[2],
x[2]^2,
x[1]*x[3],
x[2]*x[3],
x[3]^2 - 10*x[3]*x[6] - 4*x[3]*x[7] + 2*x[3]*x[8] - 40*x[3]*x[9] - 23*x[4]*x[8] 
- 5*x[4]*x[9] - 11*x[5]*x[8] - 46*x[5]*x[9] - 19*x[7]*x[9] + 16*x[8]*x[9] - 
28*x[9]^2,
x[1]*x[4],
x[2]*x[4],
x[3]*x[4] - 5*x[3]*x[6] - x[3]*x[7] - 16*x[3]*x[9] - 4*x[4]*x[8] - 2*x[4]*x[9] -
8*x[5]*x[8] - 16*x[5]*x[9] - 5*x[7]*x[9] - 7*x[9]^2,
x[3]*x[6] + 1/2*x[3]*x[7] + 5*x[3]*x[9] - 1/2*x[4]^2 + 5/2*x[4]*x[8] + 
3/2*x[4]*x[9] + 15/2*x[5]*x[9] + x[6]*x[9] + x[7]*x[9] - 7/2*x[8]*x[9] + 
7/2*x[9]^2,
x[1]*x[5],
x[2]*x[5],
x[3]*x[5] - 2*x[3]*x[6] - x[3]*x[7] - 10*x[3]*x[9] - 3*x[4]*x[8] - 3*x[4]*x[9] +
2*x[5]*x[8] - 16*x[5]*x[9] - 2*x[6]*x[9] - 2*x[7]*x[9] + 7*x[8]*x[9] - 7*x[9]^2,
x[3]*x[6] + x[3]*x[9] - x[4]*x[5] + 2*x[4]*x[8] + 2*x[5]*x[8] + x[6]*x[9] + 
x[7]*x[9] - x[8]*x[9],
x[3]*x[7] + x[3]*x[9] + 2*x[4]*x[8] - x[5]^2 + 3*x[5]*x[8] - 2*x[5]*x[9] + 
x[7]*x[9] + x[8]*x[9],
x[1]*x[6],
x[2]*x[6],
x[3]*x[7] + x[3]*x[9] - x[4]*x[6] + 2*x[4]*x[8] + x[4]*x[9] + x[5]*x[8] + 
x[7]*x[9],
x[3]*x[8] + x[3]*x[9] + x[4]*x[8] + x[4]*x[9] - x[5]*x[6] + 2*x[5]*x[8] + 
x[5]*x[9] + x[6]*x[9] - x[8]*x[9],
x[3]*x[9] + 1/2*x[4]*x[8] + 1/2*x[4]*x[9] + 1/2*x[5]*x[8] + 1/2*x[5]*x[9] - 
1/2*x[6]^2 + x[6]*x[9] + 1/2*x[7]*x[9] - x[8]*x[9],
x[1]*x[7],
x[2]*x[7],
x[3]*x[8] - x[4]*x[7] + x[4]*x[8] + x[4]*x[9] + 2*x[5]*x[9] - x[8]*x[9],
x[4]*x[8] - x[5]*x[7] + x[5]*x[8] - x[5]*x[9],
x[3]*x[9] + x[4]*x[9] + x[5]*x[8] - x[6]*x[7] + x[7]*x[9],
x[3]*x[9] + 2*x[4]*x[9] + x[5]*x[9] - x[7]^2,
x[1]*x[8],
x[2]*x[8],
x[3]*x[9] + x[4]*x[9] + 2*x[5]*x[9] - x[6]*x[8] + x[6]*x[9] - x[8]*x[9],
x[4]*x[9] + x[5]*x[9] - x[7]*x[8] - x[8]*x[9],
x[5]*x[9] - x[8]^2,
x[1]*x[9],
x[2]*x[9]

All such P are:
{@ (0 : 0 : -1007/14780*r1^8 + 58113/29560*r1^7 - 239217/29560*r1^6 + 
437271/29560*r1^5 - 549177/29560*r1^4 + 74327/3695*r1^3 - 11755/739*r1^2 + 
10081/1478*r1 - 14854/3695 : 999/29560*r1^8 - 28691/29560*r1^7 + 
114709/29560*r1^6 - 197489/29560*r1^5 + 9637/1478*r1^4 - 30989/7390*r1^3 + 
8423/7390*r1^2 + 6192/3695*r1 - 798/739 : r1^2 : -304/3695*r1^8 + 
14389/5912*r1^7 - 67765/5912*r1^6 + 706459/29560*r1^5 - 936127/29560*r1^4 + 
245947/7390*r1^3 - 90578/3695*r1^2 + 89297/7390*r1 - 15204/3695 : -57/5912*r1^8 
+ 4917/14780*r1^7 - 20069/7390*r1^6 + 125897/14780*r1^5 - 418079/29560*r1^4 + 
22975/1478*r1^3 - 94829/7390*r1^2 + 58563/7390*r1 - 7763/3695 : r1 : 1), (0 : 0 
: -1007/14780*r2^8 + 58113/29560*r2^7 - 239217/29560*r2^6 + 437271/29560*r2^5 - 
549177/29560*r2^4 + 74327/3695*r2^3 - 11755/739*r2^2 + 10081/1478*r2 - 
14854/3695 : 999/29560*r2^8 - 28691/29560*r2^7 + 114709/29560*r2^6 - 
197489/29560*r2^5 + 9637/1478*r2^4 - 30989/7390*r2^3 + 8423/7390*r2^2 + 
6192/3695*r2 - 798/739 : r2^2 : -304/3695*r2^8 + 14389/5912*r2^7 - 
67765/5912*r2^6 + 706459/29560*r2^5 - 936127/29560*r2^4 + 245947/7390*r2^3 - 
90578/3695*r2^2 + 89297/7390*r2 - 15204/3695 : -57/5912*r2^8 + 4917/14780*r2^7 -
20069/7390*r2^6 + 125897/14780*r2^5 - 418079/29560*r2^4 + 22975/1478*r2^3 - 
94829/7390*r2^2 + 58563/7390*r2 - 7763/3695 : r2 : 1), (0 : 0 : -1007/14780*r3^8
+ 58113/29560*r3^7 - 239217/29560*r3^6 + 437271/29560*r3^5 - 549177/29560*r3^4 +
74327/3695*r3^3 - 11755/739*r3^2 + 10081/1478*r3 - 14854/3695 : 999/29560*r3^8 -
28691/29560*r3^7 + 114709/29560*r3^6 - 197489/29560*r3^5 + 9637/1478*r3^4 - 
30989/7390*r3^3 + 8423/7390*r3^2 + 6192/3695*r3 - 798/739 : r3^2 : 
-304/3695*r3^8 + 14389/5912*r3^7 - 67765/5912*r3^6 + 706459/29560*r3^5 - 
936127/29560*r3^4 + 245947/7390*r3^3 - 90578/3695*r3^2 + 89297/7390*r3 - 
15204/3695 : -57/5912*r3^8 + 4917/14780*r3^7 - 20069/7390*r3^6 + 
125897/14780*r3^5 - 418079/29560*r3^4 + 22975/1478*r3^3 - 94829/7390*r3^2 + 
58563/7390*r3 - 7763/3695 : r3 : 1), (0 : 0 : -1007/14780*r4^8 + 
58113/29560*r4^7 - 239217/29560*r4^6 + 437271/29560*r4^5 - 549177/29560*r4^4 + 
74327/3695*r4^3 - 11755/739*r4^2 + 10081/1478*r4 - 14854/3695 : 999/29560*r4^8 -
28691/29560*r4^7 + 114709/29560*r4^6 - 197489/29560*r4^5 + 9637/1478*r4^4 - 
30989/7390*r4^3 + 8423/7390*r4^2 + 6192/3695*r4 - 798/739 : r4^2 : 
-304/3695*r4^8 + 14389/5912*r4^7 - 67765/5912*r4^6 + 706459/29560*r4^5 - 
936127/29560*r4^4 + 245947/7390*r4^3 - 90578/3695*r4^2 + 89297/7390*r4 - 
15204/3695 : -57/5912*r4^8 + 4917/14780*r4^7 - 20069/7390*r4^6 + 
125897/14780*r4^5 - 418079/29560*r4^4 + 22975/1478*r4^3 - 94829/7390*r4^2 + 
58563/7390*r4 - 7763/3695 : r4 : 1), (0 : 0 : -1007/14780*r5^8 + 
58113/29560*r5^7 - 239217/29560*r5^6 + 437271/29560*r5^5 - 549177/29560*r5^4 + 
74327/3695*r5^3 - 11755/739*r5^2 + 10081/1478*r5 - 14854/3695 : 999/29560*r5^8 -
28691/29560*r5^7 + 114709/29560*r5^6 - 197489/29560*r5^5 + 9637/1478*r5^4 - 
30989/7390*r5^3 + 8423/7390*r5^2 + 6192/3695*r5 - 798/739 : r5^2 : 
-304/3695*r5^8 + 14389/5912*r5^7 - 67765/5912*r5^6 + 706459/29560*r5^5 - 
936127/29560*r5^4 + 245947/7390*r5^3 - 90578/3695*r5^2 + 89297/7390*r5 - 
15204/3695 : -57/5912*r5^8 + 4917/14780*r5^7 - 20069/7390*r5^6 + 
125897/14780*r5^5 - 418079/29560*r5^4 + 22975/1478*r5^3 - 94829/7390*r5^2 + 
58563/7390*r5 - 7763/3695 : r5 : 1), (0 : 0 : -1007/14780*r6^8 + 
58113/29560*r6^7 - 239217/29560*r6^6 + 437271/29560*r6^5 - 549177/29560*r6^4 + 
74327/3695*r6^3 - 11755/739*r6^2 + 10081/1478*r6 - 14854/3695 : 999/29560*r6^8 -
28691/29560*r6^7 + 114709/29560*r6^6 - 197489/29560*r6^5 + 9637/1478*r6^4 - 
30989/7390*r6^3 + 8423/7390*r6^2 + 6192/3695*r6 - 798/739 : r6^2 : 
-304/3695*r6^8 + 14389/5912*r6^7 - 67765/5912*r6^6 + 706459/29560*r6^5 - 
936127/29560*r6^4 + 245947/7390*r6^3 - 90578/3695*r6^2 + 89297/7390*r6 - 
15204/3695 : -57/5912*r6^8 + 4917/14780*r6^7 - 20069/7390*r6^6 + 
125897/14780*r6^5 - 418079/29560*r6^4 + 22975/1478*r6^3 - 94829/7390*r6^2 + 
58563/7390*r6 - 7763/3695 : r6 : 1), (0 : 0 : -1007/14780*r7^8 + 
58113/29560*r7^7 - 239217/29560*r7^6 + 437271/29560*r7^5 - 549177/29560*r7^4 + 
74327/3695*r7^3 - 11755/739*r7^2 + 10081/1478*r7 - 14854/3695 : 999/29560*r7^8 -
28691/29560*r7^7 + 114709/29560*r7^6 - 197489/29560*r7^5 + 9637/1478*r7^4 - 
30989/7390*r7^3 + 8423/7390*r7^2 + 6192/3695*r7 - 798/739 : r7^2 : 
-304/3695*r7^8 + 14389/5912*r7^7 - 67765/5912*r7^6 + 706459/29560*r7^5 - 
936127/29560*r7^4 + 245947/7390*r7^3 - 90578/3695*r7^2 + 89297/7390*r7 - 
15204/3695 : -57/5912*r7^8 + 4917/14780*r7^7 - 20069/7390*r7^6 + 
125897/14780*r7^5 - 418079/29560*r7^4 + 22975/1478*r7^3 - 94829/7390*r7^2 + 
58563/7390*r7 - 7763/3695 : r7 : 1), (0 : 0 : -1007/14780*r8^8 + 
58113/29560*r8^7 - 239217/29560*r8^6 + 437271/29560*r8^5 - 549177/29560*r8^4 + 
74327/3695*r8^3 - 11755/739*r8^2 + 10081/1478*r8 - 14854/3695 : 999/29560*r8^8 -
28691/29560*r8^7 + 114709/29560*r8^6 - 197489/29560*r8^5 + 9637/1478*r8^4 - 
30989/7390*r8^3 + 8423/7390*r8^2 + 6192/3695*r8 - 798/739 : r8^2 : 
-304/3695*r8^8 + 14389/5912*r8^7 - 67765/5912*r8^6 + 706459/29560*r8^5 - 
936127/29560*r8^4 + 245947/7390*r8^3 - 90578/3695*r8^2 + 89297/7390*r8 - 
15204/3695 : -57/5912*r8^8 + 4917/14780*r8^7 - 20069/7390*r8^6 + 
125897/14780*r8^5 - 418079/29560*r8^4 + 22975/1478*r8^3 - 94829/7390*r8^2 + 
58563/7390*r8 - 7763/3695 : r8 : 1), (0 : 0 : -1007/14780*r9^8 + 
58113/29560*r9^7 - 239217/29560*r9^6 + 437271/29560*r9^5 - 549177/29560*r9^4 + 
74327/3695*r9^3 - 11755/739*r9^2 + 10081/1478*r9 - 14854/3695 : 999/29560*r9^8 -
28691/29560*r9^7 + 114709/29560*r9^6 - 197489/29560*r9^5 + 9637/1478*r9^4 - 
30989/7390*r9^3 + 8423/7390*r9^2 + 6192/3695*r9 - 798/739 : r9^2 : 
-304/3695*r9^8 + 14389/5912*r9^7 - 67765/5912*r9^6 + 706459/29560*r9^5 - 
936127/29560*r9^4 + 245947/7390*r9^3 - 90578/3695*r9^2 + 89297/7390*r9 - 
15204/3695 : -57/5912*r9^8 + 4917/14780*r9^7 - 20069/7390*r9^6 + 
125897/14780*r9^5 - 418079/29560*r9^4 + 22975/1478*r9^3 - 94829/7390*r9^2 + 
58563/7390*r9 - 7763/3695 : r9 : 1), (0 : 0 : 5/2*r10^2 + 1/2*r10 + 6 : -2*r10^2
- r10 - 2 : r10^2 : -1/2*r10^2 + 1/2*r10 - 2 : 1/2*r10^2 + 1/2*r10 - 1 : r10 : 
1), (0 : 0 : 5/2*r11^2 + 1/2*r11 + 6 : -2*r11^2 - r11 - 2 : r11^2 : -1/2*r11^2 +
1/2*r11 - 2 : 1/2*r11^2 + 1/2*r11 - 1 : r11 : 1), (0 : 0 : 5/2*r12^2 + 1/2*r12 +
6 : -2*r12^2 - r12 - 2 : r12^2 : -1/2*r12^2 + 1/2*r12 - 2 : 1/2*r12^2 + 1/2*r12 
- 1 : r12 : 1) @}
The degrees of these points are [] (or > 2).
Hence there are no quadratic points on X_0(107) not coming from pullbacks of 
rationals, except the points you forwarded: [].
done
Time: 54.420
