Genus of X_0(103) is: 8
Considering X_0(103)/w_103.
rk J_0(103)(Q) = rk J_0(103)(Q)/w_103 
Nice model for X_0(103) is: Curve over Rational Field defined by
x[1]^2 - x[3]^2 + 2*x[4]^2 + 6*x[4]*x[5] + 5*x[5]^2 - 2*x[5]*x[6] - 44*x[5]*x[8]
- 7*x[6]^2 - 14*x[6]*x[7] + 24*x[6]*x[8] + 23*x[7]^2 - 4*x[7]*x[8] + 43*x[8]^2,
x[1]*x[2] - x[3]*x[4] + 4*x[4]*x[5] + 4*x[5]^2 + x[5]*x[6] - 34*x[5]*x[8] - 
4*x[6]^2 - 8*x[6]*x[7] + 12*x[6]*x[8] + 10*x[7]^2 + 6*x[7]*x[8] + 27*x[8]^2,
x[1]*x[4] + 4*x[1]*x[8] - x[2]*x[3] - 2*x[2]*x[5] + 2*x[2]*x[6] - 4*x[2]*x[7] - 
x[2]*x[8],
x[1]*x[5] - 5*x[1]*x[8] - x[2]*x[4] - 2*x[2]*x[6] + 3*x[2]*x[7] + 3*x[2]*x[8],
x[1]*x[6] + x[1]*x[8] - x[2]*x[5],
x[1]*x[7] - 3*x[1]*x[8] - x[2]*x[6] + x[2]*x[7] + 2*x[2]*x[8],
x[2]^2 - x[4]^2 + 6*x[5]^2 + 2*x[5]*x[6] - 36*x[5]*x[8] - 7*x[6]^2 + 
10*x[6]*x[7] + 2*x[6]*x[8] + x[7]^2 + 22*x[7]*x[8] + 20*x[8]^2,
x[3]*x[5] - x[4]^2 + x[5]*x[6] + 3*x[5]*x[8] + 2*x[6]*x[7] - 3*x[6]*x[8] - 
x[7]^2 + 2*x[7]*x[8] - 3*x[8]^2,
x[3]*x[6] - x[4]*x[5] + 2*x[5]*x[6] - x[5]*x[8] - x[6]^2 + 3*x[6]*x[7] - 
2*x[6]*x[8] + 2*x[7]*x[8],
x[3]*x[7] - x[5]^2 + x[5]*x[6] + 3*x[5]*x[8] + x[6]*x[7] - 2*x[6]*x[8] + x[7]^2 
- 2*x[8]^2,
x[3]*x[8] - x[5]*x[8] - x[6]^2 + x[6]*x[7] + x[6]*x[8] + 2*x[7]*x[8] + x[8]^2,
x[4]*x[6] - x[5]^2 + 6*x[5]*x[8] + 2*x[6]^2 - 2*x[6]*x[7] - 2*x[6]*x[8] - x[7]^2
- 2*x[7]*x[8] - 4*x[8]^2,
x[4]*x[7] - x[5]*x[6] + 2*x[5]*x[8] + x[6]^2 - 2*x[6]*x[7] + x[6]*x[8] - 
3*x[7]*x[8],
x[4]*x[8] - x[5]*x[8] - x[6]*x[7] + x[6]*x[8] + x[7]^2 - x[7]*x[8] + x[8]^2,
x[5]*x[7] - 3*x[5]*x[8] - x[6]^2 + x[6]*x[7] + x[6]*x[8] + x[7]*x[8] + 2*x[8]^2

w_103 on X_0(103) is given by: Mapping from: Crv: XN to Crv: XN
with equations : 
x[1]
x[2]
-x[3]
-x[4]
-x[5]
-x[6]
-x[7]
-x[8]
and inverse
x[1]
x[2]
-x[3]
-x[4]
-x[5]
-x[6]
-x[7]
-x[8]
Genus of X_0(103) is 8
We have found these 2 cusps on X_0(103):
[
Place at (-1 : 0 : 1 : 0 : 0 : 0 : 0 : 0),
Place at (1 : 0 : 1 : 0 : 0 : 0 : 0 : 0)
]
We have found 3 points on X_0(103)^2(Q).
Computing torsion subgroup ...
The torsion is Abelian Group isomorphic to Z/17
Defined on 1 generator
Relations:
17*A.1 = 0
Genus of the quotient is 2.
Performing Mordell-Weil sieve ...
p = 3 (1/9): Getting deg 1 places on Xp ...
Getting deg 2 places on Xp ...
Combining them into divisors ...
There are 33 of them!
out of 17: The number of possible cosets unknown points can land in is 5.
p = 5 (2/9): Getting deg 1 places on Xp ...
Getting deg 2 places on Xp ...
Combining them into divisors ...
There are 52 of them!
out of 5: ....The number of possible cosets unknown points can land in is 3.
p = 7 (3/9): Getting deg 1 places on Xp ...
Getting deg 2 places on Xp ...
Combining them into divisors ...
There are 132 of them!
out of 3: ..The number of possible cosets unknown points can land in is 1.

For unknown Q in X_0(103)^2(Q) we have (1 - w_103)[Q - bp] is in a coset of 
Abelian Group of order 1 represented by an element of [
0
].
It follows that if there is an unknown Q in X_0(103)^2(Q), then (1 - w_103)[Q - 
bp] == 0.
This implies that [Q - bp] is fixed by w_103
Then Q ~ w_103(Q), which implies that Q = w_103(Q) because X_0(103) is not 
hyperelliptic.
Then either Q is a pullback, or it is fixed by w_103 pointwise.
If P = (X_i) is fixed by w_103,
then certain coordinates must be 0.
We find all such P by imposing these conditions and finding points on the 
scheme:
Scheme over Rational Field defined by
x[3]*x[6]*x[8] + 3/13*x[3]*x[7]^2 - 46/13*x[3]*x[7]*x[8] + 35/13*x[3]*x[8]^2 - 
42/13*x[4]*x[7]*x[8] - 36/13*x[4]*x[8]^2 + 98/13*x[5]*x[8]^2 + 1/13*x[6]*x[8]^2 
- 83/13*x[7]^2*x[8] + 29/13*x[7]*x[8]^2 - 76/13*x[8]^3,
x[3]*x[6]*x[8] - 7/4*x[3]*x[7]*x[8] + 2*x[3]*x[8]^2 - 3/8*x[4]*x[7]^2 - 
3/8*x[4]*x[7]*x[8] - 21/8*x[4]*x[8]^2 + 5*x[5]*x[8]^2 + 1/4*x[6]*x[8]^2 - 
7/2*x[7]^2*x[8] + 1/2*x[7]*x[8]^2 - 17/8*x[8]^3,
x[3]*x[6]*x[8] - 11/5*x[3]*x[7]*x[8] + 16/5*x[3]*x[8]^2 - 12/5*x[4]*x[7]*x[8] - 
3*x[4]*x[8]^2 + 8*x[5]*x[8]^2 - 1/5*x[6]*x[8]^2 - 3/5*x[7]^3 - 22/5*x[7]^2*x[8] 
+ 2*x[7]*x[8]^2 - 23/5*x[8]^3,
x[1]^2,
x[1]*x[2],
x[2]^2,
x[1]*x[3],
x[2]*x[3],
x[3]^2 - 6*x[3]*x[6] - 17*x[3]*x[7] - 4*x[3]*x[8] - 31*x[4]*x[7] + 17*x[4]*x[8] 
- 4*x[5]*x[8] - 25*x[7]^2 + 16*x[7]*x[8] - 36*x[8]^2,
x[1]*x[4],
x[2]*x[4],
x[3]*x[4] - 4*x[3]*x[6] - 4*x[3]*x[7] - 5*x[3]*x[8] - 13*x[4]*x[7] + 
13*x[4]*x[8] - 8*x[5]*x[8] - x[6]*x[8] - x[7]^2 + 2*x[7]*x[8] - 11*x[8]^2,
x[3]*x[7] + 1/6*x[3]*x[8] - 1/6*x[4]^2 + 4/3*x[4]*x[7] + 1/6*x[4]*x[8] - 
2/3*x[5]*x[8] + 4/3*x[7]^2 - 1/6*x[7]*x[8] + 5/3*x[8]^2,
x[1]*x[5],
x[2]*x[5],
x[3]*x[5] - 6*x[3]*x[7] - 7*x[4]*x[7] + 7*x[5]*x[8] - 8*x[7]^2 + x[7]*x[8] - 
11*x[8]^2,
x[3]*x[6] + x[3]*x[8] - x[4]*x[5] + 2*x[4]*x[7] + 2*x[5]*x[8] + x[6]*x[8] - 
2*x[7]*x[8] + x[8]^2,
x[3]*x[7] + x[3]*x[8] + x[4]*x[7] - x[5]^2 + 4*x[5]*x[8] + x[7]^2 - x[7]*x[8] - 
x[8]^2,
x[1]*x[6],
x[2]*x[6],
x[3]*x[7] - x[3]*x[8] - x[4]*x[6] + x[4]*x[7] + 2*x[7]^2 - 3*x[7]*x[8] + x[8]^2,
x[3]*x[8] + x[4]*x[7] - x[4]*x[8] - x[5]*x[6] + 2*x[5]*x[8] + x[6]*x[8] - 
x[7]^2,
x[3]*x[8] + x[4]*x[8] - 2*x[5]*x[8] - x[6]^2 + 2*x[6]*x[8] + x[7]^2 + x[7]*x[8] 
+ 2*x[8]^2,
x[1]*x[7],
x[2]*x[7],
x[3]*x[8] - x[5]*x[7] + 2*x[5]*x[8] + x[7]*x[8] - x[8]^2,
x[4]*x[8] - x[5]*x[8] - x[6]*x[7] + x[6]*x[8] + x[7]^2 - x[7]*x[8] + x[8]^2,
x[1]*x[8],
x[2]*x[8]

All such P are:
{@ (0 : 0 : -1/9*r1^4 + 2/9*r1^3 + 13/9*r1^2 + 8/9*r1 - 22/9 : -34/99*r1^4 - 
13/99*r1^3 + 235/99*r1^2 + 82/9*r1 - 28/99 : 5/99*r1^4 - 1/99*r1^3 - 20/99*r1^2 
- 2/9*r1 + 173/99 : 38/99*r1^4 - 1/99*r1^3 - 317/99*r1^2 - 83/9*r1 + 140/99 : r1
: 1), (0 : 0 : -1/9*r2^4 + 2/9*r2^3 + 13/9*r2^2 + 8/9*r2 - 22/9 : -34/99*r2^4 - 
13/99*r2^3 + 235/99*r2^2 + 82/9*r2 - 28/99 : 5/99*r2^4 - 1/99*r2^3 - 20/99*r2^2 
- 2/9*r2 + 173/99 : 38/99*r2^4 - 1/99*r2^3 - 317/99*r2^2 - 83/9*r2 + 140/99 : r2
: 1), (0 : 0 : -1/9*r3^4 + 2/9*r3^3 + 13/9*r3^2 + 8/9*r3 - 22/9 : -34/99*r3^4 - 
13/99*r3^3 + 235/99*r3^2 + 82/9*r3 - 28/99 : 5/99*r3^4 - 1/99*r3^3 - 20/99*r3^2 
- 2/9*r3 + 173/99 : 38/99*r3^4 - 1/99*r3^3 - 317/99*r3^2 - 83/9*r3 + 140/99 : r3
: 1), (0 : 0 : -1/9*r4^4 + 2/9*r4^3 + 13/9*r4^2 + 8/9*r4 - 22/9 : -34/99*r4^4 - 
13/99*r4^3 + 235/99*r4^2 + 82/9*r4 - 28/99 : 5/99*r4^4 - 1/99*r4^3 - 20/99*r4^2 
- 2/9*r4 + 173/99 : 38/99*r4^4 - 1/99*r4^3 - 317/99*r4^2 - 83/9*r4 + 140/99 : r4
: 1), (0 : 0 : -1/9*r5^4 + 2/9*r5^3 + 13/9*r5^2 + 8/9*r5 - 22/9 : -34/99*r5^4 - 
13/99*r5^3 + 235/99*r5^2 + 82/9*r5 - 28/99 : 5/99*r5^4 - 1/99*r5^3 - 20/99*r5^2 
- 2/9*r5 + 173/99 : 38/99*r5^4 - 1/99*r5^3 - 317/99*r5^2 - 83/9*r5 + 140/99 : r5
: 1), (0 : 0 : -21/5*r6^4 + 218/5*r6^3 - 479/5*r6^2 + 428/5*r6 - 138/5 : 6*r6^4 
- 299/5*r6^3 + 649/5*r6^2 - 578/5*r6 + 176/5 : 3*r6^4 - 151/5*r6^3 + 336/5*r6^2 
- 302/5*r6 + 99/5 : -42/5*r6^4 + 421/5*r6^3 - 903/5*r6^2 + 801/5*r6 - 236/5 : r6
: 1), (0 : 0 : -21/5*r7^4 + 218/5*r7^3 - 479/5*r7^2 + 428/5*r7 - 138/5 : 6*r7^4 
- 299/5*r7^3 + 649/5*r7^2 - 578/5*r7 + 176/5 : 3*r7^4 - 151/5*r7^3 + 336/5*r7^2 
- 302/5*r7 + 99/5 : -42/5*r7^4 + 421/5*r7^3 - 903/5*r7^2 + 801/5*r7 - 236/5 : r7
: 1), (0 : 0 : -21/5*r8^4 + 218/5*r8^3 - 479/5*r8^2 + 428/5*r8 - 138/5 : 6*r8^4 
- 299/5*r8^3 + 649/5*r8^2 - 578/5*r8 + 176/5 : 3*r8^4 - 151/5*r8^3 + 336/5*r8^2 
- 302/5*r8 + 99/5 : -42/5*r8^4 + 421/5*r8^3 - 903/5*r8^2 + 801/5*r8 - 236/5 : r8
: 1), (0 : 0 : -21/5*r9^4 + 218/5*r9^3 - 479/5*r9^2 + 428/5*r9 - 138/5 : 6*r9^4 
- 299/5*r9^3 + 649/5*r9^2 - 578/5*r9 + 176/5 : 3*r9^4 - 151/5*r9^3 + 336/5*r9^2 
- 302/5*r9 + 99/5 : -42/5*r9^4 + 421/5*r9^3 - 903/5*r9^2 + 801/5*r9 - 236/5 : r9
: 1), (0 : 0 : -21/5*r10^4 + 218/5*r10^3 - 479/5*r10^2 + 428/5*r10 - 138/5 : 
6*r10^4 - 299/5*r10^3 + 649/5*r10^2 - 578/5*r10 + 176/5 : 3*r10^4 - 151/5*r10^3 
+ 336/5*r10^2 - 302/5*r10 + 99/5 : -42/5*r10^4 + 421/5*r10^3 - 903/5*r10^2 + 
801/5*r10 - 236/5 : r10 : 1) @}
The degrees of these points are [] (or > 2).
Hence there are no quadratic points on X_0(103) not coming from pullbacks of 
rationals, except the points you forwarded: [].
done
Time: 118.130
