Genus of X_0(113) is: 9
Considering X_0(113)/w_113.
rk J_0(113)(Q) = rk J_0(113)(Q)/w_113 
Nice model for X_0(113) is: Curve over Rational Field defined by
x[1]^2 - x[4]^2 + 6*x[5]*x[6] + 10*x[6]^2 + 4*x[6]*x[7] - 20*x[6]*x[8] - 
2*x[6]*x[9] + 19*x[7]^2 - 20*x[7]*x[8] - 14*x[7]*x[9] + 13*x[8]^2 + 12*x[8]*x[9]
- x[9]^2,
x[1]*x[2] - x[4]*x[5] + 2*x[5]*x[6] + 5*x[6]^2 + 7*x[6]*x[7] - 7*x[6]*x[8] - 
11*x[6]*x[9] + 4*x[7]^2 - 7*x[7]*x[8] - 5*x[7]*x[9] + 6*x[8]^2 + 8*x[8]*x[9] + 
x[9]^2,
x[1]*x[3] - x[5]^2 + x[5]*x[6] + 2*x[6]^2 + 3*x[6]*x[7] - 9*x[6]*x[8] - 
3*x[6]*x[9] + 11*x[7]^2 - 14*x[7]*x[8] - 16*x[7]*x[9] + 7*x[8]^2 + 11*x[8]*x[9] 
+ 5*x[9]^2,
x[1]*x[5] - x[2]*x[4] - 2*x[2]*x[8] - 2*x[2]*x[9] - 2*x[3]*x[5] - x[3]*x[6] - 
x[3]*x[8] + 2*x[3]*x[9],
x[1]*x[6] - x[2]*x[8] - x[3]*x[4] - x[3]*x[5] - 3*x[3]*x[6] - x[3]*x[8],
x[1]*x[7] - x[2]*x[8] - x[3]*x[5] - x[3]*x[6] - x[3]*x[7] - x[3]*x[8] + 
2*x[3]*x[9],
x[1]*x[8] - x[2]*x[8] - x[3]*x[6] + x[3]*x[7] - 2*x[3]*x[8] + x[3]*x[9],
x[1]*x[9] - x[3]*x[8] - x[3]*x[9],
x[2]^2 - x[5]^2 + 4*x[6]^2 + 4*x[6]*x[7] - 12*x[6]*x[9] + 2*x[7]*x[8] - 
2*x[7]*x[9] + 2*x[8]^2 - 4*x[8]*x[9] + 9*x[9]^2,
x[2]*x[3] - x[5]*x[6] + x[6]^2 + 4*x[6]*x[7] - 4*x[6]*x[8] - 4*x[6]*x[9] + 
3*x[7]^2 - 3*x[7]*x[8] - 7*x[7]*x[9] + 7*x[8]*x[9] + 4*x[9]^2,
x[2]*x[5] - x[2]*x[8] - x[3]*x[4] - x[3]*x[5] - x[3]*x[6] - x[3]*x[9],
x[2]*x[6] - x[2]*x[8] - x[3]*x[5] - x[3]*x[6] + 2*x[3]*x[9],
x[2]*x[7] - x[2]*x[8] - x[2]*x[9] - x[3]*x[6] + x[3]*x[9],
x[3]^2 - x[6]^2 + 2*x[6]*x[7] - 4*x[6]*x[8] - 2*x[6]*x[9] + 7*x[7]^2 - 
8*x[7]*x[8] - 14*x[7]*x[9] + 4*x[8]^2 + 8*x[8]*x[9] + 7*x[9]^2,
x[4]*x[6] - x[5]^2 + x[6]*x[7] + 2*x[6]*x[9] + 2*x[7]*x[8] - 2*x[7]*x[9] - 
x[8]^2 - x[8]*x[9] + 2*x[9]^2,
x[4]*x[7] - x[5]*x[6] + x[6]*x[7] - x[6]*x[8] + x[6]*x[9] + 2*x[7]*x[8] + 
2*x[7]*x[9] - x[8]*x[9],
x[4]*x[8] - x[6]^2 + x[6]*x[7] + x[6]*x[9] + x[8]^2 + 2*x[8]*x[9],
x[4]*x[9] - x[6]*x[8] + x[6]*x[9] + x[7]*x[8] + 2*x[9]^2,
x[5]*x[7] - x[6]^2 + x[6]*x[9] + x[7]^2 - 2*x[7]*x[8] - x[7]*x[9] + x[8]^2 + 
x[8]*x[9],
x[5]*x[8] - x[6]*x[7] + x[6]*x[9] + x[7]^2 - x[7]*x[8] - x[9]^2,
x[5]*x[9] - x[7]*x[8] + x[7]*x[9] + x[8]^2 - x[9]^2

w_113 on X_0(113) is given by: Mapping from: Crv: XN to Crv: XN
with equations : 
x[1]
x[2]
x[3]
-x[4]
-x[5]
-x[6]
-x[7]
-x[8]
-x[9]
and inverse
x[1]
x[2]
x[3]
-x[4]
-x[5]
-x[6]
-x[7]
-x[8]
-x[9]
Genus of X_0(113) is 9
We have found these 2 cusps on X_0(113):
[
Place at (-1 : 0 : 0 : 1 : 0 : 0 : 0 : 0 : 0),
Place at (1 : 0 : 0 : 1 : 0 : 0 : 0 : 0 : 0)
]
We have found 3 points on X_0(113)^2(Q).
Computing torsion subgroup ...
The torsion is Abelian Group isomorphic to Z/28
Defined on 1 generator
Relations:
28*A.1 = 0
Genus of the quotient is 3.
Performing Mordell-Weil sieve ...
p = 3 (1/9): Getting deg 1 places on Xp ...
Getting deg 2 places on Xp ...
Combining them into divisors ...
There are 33 of them!
out of 14: The number of possible cosets unknown points can land in is 3.
p = 5 (2/9): Getting deg 1 places on Xp ...
Getting deg 2 places on Xp ...
Combining them into divisors ...
There are 65 of them!
out of 3: ....The number of possible cosets unknown points can land in is 1.

For unknown Q in X_0(113)^2(Q) we have (1 - w_113)[Q - bp] is in a coset of 
Abelian Group of order 1 represented by an element of [
0
].
It follows that if there is an unknown Q in X_0(113)^2(Q), then (1 - w_113)[Q - 
bp] == 0.
This implies that [Q - bp] is fixed by w_113
Then Q ~ w_113(Q), which implies that Q = w_113(Q) because X_0(113) is not 
hyperelliptic.
Then either Q is a pullback, or it is fixed by w_113 pointwise.
If P = (X_i) is fixed by w_113,
then certain coordinates must be 0.
We find all such P by imposing these conditions and finding points on the 
scheme:
Scheme over Rational Field defined by
x[4]*x[9]^2 - 11/123*x[5]*x[8]^2 + 18/41*x[5]*x[8]*x[9] + 64/41*x[5]*x[9]^2 - 
71/123*x[6]*x[9]^2 + 122/123*x[7]*x[9]^2 + 227/123*x[8]^2*x[9] - 
155/123*x[8]*x[9]^2 + 292/123*x[9]^3,
x[4]*x[9]^2 - 1/13*x[5]*x[8]*x[9] + 16/13*x[5]*x[9]^2 + 6/13*x[6]*x[9]^2 + 
23/13*x[7]*x[9]^2 - 11/13*x[8]^3 + 29/13*x[8]^2*x[9] - 23/13*x[8]*x[9]^2 + 
17/13*x[9]^3,
x[1]^2,
x[1]*x[2],
x[2]^2,
x[1]*x[3],
x[2]*x[3],
x[3]^2,
x[1]*x[4],
x[2]*x[4],
x[3]*x[4],
x[4]^2 - 1017/8*x[4]*x[9] - 271/8*x[5]*x[8] - 1717/8*x[5]*x[9] + 639/8*x[6]*x[9]
- 235/2*x[7]*x[9] - 531/2*x[8]^2 + 735/4*x[8]*x[9] - 2589/8*x[9]^2,
x[1]*x[5],
x[2]*x[5],
x[3]*x[5],
x[4]*x[5] - 56*x[4]*x[9] - 18*x[5]*x[8] - 90*x[5]*x[9] + 36*x[6]*x[9] - 
50*x[7]*x[9] - 113*x[8]^2 + 76*x[8]*x[9] - 139*x[9]^2,
x[4]*x[9] - 1/29*x[5]^2 + 7/29*x[5]*x[8] + 47/29*x[5]*x[9] - 19/29*x[6]*x[9] + 
24/29*x[7]*x[9] + 60/29*x[8]^2 - 42/29*x[8]*x[9] + 76/29*x[9]^2,
x[1]*x[6],
x[2]*x[6],
x[3]*x[6],
x[4]*x[6] - 223/8*x[4]*x[9] - 49/8*x[5]*x[8] - 347/8*x[5]*x[9] + 177/8*x[6]*x[9]
- 43/2*x[7]*x[9] - 115/2*x[8]^2 + 157/4*x[8]*x[9] - 603/8*x[9]^2,
x[4]*x[9] - 1/10*x[5]*x[6] + 2/5*x[5]*x[8] + 17/10*x[5]*x[9] - 3/5*x[6]*x[9] + 
x[7]*x[9] + 19/10*x[8]^2 - 13/10*x[8]*x[9] + 12/5*x[9]^2,
x[4]*x[9] + 1/7*x[5]*x[8] + 11/7*x[5]*x[9] - 8/49*x[6]^2 - 23/49*x[6]*x[9] + 
4/7*x[7]*x[9] + 100/49*x[8]^2 - 62/49*x[8]*x[9] + 19/7*x[9]^2,
x[1]*x[7],
x[2]*x[7],
x[3]*x[7],
x[4]*x[7] - 79/8*x[4]*x[9] - 25/8*x[5]*x[8] - 115/8*x[5]*x[9] + 57/8*x[6]*x[9] -
9/2*x[7]*x[9] - 33/2*x[8]^2 + 41/4*x[8]*x[9] - 211/8*x[9]^2,
x[4]*x[9] - 1/5*x[5]*x[7] + 1/5*x[5]*x[8] + 9/5*x[5]*x[9] - 4/5*x[6]*x[9] + 
3/5*x[7]*x[9] + 11/5*x[8]^2 - 7/5*x[8]*x[9] + 14/5*x[9]^2,
x[4]*x[9] + 7/9*x[5]*x[8] + 13/9*x[5]*x[9] - 8/9*x[6]*x[7] + x[6]*x[9] + 
20/9*x[7]*x[9] + 4/3*x[8]^2 - 14/9*x[8]*x[9] + 5/9*x[9]^2,
x[4]*x[9] - 1/9*x[5]*x[8] + 7/3*x[5]*x[9] + 1/9*x[6]*x[9] - 8/9*x[7]^2 + 
28/9*x[7]*x[9] + 20/9*x[8]^2 - 14/9*x[8]*x[9] + 5/9*x[9]^2,
x[1]*x[8],
x[2]*x[8],
x[3]*x[8],
x[4]*x[8] - 5*x[4]*x[9] - 8*x[5]*x[9] + 5*x[6]*x[9] - x[7]*x[9] - 10*x[8]^2 + 
8*x[8]*x[9] - 16*x[9]^2,
x[4]*x[9] + x[5]*x[9] - x[6]*x[8] + x[6]*x[9] + x[7]*x[9] + x[8]^2 + x[9]^2,
x[5]*x[9] - x[7]*x[8] + x[7]*x[9] + x[8]^2 - x[9]^2,
x[1]*x[9],
x[2]*x[9],
x[3]*x[9]

All such P are:
{@ (0 : 0 : 0 : -664983/63827440*r1^7 - 64071/63827440*r1^6 + 
16725013/12765488*r1^5 - 183420077/63827440*r1^4 + 173808179/63827440*r1^3 - 
279207049/63827440*r1^2 + 13587119/3191372*r1 - 68174511/15956860 : 
1318691/27924505*r1^7 - 16375003/27924505*r1^6 + 6817743/5584901*r1^5 - 
16256956/27924505*r1^4 + 8153662/27924505*r1^3 - 43820522/27924505*r1^2 + 
4629514/5584901*r1 + 1916379/3989215 : 5528127/63827440*r1^7 - 
75416033/63827440*r1^6 + 226687119/63827440*r1^5 - 253840843/63827440*r1^4 + 
49620289/12765488*r1^3 - 339194527/63827440*r1^2 + 70312009/15956860*r1 - 
1212337/15956860 : -4037891/89358416*r1^7 + 294574401/446792080*r1^6 - 
1053985407/446792080*r1^5 + 1286460123/446792080*r1^4 - 941205333/446792080*r1^3
+ 1545913279/446792080*r1^2 - 330051077/111698020*r1 + 21139179/15956860 : r1 : 
1), (0 : 0 : 0 : -664983/63827440*r2^7 - 64071/63827440*r2^6 + 
16725013/12765488*r2^5 - 183420077/63827440*r2^4 + 173808179/63827440*r2^3 - 
279207049/63827440*r2^2 + 13587119/3191372*r2 - 68174511/15956860 : 
1318691/27924505*r2^7 - 16375003/27924505*r2^6 + 6817743/5584901*r2^5 - 
16256956/27924505*r2^4 + 8153662/27924505*r2^3 - 43820522/27924505*r2^2 + 
4629514/5584901*r2 + 1916379/3989215 : 5528127/63827440*r2^7 - 
75416033/63827440*r2^6 + 226687119/63827440*r2^5 - 253840843/63827440*r2^4 + 
49620289/12765488*r2^3 - 339194527/63827440*r2^2 + 70312009/15956860*r2 - 
1212337/15956860 : -4037891/89358416*r2^7 + 294574401/446792080*r2^6 - 
1053985407/446792080*r2^5 + 1286460123/446792080*r2^4 - 941205333/446792080*r2^3
+ 1545913279/446792080*r2^2 - 330051077/111698020*r2 + 21139179/15956860 : r2 : 
1), (0 : 0 : 0 : -664983/63827440*r3^7 - 64071/63827440*r3^6 + 
16725013/12765488*r3^5 - 183420077/63827440*r3^4 + 173808179/63827440*r3^3 - 
279207049/63827440*r3^2 + 13587119/3191372*r3 - 68174511/15956860 : 
1318691/27924505*r3^7 - 16375003/27924505*r3^6 + 6817743/5584901*r3^5 - 
16256956/27924505*r3^4 + 8153662/27924505*r3^3 - 43820522/27924505*r3^2 + 
4629514/5584901*r3 + 1916379/3989215 : 5528127/63827440*r3^7 - 
75416033/63827440*r3^6 + 226687119/63827440*r3^5 - 253840843/63827440*r3^4 + 
49620289/12765488*r3^3 - 339194527/63827440*r3^2 + 70312009/15956860*r3 - 
1212337/15956860 : -4037891/89358416*r3^7 + 294574401/446792080*r3^6 - 
1053985407/446792080*r3^5 + 1286460123/446792080*r3^4 - 941205333/446792080*r3^3
+ 1545913279/446792080*r3^2 - 330051077/111698020*r3 + 21139179/15956860 : r3 : 
1), (0 : 0 : 0 : -664983/63827440*r4^7 - 64071/63827440*r4^6 + 
16725013/12765488*r4^5 - 183420077/63827440*r4^4 + 173808179/63827440*r4^3 - 
279207049/63827440*r4^2 + 13587119/3191372*r4 - 68174511/15956860 : 
1318691/27924505*r4^7 - 16375003/27924505*r4^6 + 6817743/5584901*r4^5 - 
16256956/27924505*r4^4 + 8153662/27924505*r4^3 - 43820522/27924505*r4^2 + 
4629514/5584901*r4 + 1916379/3989215 : 5528127/63827440*r4^7 - 
75416033/63827440*r4^6 + 226687119/63827440*r4^5 - 253840843/63827440*r4^4 + 
49620289/12765488*r4^3 - 339194527/63827440*r4^2 + 70312009/15956860*r4 - 
1212337/15956860 : -4037891/89358416*r4^7 + 294574401/446792080*r4^6 - 
1053985407/446792080*r4^5 + 1286460123/446792080*r4^4 - 941205333/446792080*r4^3
+ 1545913279/446792080*r4^2 - 330051077/111698020*r4 + 21139179/15956860 : r4 : 
1), (0 : 0 : 0 : -664983/63827440*r5^7 - 64071/63827440*r5^6 + 
16725013/12765488*r5^5 - 183420077/63827440*r5^4 + 173808179/63827440*r5^3 - 
279207049/63827440*r5^2 + 13587119/3191372*r5 - 68174511/15956860 : 
1318691/27924505*r5^7 - 16375003/27924505*r5^6 + 6817743/5584901*r5^5 - 
16256956/27924505*r5^4 + 8153662/27924505*r5^3 - 43820522/27924505*r5^2 + 
4629514/5584901*r5 + 1916379/3989215 : 5528127/63827440*r5^7 - 
75416033/63827440*r5^6 + 226687119/63827440*r5^5 - 253840843/63827440*r5^4 + 
49620289/12765488*r5^3 - 339194527/63827440*r5^2 + 70312009/15956860*r5 - 
1212337/15956860 : -4037891/89358416*r5^7 + 294574401/446792080*r5^6 - 
1053985407/446792080*r5^5 + 1286460123/446792080*r5^4 - 941205333/446792080*r5^3
+ 1545913279/446792080*r5^2 - 330051077/111698020*r5 + 21139179/15956860 : r5 : 
1), (0 : 0 : 0 : -664983/63827440*r6^7 - 64071/63827440*r6^6 + 
16725013/12765488*r6^5 - 183420077/63827440*r6^4 + 173808179/63827440*r6^3 - 
279207049/63827440*r6^2 + 13587119/3191372*r6 - 68174511/15956860 : 
1318691/27924505*r6^7 - 16375003/27924505*r6^6 + 6817743/5584901*r6^5 - 
16256956/27924505*r6^4 + 8153662/27924505*r6^3 - 43820522/27924505*r6^2 + 
4629514/5584901*r6 + 1916379/3989215 : 5528127/63827440*r6^7 - 
75416033/63827440*r6^6 + 226687119/63827440*r6^5 - 253840843/63827440*r6^4 + 
49620289/12765488*r6^3 - 339194527/63827440*r6^2 + 70312009/15956860*r6 - 
1212337/15956860 : -4037891/89358416*r6^7 + 294574401/446792080*r6^6 - 
1053985407/446792080*r6^5 + 1286460123/446792080*r6^4 - 941205333/446792080*r6^3
+ 1545913279/446792080*r6^2 - 330051077/111698020*r6 + 21139179/15956860 : r6 : 
1), (0 : 0 : 0 : -664983/63827440*r7^7 - 64071/63827440*r7^6 + 
16725013/12765488*r7^5 - 183420077/63827440*r7^4 + 173808179/63827440*r7^3 - 
279207049/63827440*r7^2 + 13587119/3191372*r7 - 68174511/15956860 : 
1318691/27924505*r7^7 - 16375003/27924505*r7^6 + 6817743/5584901*r7^5 - 
16256956/27924505*r7^4 + 8153662/27924505*r7^3 - 43820522/27924505*r7^2 + 
4629514/5584901*r7 + 1916379/3989215 : 5528127/63827440*r7^7 - 
75416033/63827440*r7^6 + 226687119/63827440*r7^5 - 253840843/63827440*r7^4 + 
49620289/12765488*r7^3 - 339194527/63827440*r7^2 + 70312009/15956860*r7 - 
1212337/15956860 : -4037891/89358416*r7^7 + 294574401/446792080*r7^6 - 
1053985407/446792080*r7^5 + 1286460123/446792080*r7^4 - 941205333/446792080*r7^3
+ 1545913279/446792080*r7^2 - 330051077/111698020*r7 + 21139179/15956860 : r7 : 
1), (0 : 0 : 0 : -664983/63827440*r8^7 - 64071/63827440*r8^6 + 
16725013/12765488*r8^5 - 183420077/63827440*r8^4 + 173808179/63827440*r8^3 - 
279207049/63827440*r8^2 + 13587119/3191372*r8 - 68174511/15956860 : 
1318691/27924505*r8^7 - 16375003/27924505*r8^6 + 6817743/5584901*r8^5 - 
16256956/27924505*r8^4 + 8153662/27924505*r8^3 - 43820522/27924505*r8^2 + 
4629514/5584901*r8 + 1916379/3989215 : 5528127/63827440*r8^7 - 
75416033/63827440*r8^6 + 226687119/63827440*r8^5 - 253840843/63827440*r8^4 + 
49620289/12765488*r8^3 - 339194527/63827440*r8^2 + 70312009/15956860*r8 - 
1212337/15956860 : -4037891/89358416*r8^7 + 294574401/446792080*r8^6 - 
1053985407/446792080*r8^5 + 1286460123/446792080*r8^4 - 941205333/446792080*r8^3
+ 1545913279/446792080*r8^2 - 330051077/111698020*r8 + 21139179/15956860 : r8 : 
1) @}
The degrees of these points are [] (or > 2).
Hence there are no quadratic points on X_0(113) not coming from pullbacks of 
rationals, except the points you forwarded: [].
done
Time: 71.690
